[DEBUG] 2020-02-22 22:19:00.110 [main] IntegratorServiceImpl - Adding Integrator [org.hibernate.cfg.beanvalidation.BeanValidationIntegrator].
[DEBUG] 2020-02-22 22:19:00.124 [main] IntegratorServiceImpl - Adding Integrator [org.hibernate.secure.spi.JaccIntegrator].
[DEBUG] 2020-02-22 22:19:00.128 [main] IntegratorServiceImpl - Adding Integrator [org.hibernate.cache.internal.CollectionCacheInvalidator].
[INFO ] 2020-02-22 22:19:00.242 [main] Version - HHH000412: Hibernate Core {5.4.4.Final}
[DEBUG] 2020-02-22 22:19:00.246 [main] Environment - HHH000206: hibernate.properties not found
[DEBUG] 2020-02-22 22:19:00.525 [main] LocalXmlResourceResolver - Interpreting public/system identifier : [-//Hibernate/Hibernate Configuration DTD//EN] - [http://www.hibernate.org/dtd/hibernate-configuration-3.0.dtd]
[DEBUG] 2020-02-22 22:19:00.529 [main] LocalXmlResourceResolver - Recognized hibernate-configuration identifier; attempting to resolve on classpath under org/hibernate/
[DEBUG] 2020-02-22 22:19:00.540 [main] JaxbCfgProcessor - cfg.xml document did not define namespaces; wrapping in custom event reader to introduce namespace information
[DEBUG] 2020-02-22 22:19:00.853 [main] ServiceBinding - Overriding existing service binding [org.hibernate.secure.spi.JaccService]
[DEBUG] 2020-02-22 22:19:00.873 [main] RegionFactoryInitiator - Cannot default RegionFactory based on registered strategies as `[]` RegionFactory strategies were registered
[DEBUG] 2020-02-22 22:19:00.874 [main] RegionFactoryInitiator - Cache region factory : org.hibernate.cache.internal.NoCachingRegionFactory
[INFO ] 2020-02-22 22:19:00.889 [main] Version - HCANN000001: Hibernate Commons Annotations {5.1.0.Final}
[DEBUG] 2020-02-22 22:19:00.917 [main] BasicTypeRegistry - Adding type registration boolean -> org.hibernate.type.BooleanType@58f174d9
[DEBUG] 2020-02-22 22:19:00.918 [main] BasicTypeRegistry - Adding type registration boolean -> org.hibernate.type.BooleanType@58f174d9
[DEBUG] 2020-02-22 22:19:00.918 [main] BasicTypeRegistry - Adding type registration java.lang.Boolean -> org.hibernate.type.BooleanType@58f174d9
[DEBUG] 2020-02-22 22:19:00.918 [main] BasicTypeRegistry - Adding type registration numeric_boolean -> org.hibernate.type.NumericBooleanType@4d6f623d
[DEBUG] 2020-02-22 22:19:00.919 [main] BasicTypeRegistry - Adding type registration true_false -> org.hibernate.type.TrueFalseType@7a26928a
[DEBUG] 2020-02-22 22:19:00.919 [main] BasicTypeRegistry - Adding type registration yes_no -> org.hibernate.type.YesNoType@d0ec63
[DEBUG] 2020-02-22 22:19:00.920 [main] BasicTypeRegistry - Adding type registration byte -> org.hibernate.type.ByteType@7ff2b8d2
[DEBUG] 2020-02-22 22:19:00.921 [main] BasicTypeRegistry - Adding type registration byte -> org.hibernate.type.ByteType@7ff2b8d2
[DEBUG] 2020-02-22 22:19:00.921 [main] BasicTypeRegistry - Adding type registration java.lang.Byte -> org.hibernate.type.ByteType@7ff2b8d2
[DEBUG] 2020-02-22 22:19:00.922 [main] BasicTypeRegistry - Adding type registration character -> org.hibernate.type.CharacterType@5b6e8f77
[DEBUG] 2020-02-22 22:19:00.922 [main] BasicTypeRegistry - Adding type registration char -> org.hibernate.type.CharacterType@5b6e8f77
[DEBUG] 2020-02-22 22:19:00.922 [main] BasicTypeRegistry - Adding type registration java.lang.Character -> org.hibernate.type.CharacterType@5b6e8f77
[DEBUG] 2020-02-22 22:19:00.923 [main] BasicTypeRegistry - Adding type registration short -> org.hibernate.type.ShortType@27e32fe4
[DEBUG] 2020-02-22 22:19:00.923 [main] BasicTypeRegistry - Adding type registration short -> org.hibernate.type.ShortType@27e32fe4
[DEBUG] 2020-02-22 22:19:00.923 [main] BasicTypeRegistry - Adding type registration java.lang.Short -> org.hibernate.type.ShortType@27e32fe4
[DEBUG] 2020-02-22 22:19:00.924 [main] BasicTypeRegistry - Adding type registration integer -> org.hibernate.type.IntegerType@3044e9c7
[DEBUG] 2020-02-22 22:19:00.924 [main] BasicTypeRegistry - Adding type registration int -> org.hibernate.type.IntegerType@3044e9c7
[DEBUG] 2020-02-22 22:19:00.924 [main] BasicTypeRegistry - Adding type registration java.lang.Integer -> org.hibernate.type.IntegerType@3044e9c7
[DEBUG] 2020-02-22 22:19:00.925 [main] BasicTypeRegistry - Adding type registration long -> org.hibernate.type.LongType@28952dea
[DEBUG] 2020-02-22 22:19:00.926 [main] BasicTypeRegistry - Adding type registration long -> org.hibernate.type.LongType@28952dea
[DEBUG] 2020-02-22 22:19:00.926 [main] BasicTypeRegistry - Adding type registration java.lang.Long -> org.hibernate.type.LongType@28952dea
[DEBUG] 2020-02-22 22:19:00.927 [main] BasicTypeRegistry - Adding type registration float -> org.hibernate.type.FloatType@70807224
[DEBUG] 2020-02-22 22:19:00.927 [main] BasicTypeRegistry - Adding type registration float -> org.hibernate.type.FloatType@70807224
[DEBUG] 2020-02-22 22:19:00.927 [main] BasicTypeRegistry - Adding type registration java.lang.Float -> org.hibernate.type.FloatType@70807224
[DEBUG] 2020-02-22 22:19:00.928 [main] BasicTypeRegistry - Adding type registration double -> org.hibernate.type.DoubleType@2caf6912
[DEBUG] 2020-02-22 22:19:00.928 [main] BasicTypeRegistry - Adding type registration double -> org.hibernate.type.DoubleType@2caf6912
[DEBUG] 2020-02-22 22:19:00.928 [main] BasicTypeRegistry - Adding type registration java.lang.Double -> org.hibernate.type.DoubleType@2caf6912
[DEBUG] 2020-02-22 22:19:00.929 [main] BasicTypeRegistry - Adding type registration big_decimal -> org.hibernate.type.BigDecimalType@31ff1390
[DEBUG] 2020-02-22 22:19:00.929 [main] BasicTypeRegistry - Adding type registration java.math.BigDecimal -> org.hibernate.type.BigDecimalType@31ff1390
[DEBUG] 2020-02-22 22:19:00.930 [main] BasicTypeRegistry - Adding type registration big_integer -> org.hibernate.type.BigIntegerType@1f12e153
[DEBUG] 2020-02-22 22:19:00.930 [main] BasicTypeRegistry - Adding type registration java.math.BigInteger -> org.hibernate.type.BigIntegerType@1f12e153
[DEBUG] 2020-02-22 22:19:00.931 [main] BasicTypeRegistry - Adding type registration string -> org.hibernate.type.StringType@469d003c
[DEBUG] 2020-02-22 22:19:00.931 [main] BasicTypeRegistry - Adding type registration java.lang.String -> org.hibernate.type.StringType@469d003c
[DEBUG] 2020-02-22 22:19:00.931 [main] BasicTypeRegistry - Adding type registration nstring -> org.hibernate.type.StringNVarcharType@e8fadb0
[DEBUG] 2020-02-22 22:19:00.932 [main] BasicTypeRegistry - Adding type registration ncharacter -> org.hibernate.type.CharacterNCharType@6eafb10e
[DEBUG] 2020-02-22 22:19:00.933 [main] BasicTypeRegistry - Adding type registration url -> org.hibernate.type.UrlType@757529a4
[DEBUG] 2020-02-22 22:19:00.933 [main] BasicTypeRegistry - Adding type registration java.net.URL -> org.hibernate.type.UrlType@757529a4
[DEBUG] 2020-02-22 22:19:00.934 [main] BasicTypeRegistry - Adding type registration Duration -> org.hibernate.type.DurationType@c68a5f8
[DEBUG] 2020-02-22 22:19:00.934 [main] BasicTypeRegistry - Adding type registration java.time.Duration -> org.hibernate.type.DurationType@c68a5f8
[DEBUG] 2020-02-22 22:19:00.938 [main] BasicTypeRegistry - Adding type registration Instant -> org.hibernate.type.InstantType@4d6f197e
[DEBUG] 2020-02-22 22:19:00.938 [main] BasicTypeRegistry - Adding type registration java.time.Instant -> org.hibernate.type.InstantType@4d6f197e
[DEBUG] 2020-02-22 22:19:00.940 [main] BasicTypeRegistry - Adding type registration LocalDateTime -> org.hibernate.type.LocalDateTimeType@66908383
[DEBUG] 2020-02-22 22:19:00.940 [main] BasicTypeRegistry - Adding type registration java.time.LocalDateTime -> org.hibernate.type.LocalDateTimeType@66908383
[DEBUG] 2020-02-22 22:19:00.941 [main] BasicTypeRegistry - Adding type registration LocalDate -> org.hibernate.type.LocalDateType@6fe46b62
[DEBUG] 2020-02-22 22:19:00.941 [main] BasicTypeRegistry - Adding type registration java.time.LocalDate -> org.hibernate.type.LocalDateType@6fe46b62
[DEBUG] 2020-02-22 22:19:00.942 [main] BasicTypeRegistry - Adding type registration LocalTime -> org.hibernate.type.LocalTimeType@736ac09a
[DEBUG] 2020-02-22 22:19:00.942 [main] BasicTypeRegistry - Adding type registration java.time.LocalTime -> org.hibernate.type.LocalTimeType@736ac09a
[DEBUG] 2020-02-22 22:19:00.943 [main] BasicTypeRegistry - Adding type registration OffsetDateTime -> org.hibernate.type.OffsetDateTimeType@74fef3f7
[DEBUG] 2020-02-22 22:19:00.943 [main] BasicTypeRegistry - Adding type registration java.time.OffsetDateTime -> org.hibernate.type.OffsetDateTimeType@74fef3f7
[DEBUG] 2020-02-22 22:19:00.944 [main] BasicTypeRegistry - Adding type registration OffsetTime -> org.hibernate.type.OffsetTimeType@516ebdf8
[DEBUG] 2020-02-22 22:19:00.944 [main] BasicTypeRegistry - Adding type registration java.time.OffsetTime -> org.hibernate.type.OffsetTimeType@516ebdf8
[DEBUG] 2020-02-22 22:19:00.946 [main] BasicTypeRegistry - Adding type registration ZonedDateTime -> org.hibernate.type.ZonedDateTimeType@7c2a69b4
[DEBUG] 2020-02-22 22:19:00.946 [main] BasicTypeRegistry - Adding type registration java.time.ZonedDateTime -> org.hibernate.type.ZonedDateTimeType@7c2a69b4
[DEBUG] 2020-02-22 22:19:00.947 [main] BasicTypeRegistry - Adding type registration date -> org.hibernate.type.DateType@2189e7a7
[DEBUG] 2020-02-22 22:19:00.947 [main] BasicTypeRegistry - Adding type registration java.sql.Date -> org.hibernate.type.DateType@2189e7a7
[DEBUG] 2020-02-22 22:19:00.948 [main] BasicTypeRegistry - Adding type registration time -> org.hibernate.type.TimeType@4d847d32
[DEBUG] 2020-02-22 22:19:00.948 [main] BasicTypeRegistry - Adding type registration java.sql.Time -> org.hibernate.type.TimeType@4d847d32
[DEBUG] 2020-02-22 22:19:00.949 [main] BasicTypeRegistry - Adding type registration timestamp -> org.hibernate.type.TimestampType@6ad11a56
[DEBUG] 2020-02-22 22:19:00.949 [main] BasicTypeRegistry - Adding type registration java.sql.Timestamp -> org.hibernate.type.TimestampType@6ad11a56
[DEBUG] 2020-02-22 22:19:00.949 [main] BasicTypeRegistry - Adding type registration java.util.Date -> org.hibernate.type.TimestampType@6ad11a56
[DEBUG] 2020-02-22 22:19:00.950 [main] BasicTypeRegistry - Adding type registration dbtimestamp -> org.hibernate.type.DbTimestampType@7c8326a4
[DEBUG] 2020-02-22 22:19:00.951 [main] BasicTypeRegistry - Adding type registration calendar -> org.hibernate.type.CalendarType@60baef24
[DEBUG] 2020-02-22 22:19:00.951 [main] BasicTypeRegistry - Adding type registration java.util.Calendar -> org.hibernate.type.CalendarType@60baef24
[DEBUG] 2020-02-22 22:19:00.951 [main] BasicTypeRegistry - Adding type registration java.util.GregorianCalendar -> org.hibernate.type.CalendarType@60baef24
[DEBUG] 2020-02-22 22:19:00.952 [main] BasicTypeRegistry - Adding type registration calendar_date -> org.hibernate.type.CalendarDateType@6ad5923a
[DEBUG] 2020-02-22 22:19:00.953 [main] BasicTypeRegistry - Adding type registration locale -> org.hibernate.type.LocaleType@6f6962ba
[DEBUG] 2020-02-22 22:19:00.953 [main] BasicTypeRegistry - Adding type registration java.util.Locale -> org.hibernate.type.LocaleType@6f6962ba
[DEBUG] 2020-02-22 22:19:00.954 [main] BasicTypeRegistry - Adding type registration currency -> org.hibernate.type.CurrencyType@3fbfa96
[DEBUG] 2020-02-22 22:19:00.954 [main] BasicTypeRegistry - Adding type registration java.util.Currency -> org.hibernate.type.CurrencyType@3fbfa96
[DEBUG] 2020-02-22 22:19:00.955 [main] BasicTypeRegistry - Adding type registration timezone -> org.hibernate.type.TimeZoneType@301d8120
[DEBUG] 2020-02-22 22:19:00.955 [main] BasicTypeRegistry - Adding type registration java.util.TimeZone -> org.hibernate.type.TimeZoneType@301d8120
[DEBUG] 2020-02-22 22:19:00.956 [main] BasicTypeRegistry - Adding type registration class -> org.hibernate.type.ClassType@3e134896
[DEBUG] 2020-02-22 22:19:00.956 [main] BasicTypeRegistry - Adding type registration java.lang.Class -> org.hibernate.type.ClassType@3e134896
[DEBUG] 2020-02-22 22:19:00.957 [main] BasicTypeRegistry - Adding type registration uuid-binary -> org.hibernate.type.UUIDBinaryType@2d0bfb24
[DEBUG] 2020-02-22 22:19:00.957 [main] BasicTypeRegistry - Adding type registration java.util.UUID -> org.hibernate.type.UUIDBinaryType@2d0bfb24
[DEBUG] 2020-02-22 22:19:00.958 [main] BasicTypeRegistry - Adding type registration uuid-char -> org.hibernate.type.UUIDCharType@38499e48
[DEBUG] 2020-02-22 22:19:00.959 [main] BasicTypeRegistry - Adding type registration binary -> org.hibernate.type.BinaryType@693e4d19
[DEBUG] 2020-02-22 22:19:00.959 [main] BasicTypeRegistry - Adding type registration byte[] -> org.hibernate.type.BinaryType@693e4d19
[DEBUG] 2020-02-22 22:19:00.959 [main] BasicTypeRegistry - Adding type registration [B -> org.hibernate.type.BinaryType@693e4d19
[DEBUG] 2020-02-22 22:19:00.960 [main] BasicTypeRegistry - Adding type registration wrapper-binary -> org.hibernate.type.WrapperBinaryType@57bd802b
[DEBUG] 2020-02-22 22:19:00.960 [main] BasicTypeRegistry - Adding type registration Byte[] -> org.hibernate.type.WrapperBinaryType@57bd802b
[DEBUG] 2020-02-22 22:19:00.960 [main] BasicTypeRegistry - Adding type registration [Ljava.lang.Byte; -> org.hibernate.type.WrapperBinaryType@57bd802b
[DEBUG] 2020-02-22 22:19:00.961 [main] BasicTypeRegistry - Adding type registration row_version -> org.hibernate.type.RowVersionType@27068a50
[DEBUG] 2020-02-22 22:19:00.961 [main] BasicTypeRegistry - Adding type registration image -> org.hibernate.type.ImageType@48bfb884
[DEBUG] 2020-02-22 22:19:00.962 [main] BasicTypeRegistry - Adding type registration characters -> org.hibernate.type.CharArrayType@4525d1d3
[DEBUG] 2020-02-22 22:19:00.962 [main] BasicTypeRegistry - Adding type registration char[] -> org.hibernate.type.CharArrayType@4525d1d3
[DEBUG] 2020-02-22 22:19:00.962 [main] BasicTypeRegistry - Adding type registration [C -> org.hibernate.type.CharArrayType@4525d1d3
[DEBUG] 2020-02-22 22:19:00.963 [main] BasicTypeRegistry - Adding type registration wrapper-characters -> org.hibernate.type.CharacterArrayType@773bd77b
[DEBUG] 2020-02-22 22:19:00.963 [main] BasicTypeRegistry - Adding type registration [Ljava.lang.Character; -> org.hibernate.type.CharacterArrayType@773bd77b
[DEBUG] 2020-02-22 22:19:00.963 [main] BasicTypeRegistry - Adding type registration Character[] -> org.hibernate.type.CharacterArrayType@773bd77b
[DEBUG] 2020-02-22 22:19:00.964 [main] BasicTypeRegistry - Adding type registration text -> org.hibernate.type.TextType@47c64cfe
[DEBUG] 2020-02-22 22:19:00.964 [main] BasicTypeRegistry - Adding type registration ntext -> org.hibernate.type.NTextType@6f8f8a80
[DEBUG] 2020-02-22 22:19:00.965 [main] BasicTypeRegistry - Adding type registration blob -> org.hibernate.type.BlobType@588ffeb
[DEBUG] 2020-02-22 22:19:00.965 [main] BasicTypeRegistry - Adding type registration java.sql.Blob -> org.hibernate.type.BlobType@588ffeb
[DEBUG] 2020-02-22 22:19:00.966 [main] BasicTypeRegistry - Adding type registration materialized_blob -> org.hibernate.type.MaterializedBlobType@25d958c6
[DEBUG] 2020-02-22 22:19:00.967 [main] BasicTypeRegistry - Adding type registration clob -> org.hibernate.type.ClobType@6443b128
[DEBUG] 2020-02-22 22:19:00.967 [main] BasicTypeRegistry - Adding type registration java.sql.Clob -> org.hibernate.type.ClobType@6443b128
[DEBUG] 2020-02-22 22:19:00.968 [main] BasicTypeRegistry - Adding type registration nclob -> org.hibernate.type.NClobType@847f3e7
[DEBUG] 2020-02-22 22:19:00.968 [main] BasicTypeRegistry - Adding type registration java.sql.NClob -> org.hibernate.type.NClobType@847f3e7
[DEBUG] 2020-02-22 22:19:00.969 [main] BasicTypeRegistry - Adding type registration materialized_clob -> org.hibernate.type.MaterializedClobType@6ad6fa53
[DEBUG] 2020-02-22 22:19:00.970 [main] BasicTypeRegistry - Adding type registration materialized_nclob -> org.hibernate.type.MaterializedNClobType@4a03bb68
[DEBUG] 2020-02-22 22:19:00.971 [main] BasicTypeRegistry - Adding type registration serializable -> org.hibernate.type.SerializableType@5c20ffa8
[DEBUG] 2020-02-22 22:19:00.973 [main] BasicTypeRegistry - Adding type registration object -> org.hibernate.type.ObjectType@25b865b5
[DEBUG] 2020-02-22 22:19:00.973 [main] BasicTypeRegistry - Adding type registration java.lang.Object -> org.hibernate.type.ObjectType@25b865b5
[DEBUG] 2020-02-22 22:19:00.974 [main] BasicTypeRegistry - Adding type registration imm_date -> org.hibernate.type.AdaptedImmutableType@bdecc21
[DEBUG] 2020-02-22 22:19:00.974 [main] BasicTypeRegistry - Adding type registration imm_time -> org.hibernate.type.AdaptedImmutableType@5e3a39cd
[DEBUG] 2020-02-22 22:19:00.974 [main] BasicTypeRegistry - Adding type registration imm_timestamp -> org.hibernate.type.AdaptedImmutableType@21f9277b
[DEBUG] 2020-02-22 22:19:00.974 [main] BasicTypeRegistry - Adding type registration imm_dbtimestamp -> org.hibernate.type.AdaptedImmutableType@201aa8c1
[DEBUG] 2020-02-22 22:19:00.974 [main] BasicTypeRegistry - Adding type registration imm_calendar -> org.hibernate.type.AdaptedImmutableType@5d58c727
[DEBUG] 2020-02-22 22:19:00.975 [main] BasicTypeRegistry - Adding type registration imm_calendar_date -> org.hibernate.type.AdaptedImmutableType@52a36910
[DEBUG] 2020-02-22 22:19:00.975 [main] BasicTypeRegistry - Adding type registration imm_binary -> org.hibernate.type.AdaptedImmutableType@3a095ec0
[DEBUG] 2020-02-22 22:19:00.975 [main] BasicTypeRegistry - Adding type registration imm_serializable -> org.hibernate.type.AdaptedImmutableType@4f20a5e0
[DEBUG] 2020-02-22 22:19:01.019 [main] DefaultIdentifierGeneratorFactory - Registering IdentifierGenerator strategy [uuid2] -> [org.hibernate.id.UUIDGenerator]
[DEBUG] 2020-02-22 22:19:01.019 [main] DefaultIdentifierGeneratorFactory - Registering IdentifierGenerator strategy [guid] -> [org.hibernate.id.GUIDGenerator]
[DEBUG] 2020-02-22 22:19:01.020 [main] DefaultIdentifierGeneratorFactory - Registering IdentifierGenerator strategy [uuid] -> [org.hibernate.id.UUIDHexGenerator]
[DEBUG] 2020-02-22 22:19:01.020 [main] DefaultIdentifierGeneratorFactory - Registering IdentifierGenerator strategy [uuid.hex] -> [org.hibernate.id.UUIDHexGenerator]
[DEBUG] 2020-02-22 22:19:01.020 [main] DefaultIdentifierGeneratorFactory - Registering IdentifierGenerator strategy [assigned] -> [org.hibernate.id.Assigned]
[DEBUG] 2020-02-22 22:19:01.021 [main] DefaultIdentifierGeneratorFactory - Registering IdentifierGenerator strategy [identity] -> [org.hibernate.id.IdentityGenerator]
[DEBUG] 2020-02-22 22:19:01.022 [main] DefaultIdentifierGeneratorFactory - Registering IdentifierGenerator strategy [select] -> [org.hibernate.id.SelectGenerator]
[DEBUG] 2020-02-22 22:19:01.023 [main] DefaultIdentifierGeneratorFactory - Registering IdentifierGenerator strategy [sequence] -> [org.hibernate.id.enhanced.SequenceStyleGenerator]
[DEBUG] 2020-02-22 22:19:01.024 [main] DefaultIdentifierGeneratorFactory - Registering IdentifierGenerator strategy [seqhilo] -> [org.hibernate.id.SequenceHiLoGenerator]
[DEBUG] 2020-02-22 22:19:01.024 [main] DefaultIdentifierGeneratorFactory - Registering IdentifierGenerator strategy [increment] -> [org.hibernate.id.IncrementGenerator]
[DEBUG] 2020-02-22 22:19:01.025 [main] DefaultIdentifierGeneratorFactory - Registering IdentifierGenerator strategy [foreign] -> [org.hibernate.id.ForeignGenerator]
[DEBUG] 2020-02-22 22:19:01.025 [main] DefaultIdentifierGeneratorFactory - Registering IdentifierGenerator strategy [sequence-identity] -> [org.hibernate.id.SequenceIdentityGenerator]
[DEBUG] 2020-02-22 22:19:01.025 [main] DefaultIdentifierGeneratorFactory - Registering IdentifierGenerator strategy [enhanced-sequence] -> [org.hibernate.id.enhanced.SequenceStyleGenerator]
[DEBUG] 2020-02-22 22:19:01.026 [main] DefaultIdentifierGeneratorFactory - Registering IdentifierGenerator strategy [enhanced-table] -> [org.hibernate.id.enhanced.TableGenerator]
[INFO ] 2020-02-22 22:19:01.031 [main] C3P0ConnectionProvider - HHH010002: C3P0 using driver: com.mysql.cj.jdbc.Driver at URL: jdbc:mysql://localhost:3306/test_practiceHacker
[INFO ] 2020-02-22 22:19:01.031 [main] C3P0ConnectionProvider - HHH10001001: Connection properties: {password=****, user=root}
[INFO ] 2020-02-22 22:19:01.031 [main] C3P0ConnectionProvider - HHH10001003: Autocommit mode: false
[INFO ] 2020-02-22 22:19:01.174 [main] C3P0ConnectionProvider - HHH10001007: JDBC isolation level: <unknown>
[DEBUG] 2020-02-22 22:19:01.808 [main] JdbcEnvironmentInitiator - Database ->
       name : MySQL
    version : 8.0.19
      major : 8
      minor : 0
[DEBUG] 2020-02-22 22:19:01.809 [main] JdbcEnvironmentInitiator - Driver ->
       name : MySQL Connector/J
    version : mysql-connector-java-8.0.19 (Revision: a0ca826f5cdf51a98356fdfb1bf251eb042f80bf)
      major : 8
      minor : 0
[DEBUG] 2020-02-22 22:19:01.810 [main] JdbcEnvironmentInitiator - JDBC version : 4.2
[INFO ] 2020-02-22 22:19:01.842 [main] Dialect - HHH000400: Using dialect: org.hibernate.dialect.MySQL8Dialect
[DEBUG] 2020-02-22 22:19:01.875 [main] IdentifierHelperBuilder - JDBC driver metadata reported database stores quoted identifiers in more than one case
[DEBUG] 2020-02-22 22:19:01.898 [main] IdentifierHelperBuilder - IdentifierCaseStrategy for both quoted and unquoted identifiers was set to the same strategy [MIXED]; that will likely lead to problems in schema update and validation if using quoted identifiers
[DEBUG] 2020-02-22 22:19:01.930 [main] Namespace - Created database namespace [logicalName=Name{catalog=null, schema=null}, physicalName=Name{catalog=null, schema=null}]
[DEBUG] 2020-02-22 22:19:01.944 [main] TypeConfiguration$Scope - Scoping TypeConfiguration [org.hibernate.type.spi.TypeConfiguration@58b71ceb] to MetadataBuildingContext [org.hibernate.boot.internal.MetadataBuildingContextRootImpl@255e5e2e]
[DEBUG] 2020-02-22 22:19:01.985 [main] AnnotationBinder - Binding entity from annotated class: stalterclouse.elspeth.entity.User
[DEBUG] 2020-02-22 22:19:02.004 [main] Ejb3Column - Binding column: Ejb3DiscriminatorColumn{logicalColumnName'DTYPE', discriminatorTypeName='string'}
[DEBUG] 2020-02-22 22:19:02.007 [main] EntityBinder - Import with entity name User
[DEBUG] 2020-02-22 22:19:02.009 [main] EntityBinder - Bind entity stalterclouse.elspeth.entity.User on table users
[DEBUG] 2020-02-22 22:19:02.032 [main] Ejb3Column - Binding column: Ejb3Column{table=org.hibernate.mapping.Table(users), mappingColumn=id, insertable=true, updatable=true, unique=false}
[DEBUG] 2020-02-22 22:19:02.035 [main] PropertyBinder - MetadataSourceProcessor property id with lazy=false
[DEBUG] 2020-02-22 22:19:02.036 [main] AbstractPropertyHolder - Attempting to locate auto-apply AttributeConverter for property [stalterclouse.elspeth.entity.User:id]
[DEBUG] 2020-02-22 22:19:02.038 [main] SimpleValueBinder - building SimpleValue for id
[DEBUG] 2020-02-22 22:19:02.040 [main] PropertyBinder - Building property id
[DEBUG] 2020-02-22 22:19:02.043 [main] BinderHelper - #makeIdGenerator(org.hibernate.mapping.SimpleValue([org.hibernate.mapping.Column(id)]), id, org.hibernate.id.enhanced.SequenceStyleGenerator, native, ...)
[DEBUG] 2020-02-22 22:19:02.045 [main] Ejb3Column - Binding column: Ejb3Column{table=org.hibernate.mapping.Table(users), mappingColumn=birth_date, insertable=true, updatable=true, unique=false}
[DEBUG] 2020-02-22 22:19:02.046 [main] PropertyBinder - MetadataSourceProcessor property birthDate with lazy=false
[DEBUG] 2020-02-22 22:19:02.046 [main] AbstractPropertyHolder - Attempting to locate auto-apply AttributeConverter for property [stalterclouse.elspeth.entity.User:birthDate]
[DEBUG] 2020-02-22 22:19:02.046 [main] SimpleValueBinder - building SimpleValue for birthDate
[DEBUG] 2020-02-22 22:19:02.046 [main] PropertyBinder - Building property birthDate
[DEBUG] 2020-02-22 22:19:02.046 [main] Ejb3Column - Binding column: Ejb3Column{table=org.hibernate.mapping.Table(users), mappingColumn=email, insertable=true, updatable=true, unique=false}
[DEBUG] 2020-02-22 22:19:02.047 [main] PropertyBinder - MetadataSourceProcessor property email with lazy=false
[DEBUG] 2020-02-22 22:19:02.047 [main] AbstractPropertyHolder - Attempting to locate auto-apply AttributeConverter for property [stalterclouse.elspeth.entity.User:email]
[DEBUG] 2020-02-22 22:19:02.047 [main] SimpleValueBinder - building SimpleValue for email
[DEBUG] 2020-02-22 22:19:02.047 [main] PropertyBinder - Building property email
[DEBUG] 2020-02-22 22:19:02.048 [main] Ejb3Column - Binding column: Ejb3Column{table=org.hibernate.mapping.Table(users), mappingColumn=first_name, insertable=true, updatable=true, unique=false}
[DEBUG] 2020-02-22 22:19:02.051 [main] PropertyBinder - MetadataSourceProcessor property firstName with lazy=false
[DEBUG] 2020-02-22 22:19:02.052 [main] AbstractPropertyHolder - Attempting to locate auto-apply AttributeConverter for property [stalterclouse.elspeth.entity.User:firstName]
[DEBUG] 2020-02-22 22:19:02.052 [main] SimpleValueBinder - building SimpleValue for firstName
[DEBUG] 2020-02-22 22:19:02.052 [main] PropertyBinder - Building property firstName
[DEBUG] 2020-02-22 22:19:02.052 [main] Ejb3Column - Binding column: Ejb3Column{table=org.hibernate.mapping.Table(users), mappingColumn=instrument, insertable=true, updatable=true, unique=false}
[DEBUG] 2020-02-22 22:19:02.052 [main] PropertyBinder - MetadataSourceProcessor property instrument with lazy=false
[DEBUG] 2020-02-22 22:19:02.052 [main] AbstractPropertyHolder - Attempting to locate auto-apply AttributeConverter for property [stalterclouse.elspeth.entity.User:instrument]
[DEBUG] 2020-02-22 22:19:02.052 [main] SimpleValueBinder - building SimpleValue for instrument
[DEBUG] 2020-02-22 22:19:02.052 [main] PropertyBinder - Building property instrument
[DEBUG] 2020-02-22 22:19:02.052 [main] Ejb3Column - Binding column: Ejb3Column{table=org.hibernate.mapping.Table(users), mappingColumn=last_name, insertable=true, updatable=true, unique=false}
[DEBUG] 2020-02-22 22:19:02.052 [main] PropertyBinder - MetadataSourceProcessor property lastName with lazy=false
[DEBUG] 2020-02-22 22:19:02.052 [main] AbstractPropertyHolder - Attempting to locate auto-apply AttributeConverter for property [stalterclouse.elspeth.entity.User:lastName]
[DEBUG] 2020-02-22 22:19:02.053 [main] SimpleValueBinder - building SimpleValue for lastName
[DEBUG] 2020-02-22 22:19:02.053 [main] PropertyBinder - Building property lastName
[DEBUG] 2020-02-22 22:19:02.053 [main] Ejb3Column - Binding column: Ejb3Column{table=org.hibernate.mapping.Table(users), mappingColumn=password, insertable=true, updatable=true, unique=false}
[DEBUG] 2020-02-22 22:19:02.053 [main] PropertyBinder - MetadataSourceProcessor property password with lazy=false
[DEBUG] 2020-02-22 22:19:02.053 [main] AbstractPropertyHolder - Attempting to locate auto-apply AttributeConverter for property [stalterclouse.elspeth.entity.User:password]
[DEBUG] 2020-02-22 22:19:02.053 [main] SimpleValueBinder - building SimpleValue for password
[DEBUG] 2020-02-22 22:19:02.053 [main] PropertyBinder - Building property password
[DEBUG] 2020-02-22 22:19:02.053 [main] Ejb3Column - Binding column: Ejb3Column{table=org.hibernate.mapping.Table(users), mappingColumn=practice_counter, insertable=true, updatable=true, unique=false}
[DEBUG] 2020-02-22 22:19:02.053 [main] PropertyBinder - MetadataSourceProcessor property practiceCounter with lazy=false
[DEBUG] 2020-02-22 22:19:02.053 [main] AbstractPropertyHolder - Attempting to locate auto-apply AttributeConverter for property [stalterclouse.elspeth.entity.User:practiceCounter]
[DEBUG] 2020-02-22 22:19:02.053 [main] SimpleValueBinder - building SimpleValue for practiceCounter
[DEBUG] 2020-02-22 22:19:02.053 [main] PropertyBinder - Building property practiceCounter
[DEBUG] 2020-02-22 22:19:02.054 [main] Ejb3Column - Binding column: Ejb3Column{table=org.hibernate.mapping.Table(users), mappingColumn=skill_level, insertable=true, updatable=true, unique=false}
[DEBUG] 2020-02-22 22:19:02.054 [main] PropertyBinder - MetadataSourceProcessor property skillLevel with lazy=false
[DEBUG] 2020-02-22 22:19:02.054 [main] AbstractPropertyHolder - Attempting to locate auto-apply AttributeConverter for property [stalterclouse.elspeth.entity.User:skillLevel]
[DEBUG] 2020-02-22 22:19:02.054 [main] SimpleValueBinder - building SimpleValue for skillLevel
[DEBUG] 2020-02-22 22:19:02.054 [main] PropertyBinder - Building property skillLevel
[DEBUG] 2020-02-22 22:19:02.054 [main] Ejb3Column - Binding column: Ejb3Column{table=org.hibernate.mapping.Table(users), mappingColumn=studio_size, insertable=true, updatable=true, unique=false}
[DEBUG] 2020-02-22 22:19:02.054 [main] PropertyBinder - MetadataSourceProcessor property studioSize with lazy=false
[DEBUG] 2020-02-22 22:19:02.054 [main] AbstractPropertyHolder - Attempting to locate auto-apply AttributeConverter for property [stalterclouse.elspeth.entity.User:studioSize]
[DEBUG] 2020-02-22 22:19:02.054 [main] SimpleValueBinder - building SimpleValue for studioSize
[DEBUG] 2020-02-22 22:19:02.054 [main] PropertyBinder - Building property studioSize
[DEBUG] 2020-02-22 22:19:02.055 [main] Ejb3Column - Binding column: Ejb3Column{table=org.hibernate.mapping.Table(users), mappingColumn=username, insertable=true, updatable=true, unique=false}
[DEBUG] 2020-02-22 22:19:02.055 [main] PropertyBinder - MetadataSourceProcessor property username with lazy=false
[DEBUG] 2020-02-22 22:19:02.055 [main] AbstractPropertyHolder - Attempting to locate auto-apply AttributeConverter for property [stalterclouse.elspeth.entity.User:username]
[DEBUG] 2020-02-22 22:19:02.055 [main] SimpleValueBinder - building SimpleValue for username
[DEBUG] 2020-02-22 22:19:02.055 [main] PropertyBinder - Building property username
[DEBUG] 2020-02-22 22:19:02.057 [main] SimpleValueBinder - Starting fillSimpleValue for id
[DEBUG] 2020-02-22 22:19:02.057 [main] SimpleValueBinder - Starting fillSimpleValue for birthDate
[DEBUG] 2020-02-22 22:19:02.057 [main] SimpleValueBinder - Starting fillSimpleValue for email
[DEBUG] 2020-02-22 22:19:02.057 [main] SimpleValueBinder - Starting fillSimpleValue for firstName
[DEBUG] 2020-02-22 22:19:02.057 [main] SimpleValueBinder - Starting fillSimpleValue for instrument
[DEBUG] 2020-02-22 22:19:02.057 [main] SimpleValueBinder - Starting fillSimpleValue for lastName
[DEBUG] 2020-02-22 22:19:02.057 [main] SimpleValueBinder - Starting fillSimpleValue for password
[DEBUG] 2020-02-22 22:19:02.057 [main] SimpleValueBinder - Starting fillSimpleValue for practiceCounter
[DEBUG] 2020-02-22 22:19:02.057 [main] SimpleValueBinder - Starting fillSimpleValue for skillLevel
[DEBUG] 2020-02-22 22:19:02.057 [main] SimpleValueBinder - Starting fillSimpleValue for studioSize
[DEBUG] 2020-02-22 22:19:02.057 [main] SimpleValueBinder - Starting fillSimpleValue for username
[DEBUG] 2020-02-22 22:19:02.059 [main] PrimaryKey - Forcing column [id] to be non-null as it is part of the primary key for table [users]
[DEBUG] 2020-02-22 22:19:02.085 [main] SessionFactoryImpl - Building session factory
[DEBUG] 2020-02-22 22:19:02.087 [main] Settings - SessionFactory name : null
[DEBUG] 2020-02-22 22:19:02.087 [main] Settings - Automatic flush during beforeCompletion(): enabled
[DEBUG] 2020-02-22 22:19:02.087 [main] Settings - Automatic session close at end of transaction: disabled
[DEBUG] 2020-02-22 22:19:02.087 [main] Settings - Statistics: disabled
[DEBUG] 2020-02-22 22:19:02.087 [main] Settings - Deleted entity synthetic identifier rollback: disabled
[DEBUG] 2020-02-22 22:19:02.087 [main] Settings - Default entity-mode: pojo
[DEBUG] 2020-02-22 22:19:02.087 [main] Settings - Check Nullability in Core (should be disabled when Bean Validation is on): enabled
[DEBUG] 2020-02-22 22:19:02.087 [main] Settings - Allow initialization of lazy state outside session : disabled
[DEBUG] 2020-02-22 22:19:02.087 [main] Settings - Using BatchFetchStyle : LEGACY
[DEBUG] 2020-02-22 22:19:02.088 [main] Settings - Default batch fetch size: -1
[DEBUG] 2020-02-22 22:19:02.088 [main] Settings - Maximum outer join fetch depth: 2
[DEBUG] 2020-02-22 22:19:02.088 [main] Settings - Default null ordering: NONE
[DEBUG] 2020-02-22 22:19:02.088 [main] Settings - Order SQL updates by primary key: disabled
[DEBUG] 2020-02-22 22:19:02.089 [main] Settings - Order SQL inserts for batching: disabled
[DEBUG] 2020-02-22 22:19:02.090 [main] Settings - multi-tenancy strategy : NONE
[DEBUG] 2020-02-22 22:19:02.091 [main] Settings - JTA Track by Thread: enabled
[DEBUG] 2020-02-22 22:19:02.091 [main] Settings - Query language substitutions: {}
[DEBUG] 2020-02-22 22:19:02.091 [main] Settings - Named query checking : enabled
[DEBUG] 2020-02-22 22:19:02.091 [main] Settings - Second-level cache: disabled
[DEBUG] 2020-02-22 22:19:02.091 [main] Settings - Second-level query cache: disabled
[DEBUG] 2020-02-22 22:19:02.091 [main] Settings - Second-level query cache factory: null
[DEBUG] 2020-02-22 22:19:02.091 [main] Settings - Second-level cache region prefix: null
[DEBUG] 2020-02-22 22:19:02.091 [main] Settings - Optimize second-level cache for minimal puts: disabled
[DEBUG] 2020-02-22 22:19:02.091 [main] Settings - Structured second-level cache entries: disabled
[DEBUG] 2020-02-22 22:19:02.091 [main] Settings - Second-level cache direct-reference entries: disabled
[DEBUG] 2020-02-22 22:19:02.092 [main] Settings - Automatic eviction of collection cache: disabled
[DEBUG] 2020-02-22 22:19:02.092 [main] Settings - JDBC batch size: 15
[DEBUG] 2020-02-22 22:19:02.092 [main] Settings - JDBC batch updates for versioned data: enabled
[DEBUG] 2020-02-22 22:19:02.092 [main] Settings - Scrollable result sets: enabled
[DEBUG] 2020-02-22 22:19:02.092 [main] Settings - Wrap result sets: disabled
[DEBUG] 2020-02-22 22:19:02.092 [main] Settings - JDBC3 getGeneratedKeys(): enabled
[DEBUG] 2020-02-22 22:19:02.092 [main] Settings - JDBC result set fetch size: null
[DEBUG] 2020-02-22 22:19:02.092 [main] Settings - Connection release mode: AFTER_TRANSACTION
[DEBUG] 2020-02-22 22:19:02.092 [main] Settings - Generate SQL with comments: disabled
[DEBUG] 2020-02-22 22:19:02.092 [main] Settings - JPA compliance - query : 
[DEBUG] 2020-02-22 22:19:02.092 [main] Settings - JPA compliance - closed-handling : 
[DEBUG] 2020-02-22 22:19:02.092 [main] Settings - JPA compliance - lists : 
[DEBUG] 2020-02-22 22:19:02.092 [main] Settings - JPA compliance - transactions : 
[INFO ] 2020-02-22 22:19:02.134 [main] beans - HHH10005002: No explicit CDI BeanManager reference was passed to Hibernate, but CDI is available on the Hibernate ClassLoader.
[DEBUG] 2020-02-22 22:19:02.147 [main] SessionFactoryImpl - Session factory constructed with filter configurations : {}
[DEBUG] 2020-02-22 22:19:02.148 [main] SessionFactoryImpl - Instantiating session factory with properties: {sun.desktop=gnome, awt.toolkit=sun.awt.X11.XToolkit, java.specification.version=11, sun.cpu.isalist=, hibernate.c3p0.idle_test_period=3000, sun.jnu.encoding=UTF-8, hibernate.c3p0.min_size=5, java.class.path=/home/student/intellij/lib/idea_rt.jar:/home/student/intellij/plugins/junit/lib/junit5-rt.jar:/home/student/intellij/plugins/junit/lib/junit-rt.jar:/home/student/IdeaProjects/practiceHackerTracker/practiceHackerTracker/target/test-classes:/home/student/IdeaProjects/practiceHackerTracker/practiceHackerTracker/target/classes:/home/student/.m2/repository/org/junit/platform/junit-platform-runner/1.0.0/junit-platform-runner-1.0.0.jar:/home/student/.m2/repository/org/apiguardian/apiguardian-api/1.0.0/apiguardian-api-1.0.0.jar:/home/student/.m2/repository/org/junit/platform/junit-platform-launcher/1.0.0/junit-platform-launcher-1.0.0.jar:/home/student/.m2/repository/org/junit/platform/junit-platform-suite-api/1.0.0/junit-platform-suite-api-1.0.0.jar:/home/student/.m2/repository/org/junit/platform/junit-platform-commons/1.0.0/junit-platform-commons-1.0.0.jar:/home/student/.m2/repository/org/junit/vintage/junit-vintage-engine/4.12.0/junit-vintage-engine-4.12.0.jar:/home/student/.m2/repository/org/junit/platform/junit-platform-engine/1.0.0/junit-platform-engine-1.0.0.jar:/home/student/.m2/repository/org/opentest4j/opentest4j/1.0.0/opentest4j-1.0.0.jar:/home/student/.m2/repository/org/junit/jupiter/junit-jupiter-engine/5.0.0/junit-jupiter-engine-5.0.0.jar:/home/student/.m2/repository/org/junit/jupiter/junit-jupiter-api/5.0.0/junit-jupiter-api-5.0.0.jar:/home/student/.m2/repository/junit/junit/4.12/junit-4.12.jar:/home/student/.m2/repository/org/hamcrest/hamcrest-core/1.3/hamcrest-core-1.3.jar:/home/student/.m2/repository/javax/javaee-web-api/7.0/javaee-web-api-7.0.jar:/home/student/.m2/repository/mysql/mysql-connector-java/8.0.19/mysql-connector-java-8.0.19.jar:/home/student/.m2/repository/com/google/protobuf/protobuf-java/3.6.1/protobuf-java-3.6.1.jar:/home/student/.m2/repository/jstl/jstl/1.2/jstl-1.2.jar:/home/student/.m2/repository/org/apache/logging/log4j/log4j-api/2.10.0/log4j-api-2.10.0.jar:/home/student/.m2/repository/org/apache/logging/log4j/log4j-core/2.10.0/log4j-core-2.10.0.jar:/home/student/.m2/repository/org/hibernate/hibernate-core/5.4.4.Final/hibernate-core-5.4.4.Final.jar:/home/student/.m2/repository/org/jboss/logging/jboss-logging/3.3.2.Final/jboss-logging-3.3.2.Final.jar:/home/student/.m2/repository/javax/persistence/javax.persistence-api/2.2/javax.persistence-api-2.2.jar:/home/student/.m2/repository/org/javassist/javassist/3.24.0-GA/javassist-3.24.0-GA.jar:/home/student/.m2/repository/net/bytebuddy/byte-buddy/1.9.11/byte-buddy-1.9.11.jar:/home/student/.m2/repository/antlr/antlr/2.7.7/antlr-2.7.7.jar:/home/student/.m2/repository/org/jboss/spec/javax/transaction/jboss-transaction-api_1.2_spec/1.1.1.Final/jboss-transaction-api_1.2_spec-1.1.1.Final.jar:/home/student/.m2/repository/org/jboss/jandex/2.0.5.Final/jandex-2.0.5.Final.jar:/home/student/.m2/repository/com/fasterxml/classmate/1.3.4/classmate-1.3.4.jar:/home/student/.m2/repository/javax/activation/javax.activation-api/1.2.0/javax.activation-api-1.2.0.jar:/home/student/.m2/repository/org/dom4j/dom4j/2.1.1/dom4j-2.1.1.jar:/home/student/.m2/repository/org/hibernate/common/hibernate-commons-annotations/5.1.0.Final/hibernate-commons-annotations-5.1.0.Final.jar:/home/student/.m2/repository/javax/xml/bind/jaxb-api/2.3.1/jaxb-api-2.3.1.jar:/home/student/.m2/repository/org/glassfish/jaxb/jaxb-runtime/2.3.1/jaxb-runtime-2.3.1.jar:/home/student/.m2/repository/org/glassfish/jaxb/txw2/2.3.1/txw2-2.3.1.jar:/home/student/.m2/repository/com/sun/istack/istack-commons-runtime/3.0.7/istack-commons-runtime-3.0.7.jar:/home/student/.m2/repository/org/jvnet/staxex/stax-ex/1.8/stax-ex-1.8.jar:/home/student/.m2/repository/com/sun/xml/fastinfoset/FastInfoset/1.2.15/FastInfoset-1.2.15.jar:/home/student/.m2/repository/org/hibernate/hibernate-c3p0/5.4.4.Final/hibernate-c3p0-5.4.4.Final.jar:/home/student/.m2/repository/com/mchange/c3p0/0.9.5.3/c3p0-0.9.5.3.jar:/home/student/.m2/repository/com/mchange/mchange-commons-java/0.2.15/mchange-commons-java-0.2.15.jar:/home/student/.m2/repository/org/projectlombok/lombok/1.18.12/lombok-1.18.12.jar, java.vm.vendor=Ubuntu, sun.arch.data.model=64, idea.test.cyclic.buffer.size=1048576, java.vendor.url=https://ubuntu.com/, user.timezone=America/Chicago, os.name=Linux, java.vm.specification.version=11, sun.java.launcher=SUN_STANDARD, user.country=US, sun.boot.library.path=/usr/lib/jvm/java-11-openjdk-amd64/lib, sun.java.command=com.intellij.rt.junit.JUnitStarter -ideVersion5 -junit5 stalterclouse.elspeth.persistence.UserDaoTest,insertSuccess, jdk.debug=release, sun.cpu.endian=little, user.home=/home/student, hibernate.c3p0.max_statements=50, user.language=en, java.specification.vendor=Oracle Corporation, java.version.date=2020-01-14, java.home=/usr/lib/jvm/java-11-openjdk-amd64, file.separator=/, java.vm.compressedOopsMode=32-bit, line.separator=
, hibernate.c3p0.timeout=300, java.specification.name=Java Platform API Specification, java.vm.specification.vendor=Oracle Corporation, java.awt.graphicsenv=sun.awt.X11GraphicsEnvironment, connection.password=student, sun.management.compiler=HotSpot 64-Bit Tiered Compilers, hibernate.c3p0.max_size=20, java.runtime.version=11.0.6+10-post-Ubuntu-1ubuntu118.04.1, user.name=student, path.separator=:, hibernate.connection.username=****, os.version=5.3.0-40-generic, java.runtime.name=OpenJDK Runtime Environment, hibernate.connection.url=jdbc:mysql://localhost:3306/test_practiceHacker, file.encoding=UTF-8, java.vm.name=OpenJDK 64-Bit Server VM, hibernate.connection.driver_class=com.mysql.cj.jdbc.Driver, java.vendor.url.bug=https://bugs.launchpad.net/ubuntu/+source/openjdk-lts, java.io.tmpdir=/tmp, java.version=11.0.6, user.dir=/home/student/IdeaProjects/practiceHackerTracker/practiceHackerTracker, os.arch=amd64, connection.username=root, java.vm.specification.name=Java Virtual Machine Specification, java.awt.printerjob=sun.print.PSPrinterJob, hibernate.connection.password=****, sun.os.patch.level=unknown, connection.driver_class=com.mysql.cj.jdbc.Driver, hibernate.boot.CfgXmlAccessService.key=org.hibernate.boot.cfgxml.spi.LoadedConfig@3291b443, java.library.path=/usr/java/packages/lib:/usr/lib/x86_64-linux-gnu/jni:/lib/x86_64-linux-gnu:/usr/lib/x86_64-linux-gnu:/usr/lib/jni:/lib:/usr/lib, java.vendor=Ubuntu, java.vm.info=mixed mode, sharing, java.vm.version=11.0.6+10-post-Ubuntu-1ubuntu118.04.1, hibernate.bytecode.use_reflection_optimizer=false, sun.io.unicode.encoding=UnicodeLittle, connection.url=jdbc:mysql://localhost:3306/test_practiceHacker, java.class.version=55.0}
[DEBUG] 2020-02-22 22:19:02.162 [main] TypeSafeActivator - Unable to acquire Bean Validation ValidatorFactory, skipping activation
[DEBUG] 2020-02-22 22:19:02.162 [main] JaccIntegrator - Skipping JACC integration as it was not enabled
[DEBUG] 2020-02-22 22:19:02.163 [main] SessionFactoryImpl - Instantiated session factory
[DEBUG] 2020-02-22 22:19:02.163 [main] TypeConfiguration$Scope - Scoping TypeConfiguration [org.hibernate.type.spi.TypeConfiguration@58b71ceb] to SessionFactoryImpl [org.hibernate.internal.SessionFactoryImpl@574b7f4a]
[DEBUG] 2020-02-22 22:19:02.220 [main] ClassLoaderAccessImpl - Not known whether passed class name [stalterclouse.elspeth.entity.User] is safe
[DEBUG] 2020-02-22 22:19:02.220 [main] ClassLoaderAccessImpl - No temp ClassLoader provided; using live ClassLoader for loading potentially unsafe class : stalterclouse.elspeth.entity.User
[DEBUG] 2020-02-22 22:19:02.248 [main] ClassLoaderAccessImpl - Not known whether passed class name [stalterclouse.elspeth.entity.User] is safe
[DEBUG] 2020-02-22 22:19:02.266 [main] ClassLoaderAccessImpl - No temp ClassLoader provided; using live ClassLoader for loading potentially unsafe class : stalterclouse.elspeth.entity.User
[DEBUG] 2020-02-22 22:19:02.463 [main] AbstractEntityPersister - Static SQL for entity: stalterclouse.elspeth.entity.User
[DEBUG] 2020-02-22 22:19:02.463 [main] AbstractEntityPersister -  Version select: select id from users where id =?
[DEBUG] 2020-02-22 22:19:02.463 [main] AbstractEntityPersister -  Snapshot select: select user_.id, user_.birth_date as birth_da2_0_, user_.email as email3_0_, user_.first_name as first_na4_0_, user_.instrument as instrume5_0_, user_.last_name as last_nam6_0_, user_.password as password7_0_, user_.practice_counter as practice8_0_, user_.skill_level as skill_le9_0_, user_.studio_size as studio_10_0_, user_.username as usernam11_0_ from users user_ where user_.id=?
[DEBUG] 2020-02-22 22:19:02.463 [main] AbstractEntityPersister -  Insert 0: insert into users (birth_date, email, first_name, instrument, last_name, password, practice_counter, skill_level, studio_size, username, id) values (?, ?, ?, ?, ?, ?, ?, ?, ?, ?, ?)
[DEBUG] 2020-02-22 22:19:02.463 [main] AbstractEntityPersister -  Update 0: update users set birth_date=?, email=?, first_name=?, instrument=?, last_name=?, password=?, practice_counter=?, skill_level=?, studio_size=?, username=? where id=?
[DEBUG] 2020-02-22 22:19:02.463 [main] AbstractEntityPersister -  Delete 0: delete from users where id=?
[DEBUG] 2020-02-22 22:19:02.463 [main] AbstractEntityPersister -  Identity insert: insert into users (birth_date, email, first_name, instrument, last_name, password, practice_counter, skill_level, studio_size, username) values (?, ?, ?, ?, ?, ?, ?, ?, ?, ?)
[DEBUG] 2020-02-22 22:19:02.480 [main] QuerySpacesImpl - Adding QuerySpace : uid = <gen:0> -> org.hibernate.loader.plan.build.internal.spaces.EntityQuerySpaceImpl@3728a578]
[DEBUG] 2020-02-22 22:19:02.481 [main] MetamodelGraphWalker - Visiting attribute path : birthDate
[DEBUG] 2020-02-22 22:19:02.481 [main] MetamodelGraphWalker - Visiting attribute path : email
[DEBUG] 2020-02-22 22:19:02.481 [main] MetamodelGraphWalker - Visiting attribute path : firstName
[DEBUG] 2020-02-22 22:19:02.481 [main] MetamodelGraphWalker - Visiting attribute path : instrument
[DEBUG] 2020-02-22 22:19:02.481 [main] MetamodelGraphWalker - Visiting attribute path : lastName
[DEBUG] 2020-02-22 22:19:02.481 [main] MetamodelGraphWalker - Visiting attribute path : password
[DEBUG] 2020-02-22 22:19:02.481 [main] MetamodelGraphWalker - Visiting attribute path : practiceCounter
[DEBUG] 2020-02-22 22:19:02.481 [main] MetamodelGraphWalker - Visiting attribute path : skillLevel
[DEBUG] 2020-02-22 22:19:02.482 [main] MetamodelGraphWalker - Visiting attribute path : studioSize
[DEBUG] 2020-02-22 22:19:02.482 [main] MetamodelGraphWalker - Visiting attribute path : username
[DEBUG] 2020-02-22 22:19:02.482 [main] FetchStyleLoadPlanBuildingAssociationVisitationStrategy - Building LoadPlan...
[DEBUG] 2020-02-22 22:19:02.501 [main] LoadQueryJoinAndFetchProcessor - processing queryspace <gen:0>
[DEBUG] 2020-02-22 22:19:02.506 [main] LoadPlanTreePrinter - LoadPlan(entity=stalterclouse.elspeth.entity.User)
    - Returns
       - EntityReturnImpl(entity=stalterclouse.elspeth.entity.User, querySpaceUid=<gen:0>, path=stalterclouse.elspeth.entity.User)
    - QuerySpaces
       - EntityQuerySpaceImpl(uid=<gen:0>, entity=stalterclouse.elspeth.entity.User)
          - SQL table alias mapping - user0_
          - alias suffix - 0_
          - suffixed key columns - {id1_0_0_}

[DEBUG] 2020-02-22 22:19:02.508 [main] EntityLoader - Static select for entity stalterclouse.elspeth.entity.User [NONE]: select user0_.id as id1_0_0_, user0_.birth_date as birth_da2_0_0_, user0_.email as email3_0_0_, user0_.first_name as first_na4_0_0_, user0_.instrument as instrume5_0_0_, user0_.last_name as last_nam6_0_0_, user0_.password as password7_0_0_, user0_.practice_counter as practice8_0_0_, user0_.skill_level as skill_le9_0_0_, user0_.studio_size as studio_10_0_0_, user0_.username as usernam11_0_0_ from users user0_ where user0_.id=?
[DEBUG] 2020-02-22 22:19:02.509 [main] QuerySpacesImpl - Adding QuerySpace : uid = <gen:0> -> org.hibernate.loader.plan.build.internal.spaces.EntityQuerySpaceImpl@5e26f1ed]
[DEBUG] 2020-02-22 22:19:02.509 [main] MetamodelGraphWalker - Visiting attribute path : birthDate
[DEBUG] 2020-02-22 22:19:02.509 [main] MetamodelGraphWalker - Visiting attribute path : email
[DEBUG] 2020-02-22 22:19:02.509 [main] MetamodelGraphWalker - Visiting attribute path : firstName
[DEBUG] 2020-02-22 22:19:02.509 [main] MetamodelGraphWalker - Visiting attribute path : instrument
[DEBUG] 2020-02-22 22:19:02.509 [main] MetamodelGraphWalker - Visiting attribute path : lastName
[DEBUG] 2020-02-22 22:19:02.509 [main] MetamodelGraphWalker - Visiting attribute path : password
[DEBUG] 2020-02-22 22:19:02.509 [main] MetamodelGraphWalker - Visiting attribute path : practiceCounter
[DEBUG] 2020-02-22 22:19:02.509 [main] MetamodelGraphWalker - Visiting attribute path : skillLevel
[DEBUG] 2020-02-22 22:19:02.509 [main] MetamodelGraphWalker - Visiting attribute path : studioSize
[DEBUG] 2020-02-22 22:19:02.509 [main] MetamodelGraphWalker - Visiting attribute path : username
[DEBUG] 2020-02-22 22:19:02.509 [main] FetchStyleLoadPlanBuildingAssociationVisitationStrategy - Building LoadPlan...
[DEBUG] 2020-02-22 22:19:02.509 [main] LoadQueryJoinAndFetchProcessor - processing queryspace <gen:0>
[DEBUG] 2020-02-22 22:19:02.510 [main] LoadPlanTreePrinter - LoadPlan(entity=stalterclouse.elspeth.entity.User)
    - Returns
       - EntityReturnImpl(entity=stalterclouse.elspeth.entity.User, querySpaceUid=<gen:0>, path=stalterclouse.elspeth.entity.User)
    - QuerySpaces
       - EntityQuerySpaceImpl(uid=<gen:0>, entity=stalterclouse.elspeth.entity.User)
          - SQL table alias mapping - user0_
          - alias suffix - 0_
          - suffixed key columns - {id1_0_0_}

[DEBUG] 2020-02-22 22:19:02.510 [main] EntityLoader - Static select for entity stalterclouse.elspeth.entity.User [READ]: select user0_.id as id1_0_0_, user0_.birth_date as birth_da2_0_0_, user0_.email as email3_0_0_, user0_.first_name as first_na4_0_0_, user0_.instrument as instrume5_0_0_, user0_.last_name as last_nam6_0_0_, user0_.password as password7_0_0_, user0_.practice_counter as practice8_0_0_, user0_.skill_level as skill_le9_0_0_, user0_.studio_size as studio_10_0_0_, user0_.username as usernam11_0_0_ from users user0_ where user0_.id=?
[DEBUG] 2020-02-22 22:19:02.522 [main] Loader - Static select for action ACTION_MERGE on entity stalterclouse.elspeth.entity.User: select user0_.id as id1_0_0_, user0_.birth_date as birth_da2_0_0_, user0_.email as email3_0_0_, user0_.first_name as first_na4_0_0_, user0_.instrument as instrume5_0_0_, user0_.last_name as last_nam6_0_0_, user0_.password as password7_0_0_, user0_.practice_counter as practice8_0_0_, user0_.skill_level as skill_le9_0_0_, user0_.studio_size as studio_10_0_0_, user0_.username as usernam11_0_0_ from users user0_ where user0_.id=?
[DEBUG] 2020-02-22 22:19:02.522 [main] Loader - Static select for action ACTION_REFRESH on entity stalterclouse.elspeth.entity.User: select user0_.id as id1_0_0_, user0_.birth_date as birth_da2_0_0_, user0_.email as email3_0_0_, user0_.first_name as first_na4_0_0_, user0_.instrument as instrume5_0_0_, user0_.last_name as last_nam6_0_0_, user0_.password as password7_0_0_, user0_.practice_counter as practice8_0_0_, user0_.skill_level as skill_le9_0_0_, user0_.studio_size as studio_10_0_0_, user0_.username as usernam11_0_0_ from users user0_ where user0_.id=?
[DEBUG] 2020-02-22 22:19:02.548 [main] SchemaManagementToolCoordinator - No actions specified; doing nothing
[DEBUG] 2020-02-22 22:19:02.548 [main] JtaPlatformInitiator - No JtaPlatform was specified, checking resolver
[DEBUG] 2020-02-22 22:19:02.548 [main] JtaPlatformResolverInitiator - No JtaPlatformResolver was specified, using default [org.hibernate.engine.transaction.jta.platform.internal.StandardJtaPlatformResolver]
[DEBUG] 2020-02-22 22:19:02.552 [main] StandardJtaPlatformResolver - Could not resolve JtaPlatform, using default [org.hibernate.engine.transaction.jta.platform.internal.NoJtaPlatform]
[INFO ] 2020-02-22 22:19:02.552 [main] JtaPlatformInitiator - HHH000490: Using JtaPlatform implementation: [org.hibernate.engine.transaction.jta.platform.internal.NoJtaPlatform]
[DEBUG] 2020-02-22 22:19:02.553 [main] NamedQueryRepository - Checking 0 named HQL queries
[DEBUG] 2020-02-22 22:19:02.553 [main] NamedQueryRepository - Checking 0 named SQL queries
[DEBUG] 2020-02-22 22:19:02.554 [main] SessionFactoryRegistry - Initializing SessionFactoryRegistry : org.hibernate.internal.SessionFactoryRegistry@1ca610a0
[DEBUG] 2020-02-22 22:19:02.556 [main] SessionFactoryRegistry - Registering SessionFactory: 11a239c9-e12a-4aa8-bfac-dc5f7015bb5c (<unnamed>)
[DEBUG] 2020-02-22 22:19:02.556 [main] SessionFactoryRegistry - Not binding SessionFactory to JNDI, no JNDI name configured
[DEBUG] 2020-02-22 22:19:02.673 [main] StatisticsInitiator - Statistics initialized [enabled=false]
[DEBUG] 2020-02-22 22:19:02.680 [main] TransactionImpl - On TransactionImpl creation, JpaCompliance#isJpaTransactionComplianceEnabled == false
[DEBUG] 2020-02-22 22:19:02.680 [main] TransactionImpl - begin
[DEBUG] 2020-02-22 22:19:02.691 [main] ActionQueue - Executing identity-insert immediately
[DEBUG] 2020-02-22 22:19:02.694 [main] SQL - insert into users (birth_date, email, first_name, instrument, last_name, password, practice_counter, skill_level, studio_size, username) values (?, ?, ?, ?, ?, ?, ?, ?, ?, ?)
[DEBUG] 2020-02-22 22:19:02.735 [main] SqlExceptionHelper - could not execute statement [n/a]
java.sql.SQLSyntaxErrorException: Unknown column 'email' in 'field list'
	at com.mysql.cj.jdbc.exceptions.SQLError.createSQLException(SQLError.java:120) ~[mysql-connector-java-8.0.19.jar:8.0.19]
	at com.mysql.cj.jdbc.exceptions.SQLError.createSQLException(SQLError.java:97) ~[mysql-connector-java-8.0.19.jar:8.0.19]
	at com.mysql.cj.jdbc.exceptions.SQLExceptionsMapping.translateException(SQLExceptionsMapping.java:122) ~[mysql-connector-java-8.0.19.jar:8.0.19]
	at com.mysql.cj.jdbc.ClientPreparedStatement.executeInternal(ClientPreparedStatement.java:953) ~[mysql-connector-java-8.0.19.jar:8.0.19]
	at com.mysql.cj.jdbc.ClientPreparedStatement.executeUpdateInternal(ClientPreparedStatement.java:1092) ~[mysql-connector-java-8.0.19.jar:8.0.19]
	at com.mysql.cj.jdbc.ClientPreparedStatement.executeUpdateInternal(ClientPreparedStatement.java:1040) ~[mysql-connector-java-8.0.19.jar:8.0.19]
	at com.mysql.cj.jdbc.ClientPreparedStatement.executeLargeUpdate(ClientPreparedStatement.java:1347) ~[mysql-connector-java-8.0.19.jar:8.0.19]
	at com.mysql.cj.jdbc.ClientPreparedStatement.executeUpdate(ClientPreparedStatement.java:1025) ~[mysql-connector-java-8.0.19.jar:8.0.19]
	at com.mchange.v2.c3p0.impl.NewProxyPreparedStatement.executeUpdate(NewProxyPreparedStatement.java:410) ~[c3p0-0.9.5.3.jar:0.9.5.3]
	at org.hibernate.engine.jdbc.internal.ResultSetReturnImpl.executeUpdate(ResultSetReturnImpl.java:175) [hibernate-core-5.4.4.Final.jar:5.4.4.Final]
	at org.hibernate.dialect.identity.GetGeneratedKeysDelegate.executeAndExtract(GetGeneratedKeysDelegate.java:57) [hibernate-core-5.4.4.Final.jar:5.4.4.Final]
	at org.hibernate.id.insert.AbstractReturningDelegate.performInsert(AbstractReturningDelegate.java:43) [hibernate-core-5.4.4.Final.jar:5.4.4.Final]
	at org.hibernate.persister.entity.AbstractEntityPersister.insert(AbstractEntityPersister.java:3112) [hibernate-core-5.4.4.Final.jar:5.4.4.Final]
	at org.hibernate.persister.entity.AbstractEntityPersister.insert(AbstractEntityPersister.java:3705) [hibernate-core-5.4.4.Final.jar:5.4.4.Final]
	at org.hibernate.action.internal.EntityIdentityInsertAction.execute(EntityIdentityInsertAction.java:84) [hibernate-core-5.4.4.Final.jar:5.4.4.Final]
	at org.hibernate.engine.spi.ActionQueue.execute(ActionQueue.java:645) [hibernate-core-5.4.4.Final.jar:5.4.4.Final]
	at org.hibernate.engine.spi.ActionQueue.addResolvedEntityInsertAction(ActionQueue.java:282) [hibernate-core-5.4.4.Final.jar:5.4.4.Final]
	at org.hibernate.engine.spi.ActionQueue.addInsertAction(ActionQueue.java:263) [hibernate-core-5.4.4.Final.jar:5.4.4.Final]
	at org.hibernate.engine.spi.ActionQueue.addAction(ActionQueue.java:317) [hibernate-core-5.4.4.Final.jar:5.4.4.Final]
	at org.hibernate.event.internal.AbstractSaveEventListener.addInsertAction(AbstractSaveEventListener.java:335) [hibernate-core-5.4.4.Final.jar:5.4.4.Final]
	at org.hibernate.event.internal.AbstractSaveEventListener.performSaveOrReplicate(AbstractSaveEventListener.java:292) [hibernate-core-5.4.4.Final.jar:5.4.4.Final]
	at org.hibernate.event.internal.AbstractSaveEventListener.performSave(AbstractSaveEventListener.java:198) [hibernate-core-5.4.4.Final.jar:5.4.4.Final]
	at org.hibernate.event.internal.AbstractSaveEventListener.saveWithGeneratedId(AbstractSaveEventListener.java:128) [hibernate-core-5.4.4.Final.jar:5.4.4.Final]
	at org.hibernate.event.internal.DefaultSaveOrUpdateEventListener.saveWithGeneratedOrRequestedId(DefaultSaveOrUpdateEventListener.java:193) [hibernate-core-5.4.4.Final.jar:5.4.4.Final]
	at org.hibernate.event.internal.DefaultSaveEventListener.saveWithGeneratedOrRequestedId(DefaultSaveEventListener.java:38) [hibernate-core-5.4.4.Final.jar:5.4.4.Final]
	at org.hibernate.event.internal.DefaultSaveOrUpdateEventListener.entityIsTransient(DefaultSaveOrUpdateEventListener.java:178) [hibernate-core-5.4.4.Final.jar:5.4.4.Final]
	at org.hibernate.event.internal.DefaultSaveEventListener.performSaveOrUpdate(DefaultSaveEventListener.java:32) [hibernate-core-5.4.4.Final.jar:5.4.4.Final]
	at org.hibernate.event.internal.DefaultSaveOrUpdateEventListener.onSaveOrUpdate(DefaultSaveOrUpdateEventListener.java:75) [hibernate-core-5.4.4.Final.jar:5.4.4.Final]
	at org.hibernate.internal.SessionImpl.fireSave(SessionImpl.java:697) [hibernate-core-5.4.4.Final.jar:5.4.4.Final]
	at org.hibernate.internal.SessionImpl.save(SessionImpl.java:689) [hibernate-core-5.4.4.Final.jar:5.4.4.Final]
	at org.hibernate.internal.SessionImpl.save(SessionImpl.java:684) [hibernate-core-5.4.4.Final.jar:5.4.4.Final]
	at stalterclouse.elspeth.persistence.UserDao.insert(UserDao.java:101) [classes/:?]
	at stalterclouse.elspeth.persistence.UserDaoTest.insertSuccess(UserDaoTest.java:72) [test-classes/:?]
	at jdk.internal.reflect.NativeMethodAccessorImpl.invoke0(Native Method) ~[?:?]
	at jdk.internal.reflect.NativeMethodAccessorImpl.invoke(NativeMethodAccessorImpl.java:62) ~[?:?]
	at jdk.internal.reflect.DelegatingMethodAccessorImpl.invoke(DelegatingMethodAccessorImpl.java:43) ~[?:?]
	at java.lang.reflect.Method.invoke(Method.java:566) ~[?:?]
	at org.junit.platform.commons.util.ReflectionUtils.invokeMethod(ReflectionUtils.java:389) [junit-platform-commons-1.0.0.jar:1.0.0]
	at org.junit.jupiter.engine.execution.ExecutableInvoker.invoke(ExecutableInvoker.java:115) [junit-jupiter-engine-5.0.0.jar:5.0.0]
	at org.junit.jupiter.engine.descriptor.TestMethodTestDescriptor.lambda$invokeTestMethod$6(TestMethodTestDescriptor.java:167) [junit-jupiter-engine-5.0.0.jar:5.0.0]
	at org.junit.jupiter.engine.execution.ThrowableCollector.execute(ThrowableCollector.java:40) [junit-jupiter-engine-5.0.0.jar:5.0.0]
	at org.junit.jupiter.engine.descriptor.TestMethodTestDescriptor.invokeTestMethod(TestMethodTestDescriptor.java:163) [junit-jupiter-engine-5.0.0.jar:5.0.0]
	at org.junit.jupiter.engine.descriptor.TestMethodTestDescriptor.execute(TestMethodTestDescriptor.java:110) [junit-jupiter-engine-5.0.0.jar:5.0.0]
	at org.junit.jupiter.engine.descriptor.TestMethodTestDescriptor.execute(TestMethodTestDescriptor.java:57) [junit-jupiter-engine-5.0.0.jar:5.0.0]
	at org.junit.platform.engine.support.hierarchical.HierarchicalTestExecutor.lambda$execute$3(HierarchicalTestExecutor.java:83) [junit-platform-engine-1.0.0.jar:1.0.0]
	at org.junit.platform.engine.support.hierarchical.SingleTestExecutor.executeSafely(SingleTestExecutor.java:66) [junit-platform-engine-1.0.0.jar:1.0.0]
	at org.junit.platform.engine.support.hierarchical.HierarchicalTestExecutor.execute(HierarchicalTestExecutor.java:77) [junit-platform-engine-1.0.0.jar:1.0.0]
	at org.junit.platform.engine.support.hierarchical.HierarchicalTestExecutor.lambda$null$2(HierarchicalTestExecutor.java:92) [junit-platform-engine-1.0.0.jar:1.0.0]
	at java.util.stream.ForEachOps$ForEachOp$OfRef.accept(ForEachOps.java:183) [?:?]
	at java.util.stream.ReferencePipeline$2$1.accept(ReferencePipeline.java:177) [?:?]
	at java.util.Iterator.forEachRemaining(Iterator.java:133) [?:?]
	at java.util.Spliterators$IteratorSpliterator.forEachRemaining(Spliterators.java:1801) [?:?]
	at java.util.stream.AbstractPipeline.copyInto(AbstractPipeline.java:484) [?:?]
	at java.util.stream.AbstractPipeline.wrapAndCopyInto(AbstractPipeline.java:474) [?:?]
	at java.util.stream.ForEachOps$ForEachOp.evaluateSequential(ForEachOps.java:150) [?:?]
	at java.util.stream.ForEachOps$ForEachOp$OfRef.evaluateSequential(ForEachOps.java:173) [?:?]
	at java.util.stream.AbstractPipeline.evaluate(AbstractPipeline.java:234) [?:?]
	at java.util.stream.ReferencePipeline.forEach(ReferencePipeline.java:497) [?:?]
	at org.junit.platform.engine.support.hierarchical.HierarchicalTestExecutor.lambda$execute$3(HierarchicalTestExecutor.java:92) [junit-platform-engine-1.0.0.jar:1.0.0]
	at org.junit.platform.engine.support.hierarchical.SingleTestExecutor.executeSafely(SingleTestExecutor.java:66) [junit-platform-engine-1.0.0.jar:1.0.0]
	at org.junit.platform.engine.support.hierarchical.HierarchicalTestExecutor.execute(HierarchicalTestExecutor.java:77) [junit-platform-engine-1.0.0.jar:1.0.0]
	at org.junit.platform.engine.support.hierarchical.HierarchicalTestExecutor.lambda$null$2(HierarchicalTestExecutor.java:92) [junit-platform-engine-1.0.0.jar:1.0.0]
	at java.util.stream.ForEachOps$ForEachOp$OfRef.accept(ForEachOps.java:183) [?:?]
	at java.util.stream.ReferencePipeline$2$1.accept(ReferencePipeline.java:177) [?:?]
	at java.util.Iterator.forEachRemaining(Iterator.java:133) [?:?]
	at java.util.Spliterators$IteratorSpliterator.forEachRemaining(Spliterators.java:1801) [?:?]
	at java.util.stream.AbstractPipeline.copyInto(AbstractPipeline.java:484) [?:?]
	at java.util.stream.AbstractPipeline.wrapAndCopyInto(AbstractPipeline.java:474) [?:?]
	at java.util.stream.ForEachOps$ForEachOp.evaluateSequential(ForEachOps.java:150) [?:?]
	at java.util.stream.ForEachOps$ForEachOp$OfRef.evaluateSequential(ForEachOps.java:173) [?:?]
	at java.util.stream.AbstractPipeline.evaluate(AbstractPipeline.java:234) [?:?]
	at java.util.stream.ReferencePipeline.forEach(ReferencePipeline.java:497) [?:?]
	at org.junit.platform.engine.support.hierarchical.HierarchicalTestExecutor.lambda$execute$3(HierarchicalTestExecutor.java:92) [junit-platform-engine-1.0.0.jar:1.0.0]
	at org.junit.platform.engine.support.hierarchical.SingleTestExecutor.executeSafely(SingleTestExecutor.java:66) [junit-platform-engine-1.0.0.jar:1.0.0]
	at org.junit.platform.engine.support.hierarchical.HierarchicalTestExecutor.execute(HierarchicalTestExecutor.java:77) [junit-platform-engine-1.0.0.jar:1.0.0]
	at org.junit.platform.engine.support.hierarchical.HierarchicalTestExecutor.execute(HierarchicalTestExecutor.java:51) [junit-platform-engine-1.0.0.jar:1.0.0]
	at org.junit.platform.engine.support.hierarchical.HierarchicalTestEngine.execute(HierarchicalTestEngine.java:43) [junit-platform-engine-1.0.0.jar:1.0.0]
	at org.junit.platform.launcher.core.DefaultLauncher.execute(DefaultLauncher.java:170) [junit-platform-launcher-1.0.0.jar:1.0.0]
	at org.junit.platform.launcher.core.DefaultLauncher.execute(DefaultLauncher.java:154) [junit-platform-launcher-1.0.0.jar:1.0.0]
	at org.junit.platform.launcher.core.DefaultLauncher.execute(DefaultLauncher.java:90) [junit-platform-launcher-1.0.0.jar:1.0.0]
	at com.intellij.junit5.JUnit5IdeaTestRunner.startRunnerWithArgs(JUnit5IdeaTestRunner.java:69) [junit5-rt.jar:?]
	at com.intellij.rt.junit.IdeaTestRunner$Repeater.startRunnerWithArgs(IdeaTestRunner.java:33) [junit-rt.jar:?]
	at com.intellij.rt.junit.JUnitStarter.prepareStreamsAndStart(JUnitStarter.java:230) [junit-rt.jar:?]
	at com.intellij.rt.junit.JUnitStarter.main(JUnitStarter.java:58) [junit-rt.jar:?]
[WARN ] 2020-02-22 22:19:02.742 [main] SqlExceptionHelper - SQL Error: 1054, SQLState: 42S22
[ERROR] 2020-02-22 22:19:02.742 [main] SqlExceptionHelper - Unknown column 'email' in 'field list'
