[DEBUG] 2020-02-17 06:53:14.656 [main] IntegratorServiceImpl - Adding Integrator [org.hibernate.cfg.beanvalidation.BeanValidationIntegrator].
[DEBUG] 2020-02-17 06:53:14.677 [main] IntegratorServiceImpl - Adding Integrator [org.hibernate.secure.spi.JaccIntegrator].
[DEBUG] 2020-02-17 06:53:14.690 [main] IntegratorServiceImpl - Adding Integrator [org.hibernate.cache.internal.CollectionCacheInvalidator].
[INFO ] 2020-02-17 06:53:14.826 [main] Version - HHH000412: Hibernate Core {5.4.4.Final}
[DEBUG] 2020-02-17 06:53:14.828 [main] Environment - HHH000206: hibernate.properties not found
[DEBUG] 2020-02-17 06:53:15.243 [main] LocalXmlResourceResolver - Interpreting public/system identifier : [-//Hibernate/Hibernate Configuration DTD//EN] - [http://www.hibernate.org/dtd/hibernate-configuration-3.0.dtd]
[DEBUG] 2020-02-17 06:53:15.244 [main] LocalXmlResourceResolver - Recognized hibernate-configuration identifier; attempting to resolve on classpath under org/hibernate/
[DEBUG] 2020-02-17 06:53:15.257 [main] JaxbCfgProcessor - cfg.xml document did not define namespaces; wrapping in custom event reader to introduce namespace information
[DEBUG] 2020-02-17 06:53:15.756 [main] ServiceBinding - Overriding existing service binding [org.hibernate.secure.spi.JaccService]
[DEBUG] 2020-02-17 06:53:15.783 [main] RegionFactoryInitiator - Cannot default RegionFactory based on registered strategies as `[]` RegionFactory strategies were registered
[DEBUG] 2020-02-17 06:53:15.785 [main] RegionFactoryInitiator - Cache region factory : org.hibernate.cache.internal.NoCachingRegionFactory
[INFO ] 2020-02-17 06:53:15.805 [main] Version - HCANN000001: Hibernate Commons Annotations {5.1.0.Final}
[DEBUG] 2020-02-17 06:53:15.844 [main] BasicTypeRegistry - Adding type registration boolean -> org.hibernate.type.BooleanType@58f174d9
[DEBUG] 2020-02-17 06:53:15.845 [main] BasicTypeRegistry - Adding type registration boolean -> org.hibernate.type.BooleanType@58f174d9
[DEBUG] 2020-02-17 06:53:15.845 [main] BasicTypeRegistry - Adding type registration java.lang.Boolean -> org.hibernate.type.BooleanType@58f174d9
[DEBUG] 2020-02-17 06:53:15.845 [main] BasicTypeRegistry - Adding type registration numeric_boolean -> org.hibernate.type.NumericBooleanType@4d6f623d
[DEBUG] 2020-02-17 06:53:15.846 [main] BasicTypeRegistry - Adding type registration true_false -> org.hibernate.type.TrueFalseType@7a26928a
[DEBUG] 2020-02-17 06:53:15.850 [main] BasicTypeRegistry - Adding type registration yes_no -> org.hibernate.type.YesNoType@d0ec63
[DEBUG] 2020-02-17 06:53:15.852 [main] BasicTypeRegistry - Adding type registration byte -> org.hibernate.type.ByteType@7ff2b8d2
[DEBUG] 2020-02-17 06:53:15.853 [main] BasicTypeRegistry - Adding type registration byte -> org.hibernate.type.ByteType@7ff2b8d2
[DEBUG] 2020-02-17 06:53:15.853 [main] BasicTypeRegistry - Adding type registration java.lang.Byte -> org.hibernate.type.ByteType@7ff2b8d2
[DEBUG] 2020-02-17 06:53:15.855 [main] BasicTypeRegistry - Adding type registration character -> org.hibernate.type.CharacterType@5b6e8f77
[DEBUG] 2020-02-17 06:53:15.859 [main] BasicTypeRegistry - Adding type registration char -> org.hibernate.type.CharacterType@5b6e8f77
[DEBUG] 2020-02-17 06:53:15.859 [main] BasicTypeRegistry - Adding type registration java.lang.Character -> org.hibernate.type.CharacterType@5b6e8f77
[DEBUG] 2020-02-17 06:53:15.860 [main] BasicTypeRegistry - Adding type registration short -> org.hibernate.type.ShortType@27e32fe4
[DEBUG] 2020-02-17 06:53:15.860 [main] BasicTypeRegistry - Adding type registration short -> org.hibernate.type.ShortType@27e32fe4
[DEBUG] 2020-02-17 06:53:15.860 [main] BasicTypeRegistry - Adding type registration java.lang.Short -> org.hibernate.type.ShortType@27e32fe4
[DEBUG] 2020-02-17 06:53:15.861 [main] BasicTypeRegistry - Adding type registration integer -> org.hibernate.type.IntegerType@3044e9c7
[DEBUG] 2020-02-17 06:53:15.862 [main] BasicTypeRegistry - Adding type registration int -> org.hibernate.type.IntegerType@3044e9c7
[DEBUG] 2020-02-17 06:53:15.862 [main] BasicTypeRegistry - Adding type registration java.lang.Integer -> org.hibernate.type.IntegerType@3044e9c7
[DEBUG] 2020-02-17 06:53:15.863 [main] BasicTypeRegistry - Adding type registration long -> org.hibernate.type.LongType@28952dea
[DEBUG] 2020-02-17 06:53:15.863 [main] BasicTypeRegistry - Adding type registration long -> org.hibernate.type.LongType@28952dea
[DEBUG] 2020-02-17 06:53:15.863 [main] BasicTypeRegistry - Adding type registration java.lang.Long -> org.hibernate.type.LongType@28952dea
[DEBUG] 2020-02-17 06:53:15.865 [main] BasicTypeRegistry - Adding type registration float -> org.hibernate.type.FloatType@70807224
[DEBUG] 2020-02-17 06:53:15.865 [main] BasicTypeRegistry - Adding type registration float -> org.hibernate.type.FloatType@70807224
[DEBUG] 2020-02-17 06:53:15.865 [main] BasicTypeRegistry - Adding type registration java.lang.Float -> org.hibernate.type.FloatType@70807224
[DEBUG] 2020-02-17 06:53:15.866 [main] BasicTypeRegistry - Adding type registration double -> org.hibernate.type.DoubleType@2caf6912
[DEBUG] 2020-02-17 06:53:15.866 [main] BasicTypeRegistry - Adding type registration double -> org.hibernate.type.DoubleType@2caf6912
[DEBUG] 2020-02-17 06:53:15.867 [main] BasicTypeRegistry - Adding type registration java.lang.Double -> org.hibernate.type.DoubleType@2caf6912
[DEBUG] 2020-02-17 06:53:15.871 [main] BasicTypeRegistry - Adding type registration big_decimal -> org.hibernate.type.BigDecimalType@31ff1390
[DEBUG] 2020-02-17 06:53:15.872 [main] BasicTypeRegistry - Adding type registration java.math.BigDecimal -> org.hibernate.type.BigDecimalType@31ff1390
[DEBUG] 2020-02-17 06:53:15.873 [main] BasicTypeRegistry - Adding type registration big_integer -> org.hibernate.type.BigIntegerType@1f12e153
[DEBUG] 2020-02-17 06:53:15.873 [main] BasicTypeRegistry - Adding type registration java.math.BigInteger -> org.hibernate.type.BigIntegerType@1f12e153
[DEBUG] 2020-02-17 06:53:15.874 [main] BasicTypeRegistry - Adding type registration string -> org.hibernate.type.StringType@469d003c
[DEBUG] 2020-02-17 06:53:15.874 [main] BasicTypeRegistry - Adding type registration java.lang.String -> org.hibernate.type.StringType@469d003c
[DEBUG] 2020-02-17 06:53:15.874 [main] BasicTypeRegistry - Adding type registration nstring -> org.hibernate.type.StringNVarcharType@e8fadb0
[DEBUG] 2020-02-17 06:53:15.875 [main] BasicTypeRegistry - Adding type registration ncharacter -> org.hibernate.type.CharacterNCharType@6eafb10e
[DEBUG] 2020-02-17 06:53:15.876 [main] BasicTypeRegistry - Adding type registration url -> org.hibernate.type.UrlType@757529a4
[DEBUG] 2020-02-17 06:53:15.877 [main] BasicTypeRegistry - Adding type registration java.net.URL -> org.hibernate.type.UrlType@757529a4
[DEBUG] 2020-02-17 06:53:15.877 [main] BasicTypeRegistry - Adding type registration Duration -> org.hibernate.type.DurationType@c68a5f8
[DEBUG] 2020-02-17 06:53:15.878 [main] BasicTypeRegistry - Adding type registration java.time.Duration -> org.hibernate.type.DurationType@c68a5f8
[DEBUG] 2020-02-17 06:53:15.883 [main] BasicTypeRegistry - Adding type registration Instant -> org.hibernate.type.InstantType@4d6f197e
[DEBUG] 2020-02-17 06:53:15.883 [main] BasicTypeRegistry - Adding type registration java.time.Instant -> org.hibernate.type.InstantType@4d6f197e
[DEBUG] 2020-02-17 06:53:15.885 [main] BasicTypeRegistry - Adding type registration LocalDateTime -> org.hibernate.type.LocalDateTimeType@66908383
[DEBUG] 2020-02-17 06:53:15.886 [main] BasicTypeRegistry - Adding type registration java.time.LocalDateTime -> org.hibernate.type.LocalDateTimeType@66908383
[DEBUG] 2020-02-17 06:53:15.887 [main] BasicTypeRegistry - Adding type registration LocalDate -> org.hibernate.type.LocalDateType@6fe46b62
[DEBUG] 2020-02-17 06:53:15.887 [main] BasicTypeRegistry - Adding type registration java.time.LocalDate -> org.hibernate.type.LocalDateType@6fe46b62
[DEBUG] 2020-02-17 06:53:15.888 [main] BasicTypeRegistry - Adding type registration LocalTime -> org.hibernate.type.LocalTimeType@736ac09a
[DEBUG] 2020-02-17 06:53:15.888 [main] BasicTypeRegistry - Adding type registration java.time.LocalTime -> org.hibernate.type.LocalTimeType@736ac09a
[DEBUG] 2020-02-17 06:53:15.890 [main] BasicTypeRegistry - Adding type registration OffsetDateTime -> org.hibernate.type.OffsetDateTimeType@74fef3f7
[DEBUG] 2020-02-17 06:53:15.890 [main] BasicTypeRegistry - Adding type registration java.time.OffsetDateTime -> org.hibernate.type.OffsetDateTimeType@74fef3f7
[DEBUG] 2020-02-17 06:53:15.891 [main] BasicTypeRegistry - Adding type registration OffsetTime -> org.hibernate.type.OffsetTimeType@516ebdf8
[DEBUG] 2020-02-17 06:53:15.892 [main] BasicTypeRegistry - Adding type registration java.time.OffsetTime -> org.hibernate.type.OffsetTimeType@516ebdf8
[DEBUG] 2020-02-17 06:53:15.893 [main] BasicTypeRegistry - Adding type registration ZonedDateTime -> org.hibernate.type.ZonedDateTimeType@7c2a69b4
[DEBUG] 2020-02-17 06:53:15.893 [main] BasicTypeRegistry - Adding type registration java.time.ZonedDateTime -> org.hibernate.type.ZonedDateTimeType@7c2a69b4
[DEBUG] 2020-02-17 06:53:15.895 [main] BasicTypeRegistry - Adding type registration date -> org.hibernate.type.DateType@2189e7a7
[DEBUG] 2020-02-17 06:53:15.895 [main] BasicTypeRegistry - Adding type registration java.sql.Date -> org.hibernate.type.DateType@2189e7a7
[DEBUG] 2020-02-17 06:53:15.897 [main] BasicTypeRegistry - Adding type registration time -> org.hibernate.type.TimeType@4d847d32
[DEBUG] 2020-02-17 06:53:15.897 [main] BasicTypeRegistry - Adding type registration java.sql.Time -> org.hibernate.type.TimeType@4d847d32
[DEBUG] 2020-02-17 06:53:15.898 [main] BasicTypeRegistry - Adding type registration timestamp -> org.hibernate.type.TimestampType@6ad11a56
[DEBUG] 2020-02-17 06:53:15.898 [main] BasicTypeRegistry - Adding type registration java.sql.Timestamp -> org.hibernate.type.TimestampType@6ad11a56
[DEBUG] 2020-02-17 06:53:15.899 [main] BasicTypeRegistry - Adding type registration java.util.Date -> org.hibernate.type.TimestampType@6ad11a56
[DEBUG] 2020-02-17 06:53:15.900 [main] BasicTypeRegistry - Adding type registration dbtimestamp -> org.hibernate.type.DbTimestampType@7c8326a4
[DEBUG] 2020-02-17 06:53:15.902 [main] BasicTypeRegistry - Adding type registration calendar -> org.hibernate.type.CalendarType@60baef24
[DEBUG] 2020-02-17 06:53:15.903 [main] BasicTypeRegistry - Adding type registration java.util.Calendar -> org.hibernate.type.CalendarType@60baef24
[DEBUG] 2020-02-17 06:53:15.903 [main] BasicTypeRegistry - Adding type registration java.util.GregorianCalendar -> org.hibernate.type.CalendarType@60baef24
[DEBUG] 2020-02-17 06:53:15.904 [main] BasicTypeRegistry - Adding type registration calendar_date -> org.hibernate.type.CalendarDateType@6ad5923a
[DEBUG] 2020-02-17 06:53:15.905 [main] BasicTypeRegistry - Adding type registration locale -> org.hibernate.type.LocaleType@6f6962ba
[DEBUG] 2020-02-17 06:53:15.906 [main] BasicTypeRegistry - Adding type registration java.util.Locale -> org.hibernate.type.LocaleType@6f6962ba
[DEBUG] 2020-02-17 06:53:15.907 [main] BasicTypeRegistry - Adding type registration currency -> org.hibernate.type.CurrencyType@3fbfa96
[DEBUG] 2020-02-17 06:53:15.908 [main] BasicTypeRegistry - Adding type registration java.util.Currency -> org.hibernate.type.CurrencyType@3fbfa96
[DEBUG] 2020-02-17 06:53:15.909 [main] BasicTypeRegistry - Adding type registration timezone -> org.hibernate.type.TimeZoneType@301d8120
[DEBUG] 2020-02-17 06:53:15.909 [main] BasicTypeRegistry - Adding type registration java.util.TimeZone -> org.hibernate.type.TimeZoneType@301d8120
[DEBUG] 2020-02-17 06:53:15.910 [main] BasicTypeRegistry - Adding type registration class -> org.hibernate.type.ClassType@3e134896
[DEBUG] 2020-02-17 06:53:15.910 [main] BasicTypeRegistry - Adding type registration java.lang.Class -> org.hibernate.type.ClassType@3e134896
[DEBUG] 2020-02-17 06:53:15.912 [main] BasicTypeRegistry - Adding type registration uuid-binary -> org.hibernate.type.UUIDBinaryType@2d0bfb24
[DEBUG] 2020-02-17 06:53:15.912 [main] BasicTypeRegistry - Adding type registration java.util.UUID -> org.hibernate.type.UUIDBinaryType@2d0bfb24
[DEBUG] 2020-02-17 06:53:15.913 [main] BasicTypeRegistry - Adding type registration uuid-char -> org.hibernate.type.UUIDCharType@38499e48
[DEBUG] 2020-02-17 06:53:15.914 [main] BasicTypeRegistry - Adding type registration binary -> org.hibernate.type.BinaryType@693e4d19
[DEBUG] 2020-02-17 06:53:15.914 [main] BasicTypeRegistry - Adding type registration byte[] -> org.hibernate.type.BinaryType@693e4d19
[DEBUG] 2020-02-17 06:53:15.915 [main] BasicTypeRegistry - Adding type registration [B -> org.hibernate.type.BinaryType@693e4d19
[DEBUG] 2020-02-17 06:53:15.915 [main] BasicTypeRegistry - Adding type registration wrapper-binary -> org.hibernate.type.WrapperBinaryType@57bd802b
[DEBUG] 2020-02-17 06:53:15.917 [main] BasicTypeRegistry - Adding type registration Byte[] -> org.hibernate.type.WrapperBinaryType@57bd802b
[DEBUG] 2020-02-17 06:53:15.918 [main] BasicTypeRegistry - Adding type registration [Ljava.lang.Byte; -> org.hibernate.type.WrapperBinaryType@57bd802b
[DEBUG] 2020-02-17 06:53:15.920 [main] BasicTypeRegistry - Adding type registration row_version -> org.hibernate.type.RowVersionType@27068a50
[DEBUG] 2020-02-17 06:53:15.921 [main] BasicTypeRegistry - Adding type registration image -> org.hibernate.type.ImageType@48bfb884
[DEBUG] 2020-02-17 06:53:15.922 [main] BasicTypeRegistry - Adding type registration characters -> org.hibernate.type.CharArrayType@4525d1d3
[DEBUG] 2020-02-17 06:53:15.922 [main] BasicTypeRegistry - Adding type registration char[] -> org.hibernate.type.CharArrayType@4525d1d3
[DEBUG] 2020-02-17 06:53:15.923 [main] BasicTypeRegistry - Adding type registration [C -> org.hibernate.type.CharArrayType@4525d1d3
[DEBUG] 2020-02-17 06:53:15.924 [main] BasicTypeRegistry - Adding type registration wrapper-characters -> org.hibernate.type.CharacterArrayType@773bd77b
[DEBUG] 2020-02-17 06:53:15.924 [main] BasicTypeRegistry - Adding type registration [Ljava.lang.Character; -> org.hibernate.type.CharacterArrayType@773bd77b
[DEBUG] 2020-02-17 06:53:15.924 [main] BasicTypeRegistry - Adding type registration Character[] -> org.hibernate.type.CharacterArrayType@773bd77b
[DEBUG] 2020-02-17 06:53:15.926 [main] BasicTypeRegistry - Adding type registration text -> org.hibernate.type.TextType@47c64cfe
[DEBUG] 2020-02-17 06:53:15.926 [main] BasicTypeRegistry - Adding type registration ntext -> org.hibernate.type.NTextType@6f8f8a80
[DEBUG] 2020-02-17 06:53:15.928 [main] BasicTypeRegistry - Adding type registration blob -> org.hibernate.type.BlobType@588ffeb
[DEBUG] 2020-02-17 06:53:15.928 [main] BasicTypeRegistry - Adding type registration java.sql.Blob -> org.hibernate.type.BlobType@588ffeb
[DEBUG] 2020-02-17 06:53:15.929 [main] BasicTypeRegistry - Adding type registration materialized_blob -> org.hibernate.type.MaterializedBlobType@25d958c6
[DEBUG] 2020-02-17 06:53:15.931 [main] BasicTypeRegistry - Adding type registration clob -> org.hibernate.type.ClobType@6443b128
[DEBUG] 2020-02-17 06:53:15.931 [main] BasicTypeRegistry - Adding type registration java.sql.Clob -> org.hibernate.type.ClobType@6443b128
[DEBUG] 2020-02-17 06:53:15.933 [main] BasicTypeRegistry - Adding type registration nclob -> org.hibernate.type.NClobType@847f3e7
[DEBUG] 2020-02-17 06:53:15.934 [main] BasicTypeRegistry - Adding type registration java.sql.NClob -> org.hibernate.type.NClobType@847f3e7
[DEBUG] 2020-02-17 06:53:15.935 [main] BasicTypeRegistry - Adding type registration materialized_clob -> org.hibernate.type.MaterializedClobType@6ad6fa53
[DEBUG] 2020-02-17 06:53:15.936 [main] BasicTypeRegistry - Adding type registration materialized_nclob -> org.hibernate.type.MaterializedNClobType@4a03bb68
[DEBUG] 2020-02-17 06:53:15.938 [main] BasicTypeRegistry - Adding type registration serializable -> org.hibernate.type.SerializableType@5c20ffa8
[DEBUG] 2020-02-17 06:53:15.950 [main] BasicTypeRegistry - Adding type registration object -> org.hibernate.type.ObjectType@25b865b5
[DEBUG] 2020-02-17 06:53:15.950 [main] BasicTypeRegistry - Adding type registration java.lang.Object -> org.hibernate.type.ObjectType@25b865b5
[DEBUG] 2020-02-17 06:53:15.951 [main] BasicTypeRegistry - Adding type registration imm_date -> org.hibernate.type.AdaptedImmutableType@bdecc21
[DEBUG] 2020-02-17 06:53:15.952 [main] BasicTypeRegistry - Adding type registration imm_time -> org.hibernate.type.AdaptedImmutableType@5e3a39cd
[DEBUG] 2020-02-17 06:53:15.957 [main] BasicTypeRegistry - Adding type registration imm_timestamp -> org.hibernate.type.AdaptedImmutableType@21f9277b
[DEBUG] 2020-02-17 06:53:15.957 [main] BasicTypeRegistry - Adding type registration imm_dbtimestamp -> org.hibernate.type.AdaptedImmutableType@201aa8c1
[DEBUG] 2020-02-17 06:53:15.958 [main] BasicTypeRegistry - Adding type registration imm_calendar -> org.hibernate.type.AdaptedImmutableType@5d58c727
[DEBUG] 2020-02-17 06:53:15.958 [main] BasicTypeRegistry - Adding type registration imm_calendar_date -> org.hibernate.type.AdaptedImmutableType@52a36910
[DEBUG] 2020-02-17 06:53:15.958 [main] BasicTypeRegistry - Adding type registration imm_binary -> org.hibernate.type.AdaptedImmutableType@3a095ec0
[DEBUG] 2020-02-17 06:53:15.958 [main] BasicTypeRegistry - Adding type registration imm_serializable -> org.hibernate.type.AdaptedImmutableType@4f20a5e0
[DEBUG] 2020-02-17 06:53:16.012 [main] DefaultIdentifierGeneratorFactory - Registering IdentifierGenerator strategy [uuid2] -> [org.hibernate.id.UUIDGenerator]
[DEBUG] 2020-02-17 06:53:16.013 [main] DefaultIdentifierGeneratorFactory - Registering IdentifierGenerator strategy [guid] -> [org.hibernate.id.GUIDGenerator]
[DEBUG] 2020-02-17 06:53:16.017 [main] DefaultIdentifierGeneratorFactory - Registering IdentifierGenerator strategy [uuid] -> [org.hibernate.id.UUIDHexGenerator]
[DEBUG] 2020-02-17 06:53:16.017 [main] DefaultIdentifierGeneratorFactory - Registering IdentifierGenerator strategy [uuid.hex] -> [org.hibernate.id.UUIDHexGenerator]
[DEBUG] 2020-02-17 06:53:16.019 [main] DefaultIdentifierGeneratorFactory - Registering IdentifierGenerator strategy [assigned] -> [org.hibernate.id.Assigned]
[DEBUG] 2020-02-17 06:53:16.021 [main] DefaultIdentifierGeneratorFactory - Registering IdentifierGenerator strategy [identity] -> [org.hibernate.id.IdentityGenerator]
[DEBUG] 2020-02-17 06:53:16.023 [main] DefaultIdentifierGeneratorFactory - Registering IdentifierGenerator strategy [select] -> [org.hibernate.id.SelectGenerator]
[DEBUG] 2020-02-17 06:53:16.024 [main] DefaultIdentifierGeneratorFactory - Registering IdentifierGenerator strategy [sequence] -> [org.hibernate.id.enhanced.SequenceStyleGenerator]
[DEBUG] 2020-02-17 06:53:16.024 [main] DefaultIdentifierGeneratorFactory - Registering IdentifierGenerator strategy [seqhilo] -> [org.hibernate.id.SequenceHiLoGenerator]
[DEBUG] 2020-02-17 06:53:16.025 [main] DefaultIdentifierGeneratorFactory - Registering IdentifierGenerator strategy [increment] -> [org.hibernate.id.IncrementGenerator]
[DEBUG] 2020-02-17 06:53:16.029 [main] DefaultIdentifierGeneratorFactory - Registering IdentifierGenerator strategy [foreign] -> [org.hibernate.id.ForeignGenerator]
[DEBUG] 2020-02-17 06:53:16.029 [main] DefaultIdentifierGeneratorFactory - Registering IdentifierGenerator strategy [sequence-identity] -> [org.hibernate.id.SequenceIdentityGenerator]
[DEBUG] 2020-02-17 06:53:16.029 [main] DefaultIdentifierGeneratorFactory - Registering IdentifierGenerator strategy [enhanced-sequence] -> [org.hibernate.id.enhanced.SequenceStyleGenerator]
[DEBUG] 2020-02-17 06:53:16.030 [main] DefaultIdentifierGeneratorFactory - Registering IdentifierGenerator strategy [enhanced-table] -> [org.hibernate.id.enhanced.TableGenerator]
[INFO ] 2020-02-17 06:53:16.035 [main] C3P0ConnectionProvider - HHH010002: C3P0 using driver: com.mysql.cj.jdbc.Driver at URL: jdbc:mysql://localhost:3306/test_practiceHacker
[INFO ] 2020-02-17 06:53:16.035 [main] C3P0ConnectionProvider - HHH10001001: Connection properties: {password=****, user=root}
[INFO ] 2020-02-17 06:53:16.035 [main] C3P0ConnectionProvider - HHH10001003: Autocommit mode: false
[INFO ] 2020-02-17 06:53:16.187 [main] C3P0ConnectionProvider - HHH10001007: JDBC isolation level: <unknown>
[DEBUG] 2020-02-17 06:53:16.787 [main] JdbcEnvironmentInitiator - Database ->
       name : MySQL
    version : 8.0.19
      major : 8
      minor : 0
[DEBUG] 2020-02-17 06:53:16.787 [main] JdbcEnvironmentInitiator - Driver ->
       name : MySQL Connector/J
    version : mysql-connector-java-8.0.19 (Revision: a0ca826f5cdf51a98356fdfb1bf251eb042f80bf)
      major : 8
      minor : 0
[DEBUG] 2020-02-17 06:53:16.788 [main] JdbcEnvironmentInitiator - JDBC version : 4.2
[INFO ] 2020-02-17 06:53:16.850 [main] Dialect - HHH000400: Using dialect: org.hibernate.dialect.MySQL8Dialect
[DEBUG] 2020-02-17 06:53:16.870 [main] IdentifierHelperBuilder - JDBC driver metadata reported database stores quoted identifiers in more than one case
[DEBUG] 2020-02-17 06:53:16.902 [main] IdentifierHelperBuilder - IdentifierCaseStrategy for both quoted and unquoted identifiers was set to the same strategy [MIXED]; that will likely lead to problems in schema update and validation if using quoted identifiers
[DEBUG] 2020-02-17 06:53:16.948 [main] Namespace - Created database namespace [logicalName=Name{catalog=null, schema=null}, physicalName=Name{catalog=null, schema=null}]
[DEBUG] 2020-02-17 06:53:16.951 [main] TypeConfiguration$Scope - Scoping TypeConfiguration [org.hibernate.type.spi.TypeConfiguration@58b71ceb] to MetadataBuildingContext [org.hibernate.boot.internal.MetadataBuildingContextRootImpl@255e5e2e]
[DEBUG] 2020-02-17 06:53:17.006 [main] AnnotationBinder - Binding entity from annotated class: stalterclouse.elspeth.entity.User
[DEBUG] 2020-02-17 06:53:17.028 [main] Ejb3Column - Binding column: Ejb3DiscriminatorColumn{logicalColumnName'DTYPE', discriminatorTypeName='string'}
[DEBUG] 2020-02-17 06:53:17.032 [main] EntityBinder - Import with entity name User
[DEBUG] 2020-02-17 06:53:17.035 [main] EntityBinder - Bind entity stalterclouse.elspeth.entity.User on table users
[DEBUG] 2020-02-17 06:53:17.054 [main] Ejb3Column - Binding column: Ejb3Column{table=org.hibernate.mapping.Table(users), mappingColumn=id, insertable=true, updatable=true, unique=false}
[DEBUG] 2020-02-17 06:53:17.057 [main] PropertyBinder - MetadataSourceProcessor property id with lazy=false
[DEBUG] 2020-02-17 06:53:17.059 [main] AbstractPropertyHolder - Attempting to locate auto-apply AttributeConverter for property [stalterclouse.elspeth.entity.User:id]
[DEBUG] 2020-02-17 06:53:17.062 [main] SimpleValueBinder - building SimpleValue for id
[DEBUG] 2020-02-17 06:53:17.066 [main] PropertyBinder - Building property id
[DEBUG] 2020-02-17 06:53:17.070 [main] BinderHelper - #makeIdGenerator(org.hibernate.mapping.SimpleValue([org.hibernate.mapping.Column(id)]), id, org.hibernate.id.enhanced.SequenceStyleGenerator, native, ...)
[DEBUG] 2020-02-17 06:53:17.072 [main] Ejb3Column - Binding column: Ejb3Column{table=org.hibernate.mapping.Table(users), mappingColumn=birth_date, insertable=true, updatable=true, unique=false}
[DEBUG] 2020-02-17 06:53:17.072 [main] PropertyBinder - MetadataSourceProcessor property birthDate with lazy=false
[DEBUG] 2020-02-17 06:53:17.072 [main] AbstractPropertyHolder - Attempting to locate auto-apply AttributeConverter for property [stalterclouse.elspeth.entity.User:birthDate]
[DEBUG] 2020-02-17 06:53:17.072 [main] SimpleValueBinder - building SimpleValue for birthDate
[DEBUG] 2020-02-17 06:53:17.072 [main] PropertyBinder - Building property birthDate
[DEBUG] 2020-02-17 06:53:17.072 [main] Ejb3Column - Binding column: Ejb3Column{table=org.hibernate.mapping.Table(users), mappingColumn=first_name, insertable=true, updatable=true, unique=false}
[DEBUG] 2020-02-17 06:53:17.073 [main] PropertyBinder - MetadataSourceProcessor property firstName with lazy=false
[DEBUG] 2020-02-17 06:53:17.073 [main] AbstractPropertyHolder - Attempting to locate auto-apply AttributeConverter for property [stalterclouse.elspeth.entity.User:firstName]
[DEBUG] 2020-02-17 06:53:17.073 [main] SimpleValueBinder - building SimpleValue for firstName
[DEBUG] 2020-02-17 06:53:17.073 [main] PropertyBinder - Building property firstName
[DEBUG] 2020-02-17 06:53:17.073 [main] Ejb3Column - Binding column: Ejb3Column{table=org.hibernate.mapping.Table(users), mappingColumn=instrument, insertable=true, updatable=true, unique=false}
[DEBUG] 2020-02-17 06:53:17.074 [main] PropertyBinder - MetadataSourceProcessor property instrument with lazy=false
[DEBUG] 2020-02-17 06:53:17.074 [main] AbstractPropertyHolder - Attempting to locate auto-apply AttributeConverter for property [stalterclouse.elspeth.entity.User:instrument]
[DEBUG] 2020-02-17 06:53:17.074 [main] SimpleValueBinder - building SimpleValue for instrument
[DEBUG] 2020-02-17 06:53:17.074 [main] PropertyBinder - Building property instrument
[DEBUG] 2020-02-17 06:53:17.074 [main] Ejb3Column - Binding column: Ejb3Column{table=org.hibernate.mapping.Table(users), mappingColumn=last_name, insertable=true, updatable=true, unique=false}
[DEBUG] 2020-02-17 06:53:17.075 [main] PropertyBinder - MetadataSourceProcessor property lastName with lazy=false
[DEBUG] 2020-02-17 06:53:17.075 [main] AbstractPropertyHolder - Attempting to locate auto-apply AttributeConverter for property [stalterclouse.elspeth.entity.User:lastName]
[DEBUG] 2020-02-17 06:53:17.075 [main] SimpleValueBinder - building SimpleValue for lastName
[DEBUG] 2020-02-17 06:53:17.075 [main] PropertyBinder - Building property lastName
[DEBUG] 2020-02-17 06:53:17.075 [main] Ejb3Column - Binding column: Ejb3Column{table=org.hibernate.mapping.Table(users), mappingColumn=password, insertable=true, updatable=true, unique=false}
[DEBUG] 2020-02-17 06:53:17.075 [main] PropertyBinder - MetadataSourceProcessor property password with lazy=false
[DEBUG] 2020-02-17 06:53:17.075 [main] AbstractPropertyHolder - Attempting to locate auto-apply AttributeConverter for property [stalterclouse.elspeth.entity.User:password]
[DEBUG] 2020-02-17 06:53:17.075 [main] SimpleValueBinder - building SimpleValue for password
[DEBUG] 2020-02-17 06:53:17.075 [main] PropertyBinder - Building property password
[DEBUG] 2020-02-17 06:53:17.075 [main] Ejb3Column - Binding column: Ejb3Column{table=org.hibernate.mapping.Table(users), mappingColumn=practice_counter, insertable=true, updatable=true, unique=false}
[DEBUG] 2020-02-17 06:53:17.075 [main] PropertyBinder - MetadataSourceProcessor property practiceCounter with lazy=false
[DEBUG] 2020-02-17 06:53:17.075 [main] AbstractPropertyHolder - Attempting to locate auto-apply AttributeConverter for property [stalterclouse.elspeth.entity.User:practiceCounter]
[DEBUG] 2020-02-17 06:53:17.076 [main] SimpleValueBinder - building SimpleValue for practiceCounter
[DEBUG] 2020-02-17 06:53:17.076 [main] PropertyBinder - Building property practiceCounter
[DEBUG] 2020-02-17 06:53:17.076 [main] Ejb3Column - Binding column: Ejb3Column{table=org.hibernate.mapping.Table(users), mappingColumn=skill_level, insertable=true, updatable=true, unique=false}
[DEBUG] 2020-02-17 06:53:17.076 [main] PropertyBinder - MetadataSourceProcessor property skillLevel with lazy=false
[DEBUG] 2020-02-17 06:53:17.076 [main] AbstractPropertyHolder - Attempting to locate auto-apply AttributeConverter for property [stalterclouse.elspeth.entity.User:skillLevel]
[DEBUG] 2020-02-17 06:53:17.076 [main] SimpleValueBinder - building SimpleValue for skillLevel
[DEBUG] 2020-02-17 06:53:17.076 [main] PropertyBinder - Building property skillLevel
[DEBUG] 2020-02-17 06:53:17.076 [main] Ejb3Column - Binding column: Ejb3Column{table=org.hibernate.mapping.Table(users), mappingColumn=studio_size, insertable=true, updatable=true, unique=false}
[DEBUG] 2020-02-17 06:53:17.076 [main] PropertyBinder - MetadataSourceProcessor property studioSize with lazy=false
[DEBUG] 2020-02-17 06:53:17.076 [main] AbstractPropertyHolder - Attempting to locate auto-apply AttributeConverter for property [stalterclouse.elspeth.entity.User:studioSize]
[DEBUG] 2020-02-17 06:53:17.077 [main] SimpleValueBinder - building SimpleValue for studioSize
[DEBUG] 2020-02-17 06:53:17.077 [main] PropertyBinder - Building property studioSize
[DEBUG] 2020-02-17 06:53:17.077 [main] Ejb3Column - Binding column: Ejb3Column{table=org.hibernate.mapping.Table(users), mappingColumn=username, insertable=true, updatable=true, unique=false}
[DEBUG] 2020-02-17 06:53:17.077 [main] PropertyBinder - MetadataSourceProcessor property username with lazy=false
[DEBUG] 2020-02-17 06:53:17.077 [main] AbstractPropertyHolder - Attempting to locate auto-apply AttributeConverter for property [stalterclouse.elspeth.entity.User:username]
[DEBUG] 2020-02-17 06:53:17.077 [main] SimpleValueBinder - building SimpleValue for username
[DEBUG] 2020-02-17 06:53:17.077 [main] PropertyBinder - Building property username
[DEBUG] 2020-02-17 06:53:17.079 [main] SimpleValueBinder - Starting fillSimpleValue for id
[DEBUG] 2020-02-17 06:53:17.079 [main] SimpleValueBinder - Starting fillSimpleValue for birthDate
[DEBUG] 2020-02-17 06:53:17.080 [main] SimpleValueBinder - Starting fillSimpleValue for firstName
[DEBUG] 2020-02-17 06:53:17.080 [main] SimpleValueBinder - Starting fillSimpleValue for instrument
[DEBUG] 2020-02-17 06:53:17.080 [main] SimpleValueBinder - Starting fillSimpleValue for lastName
[DEBUG] 2020-02-17 06:53:17.080 [main] SimpleValueBinder - Starting fillSimpleValue for password
[DEBUG] 2020-02-17 06:53:17.080 [main] SimpleValueBinder - Starting fillSimpleValue for practiceCounter
[DEBUG] 2020-02-17 06:53:17.080 [main] SimpleValueBinder - Starting fillSimpleValue for skillLevel
[DEBUG] 2020-02-17 06:53:17.080 [main] SimpleValueBinder - Starting fillSimpleValue for studioSize
[DEBUG] 2020-02-17 06:53:17.080 [main] SimpleValueBinder - Starting fillSimpleValue for username
[DEBUG] 2020-02-17 06:53:17.081 [main] PrimaryKey - Forcing column [id] to be non-null as it is part of the primary key for table [users]
[DEBUG] 2020-02-17 06:53:17.109 [main] SessionFactoryImpl - Building session factory
[DEBUG] 2020-02-17 06:53:17.110 [main] Settings - SessionFactory name : null
[DEBUG] 2020-02-17 06:53:17.110 [main] Settings - Automatic flush during beforeCompletion(): enabled
[DEBUG] 2020-02-17 06:53:17.110 [main] Settings - Automatic session close at end of transaction: disabled
[DEBUG] 2020-02-17 06:53:17.110 [main] Settings - Statistics: disabled
[DEBUG] 2020-02-17 06:53:17.110 [main] Settings - Deleted entity synthetic identifier rollback: disabled
[DEBUG] 2020-02-17 06:53:17.110 [main] Settings - Default entity-mode: pojo
[DEBUG] 2020-02-17 06:53:17.111 [main] Settings - Check Nullability in Core (should be disabled when Bean Validation is on): enabled
[DEBUG] 2020-02-17 06:53:17.111 [main] Settings - Allow initialization of lazy state outside session : disabled
[DEBUG] 2020-02-17 06:53:17.111 [main] Settings - Using BatchFetchStyle : LEGACY
[DEBUG] 2020-02-17 06:53:17.111 [main] Settings - Default batch fetch size: -1
[DEBUG] 2020-02-17 06:53:17.111 [main] Settings - Maximum outer join fetch depth: 2
[DEBUG] 2020-02-17 06:53:17.111 [main] Settings - Default null ordering: NONE
[DEBUG] 2020-02-17 06:53:17.111 [main] Settings - Order SQL updates by primary key: disabled
[DEBUG] 2020-02-17 06:53:17.111 [main] Settings - Order SQL inserts for batching: disabled
[DEBUG] 2020-02-17 06:53:17.111 [main] Settings - multi-tenancy strategy : NONE
[DEBUG] 2020-02-17 06:53:17.111 [main] Settings - JTA Track by Thread: enabled
[DEBUG] 2020-02-17 06:53:17.111 [main] Settings - Query language substitutions: {}
[DEBUG] 2020-02-17 06:53:17.111 [main] Settings - Named query checking : enabled
[DEBUG] 2020-02-17 06:53:17.111 [main] Settings - Second-level cache: disabled
[DEBUG] 2020-02-17 06:53:17.111 [main] Settings - Second-level query cache: disabled
[DEBUG] 2020-02-17 06:53:17.111 [main] Settings - Second-level query cache factory: null
[DEBUG] 2020-02-17 06:53:17.111 [main] Settings - Second-level cache region prefix: null
[DEBUG] 2020-02-17 06:53:17.111 [main] Settings - Optimize second-level cache for minimal puts: disabled
[DEBUG] 2020-02-17 06:53:17.111 [main] Settings - Structured second-level cache entries: disabled
[DEBUG] 2020-02-17 06:53:17.111 [main] Settings - Second-level cache direct-reference entries: disabled
[DEBUG] 2020-02-17 06:53:17.112 [main] Settings - Automatic eviction of collection cache: disabled
[DEBUG] 2020-02-17 06:53:17.112 [main] Settings - JDBC batch size: 15
[DEBUG] 2020-02-17 06:53:17.112 [main] Settings - JDBC batch updates for versioned data: enabled
[DEBUG] 2020-02-17 06:53:17.112 [main] Settings - Scrollable result sets: enabled
[DEBUG] 2020-02-17 06:53:17.112 [main] Settings - Wrap result sets: disabled
[DEBUG] 2020-02-17 06:53:17.112 [main] Settings - JDBC3 getGeneratedKeys(): enabled
[DEBUG] 2020-02-17 06:53:17.112 [main] Settings - JDBC result set fetch size: null
[DEBUG] 2020-02-17 06:53:17.112 [main] Settings - Connection release mode: AFTER_TRANSACTION
[DEBUG] 2020-02-17 06:53:17.112 [main] Settings - Generate SQL with comments: disabled
[DEBUG] 2020-02-17 06:53:17.112 [main] Settings - JPA compliance - query : 
[DEBUG] 2020-02-17 06:53:17.112 [main] Settings - JPA compliance - closed-handling : 
[DEBUG] 2020-02-17 06:53:17.112 [main] Settings - JPA compliance - lists : 
[DEBUG] 2020-02-17 06:53:17.112 [main] Settings - JPA compliance - transactions : 
[INFO ] 2020-02-17 06:53:17.163 [main] beans - HHH10005002: No explicit CDI BeanManager reference was passed to Hibernate, but CDI is available on the Hibernate ClassLoader.
[DEBUG] 2020-02-17 06:53:17.179 [main] SessionFactoryImpl - Session factory constructed with filter configurations : {}
[DEBUG] 2020-02-17 06:53:17.180 [main] SessionFactoryImpl - Instantiating session factory with properties: {sun.desktop=gnome, awt.toolkit=sun.awt.X11.XToolkit, java.specification.version=11, sun.cpu.isalist=, hibernate.c3p0.idle_test_period=3000, sun.jnu.encoding=UTF-8, hibernate.c3p0.min_size=5, java.class.path=/home/student/intellij/lib/idea_rt.jar:/home/student/intellij/plugins/junit/lib/junit5-rt.jar:/home/student/intellij/plugins/junit/lib/junit-rt.jar:/home/student/IdeaProjects/practiceHackerTracker/practiceHackerTracker/target/test-classes:/home/student/IdeaProjects/practiceHackerTracker/practiceHackerTracker/target/classes:/home/student/.m2/repository/org/junit/platform/junit-platform-runner/1.0.0/junit-platform-runner-1.0.0.jar:/home/student/.m2/repository/org/apiguardian/apiguardian-api/1.0.0/apiguardian-api-1.0.0.jar:/home/student/.m2/repository/org/junit/platform/junit-platform-launcher/1.0.0/junit-platform-launcher-1.0.0.jar:/home/student/.m2/repository/org/junit/platform/junit-platform-suite-api/1.0.0/junit-platform-suite-api-1.0.0.jar:/home/student/.m2/repository/org/junit/platform/junit-platform-commons/1.0.0/junit-platform-commons-1.0.0.jar:/home/student/.m2/repository/org/junit/vintage/junit-vintage-engine/4.12.0/junit-vintage-engine-4.12.0.jar:/home/student/.m2/repository/org/junit/platform/junit-platform-engine/1.0.0/junit-platform-engine-1.0.0.jar:/home/student/.m2/repository/org/opentest4j/opentest4j/1.0.0/opentest4j-1.0.0.jar:/home/student/.m2/repository/org/junit/jupiter/junit-jupiter-engine/5.0.0/junit-jupiter-engine-5.0.0.jar:/home/student/.m2/repository/org/junit/jupiter/junit-jupiter-api/5.0.0/junit-jupiter-api-5.0.0.jar:/home/student/.m2/repository/junit/junit/4.12/junit-4.12.jar:/home/student/.m2/repository/org/hamcrest/hamcrest-core/1.3/hamcrest-core-1.3.jar:/home/student/.m2/repository/javax/javaee-web-api/7.0/javaee-web-api-7.0.jar:/home/student/.m2/repository/mysql/mysql-connector-java/8.0.19/mysql-connector-java-8.0.19.jar:/home/student/.m2/repository/com/google/protobuf/protobuf-java/3.6.1/protobuf-java-3.6.1.jar:/home/student/.m2/repository/jstl/jstl/1.2/jstl-1.2.jar:/home/student/.m2/repository/org/apache/logging/log4j/log4j-api/2.10.0/log4j-api-2.10.0.jar:/home/student/.m2/repository/org/apache/logging/log4j/log4j-core/2.10.0/log4j-core-2.10.0.jar:/home/student/.m2/repository/org/hibernate/hibernate-core/5.4.4.Final/hibernate-core-5.4.4.Final.jar:/home/student/.m2/repository/org/jboss/logging/jboss-logging/3.3.2.Final/jboss-logging-3.3.2.Final.jar:/home/student/.m2/repository/javax/persistence/javax.persistence-api/2.2/javax.persistence-api-2.2.jar:/home/student/.m2/repository/org/javassist/javassist/3.24.0-GA/javassist-3.24.0-GA.jar:/home/student/.m2/repository/net/bytebuddy/byte-buddy/1.9.11/byte-buddy-1.9.11.jar:/home/student/.m2/repository/antlr/antlr/2.7.7/antlr-2.7.7.jar:/home/student/.m2/repository/org/jboss/spec/javax/transaction/jboss-transaction-api_1.2_spec/1.1.1.Final/jboss-transaction-api_1.2_spec-1.1.1.Final.jar:/home/student/.m2/repository/org/jboss/jandex/2.0.5.Final/jandex-2.0.5.Final.jar:/home/student/.m2/repository/com/fasterxml/classmate/1.3.4/classmate-1.3.4.jar:/home/student/.m2/repository/javax/activation/javax.activation-api/1.2.0/javax.activation-api-1.2.0.jar:/home/student/.m2/repository/org/dom4j/dom4j/2.1.1/dom4j-2.1.1.jar:/home/student/.m2/repository/org/hibernate/common/hibernate-commons-annotations/5.1.0.Final/hibernate-commons-annotations-5.1.0.Final.jar:/home/student/.m2/repository/javax/xml/bind/jaxb-api/2.3.1/jaxb-api-2.3.1.jar:/home/student/.m2/repository/org/glassfish/jaxb/jaxb-runtime/2.3.1/jaxb-runtime-2.3.1.jar:/home/student/.m2/repository/org/glassfish/jaxb/txw2/2.3.1/txw2-2.3.1.jar:/home/student/.m2/repository/com/sun/istack/istack-commons-runtime/3.0.7/istack-commons-runtime-3.0.7.jar:/home/student/.m2/repository/org/jvnet/staxex/stax-ex/1.8/stax-ex-1.8.jar:/home/student/.m2/repository/com/sun/xml/fastinfoset/FastInfoset/1.2.15/FastInfoset-1.2.15.jar:/home/student/.m2/repository/org/hibernate/hibernate-c3p0/5.4.4.Final/hibernate-c3p0-5.4.4.Final.jar:/home/student/.m2/repository/com/mchange/c3p0/0.9.5.3/c3p0-0.9.5.3.jar:/home/student/.m2/repository/com/mchange/mchange-commons-java/0.2.15/mchange-commons-java-0.2.15.jar:/home/student/.m2/repository/org/projectlombok/lombok/1.18.12/lombok-1.18.12.jar, java.vm.vendor=Ubuntu, sun.arch.data.model=64, idea.test.cyclic.buffer.size=1048576, java.vendor.url=https://ubuntu.com/, user.timezone=America/Chicago, os.name=Linux, java.vm.specification.version=11, sun.java.launcher=SUN_STANDARD, user.country=US, sun.boot.library.path=/usr/lib/jvm/java-11-openjdk-amd64/lib, sun.java.command=com.intellij.rt.junit.JUnitStarter -ideVersion5 -junit5 stalterclouse.elspeth.persistence.UserDaoTest,insertSuccess, jdk.debug=release, sun.cpu.endian=little, user.home=/home/student, hibernate.c3p0.max_statements=50, user.language=en, java.specification.vendor=Oracle Corporation, java.version.date=2020-01-14, java.home=/usr/lib/jvm/java-11-openjdk-amd64, file.separator=/, java.vm.compressedOopsMode=32-bit, line.separator=
, hibernate.c3p0.timeout=300, java.specification.name=Java Platform API Specification, java.vm.specification.vendor=Oracle Corporation, java.awt.graphicsenv=sun.awt.X11GraphicsEnvironment, connection.password=student, sun.management.compiler=HotSpot 64-Bit Tiered Compilers, hibernate.c3p0.max_size=20, java.runtime.version=11.0.6+10-post-Ubuntu-1ubuntu118.04.1, user.name=student, path.separator=:, hibernate.connection.username=****, os.version=5.3.0-28-generic, java.runtime.name=OpenJDK Runtime Environment, hibernate.connection.url=jdbc:mysql://localhost:3306/test_practiceHacker, file.encoding=UTF-8, java.vm.name=OpenJDK 64-Bit Server VM, hibernate.connection.driver_class=com.mysql.cj.jdbc.Driver, java.vendor.url.bug=https://bugs.launchpad.net/ubuntu/+source/openjdk-lts, java.io.tmpdir=/tmp, java.version=11.0.6, user.dir=/home/student/IdeaProjects/practiceHackerTracker/practiceHackerTracker, os.arch=amd64, connection.username=root, java.vm.specification.name=Java Virtual Machine Specification, java.awt.printerjob=sun.print.PSPrinterJob, hibernate.connection.password=****, sun.os.patch.level=unknown, connection.driver_class=com.mysql.cj.jdbc.Driver, hibernate.boot.CfgXmlAccessService.key=org.hibernate.boot.cfgxml.spi.LoadedConfig@3291b443, java.library.path=/usr/java/packages/lib:/usr/lib/x86_64-linux-gnu/jni:/lib/x86_64-linux-gnu:/usr/lib/x86_64-linux-gnu:/usr/lib/jni:/lib:/usr/lib, java.vendor=Ubuntu, java.vm.info=mixed mode, sharing, java.vm.version=11.0.6+10-post-Ubuntu-1ubuntu118.04.1, hibernate.bytecode.use_reflection_optimizer=false, sun.io.unicode.encoding=UnicodeLittle, connection.url=jdbc:mysql://localhost:3306/test_practiceHacker, java.class.version=55.0}
[DEBUG] 2020-02-17 06:53:17.197 [main] TypeSafeActivator - Unable to acquire Bean Validation ValidatorFactory, skipping activation
[DEBUG] 2020-02-17 06:53:17.198 [main] JaccIntegrator - Skipping JACC integration as it was not enabled
[DEBUG] 2020-02-17 06:53:17.199 [main] SessionFactoryImpl - Instantiated session factory
[DEBUG] 2020-02-17 06:53:17.199 [main] TypeConfiguration$Scope - Scoping TypeConfiguration [org.hibernate.type.spi.TypeConfiguration@58b71ceb] to SessionFactoryImpl [org.hibernate.internal.SessionFactoryImpl@574b7f4a]
[DEBUG] 2020-02-17 06:53:17.246 [main] ClassLoaderAccessImpl - Not known whether passed class name [stalterclouse.elspeth.entity.User] is safe
[DEBUG] 2020-02-17 06:53:17.247 [main] ClassLoaderAccessImpl - No temp ClassLoader provided; using live ClassLoader for loading potentially unsafe class : stalterclouse.elspeth.entity.User
[DEBUG] 2020-02-17 06:53:17.259 [main] ClassLoaderAccessImpl - Not known whether passed class name [stalterclouse.elspeth.entity.User] is safe
[DEBUG] 2020-02-17 06:53:17.260 [main] ClassLoaderAccessImpl - No temp ClassLoader provided; using live ClassLoader for loading potentially unsafe class : stalterclouse.elspeth.entity.User
[DEBUG] 2020-02-17 06:53:17.542 [main] AbstractEntityPersister - Static SQL for entity: stalterclouse.elspeth.entity.User
[DEBUG] 2020-02-17 06:53:17.543 [main] AbstractEntityPersister -  Version select: select id from users where id =?
[DEBUG] 2020-02-17 06:53:17.543 [main] AbstractEntityPersister -  Snapshot select: select user_.id, user_.birth_date as birth_da2_0_, user_.first_name as first_na3_0_, user_.instrument as instrume4_0_, user_.last_name as last_nam5_0_, user_.password as password6_0_, user_.practice_counter as practice7_0_, user_.skill_level as skill_le8_0_, user_.studio_size as studio_s9_0_, user_.username as usernam10_0_ from users user_ where user_.id=?
[DEBUG] 2020-02-17 06:53:17.543 [main] AbstractEntityPersister -  Insert 0: insert into users (birth_date, first_name, instrument, last_name, password, practice_counter, skill_level, studio_size, username, id) values (?, ?, ?, ?, ?, ?, ?, ?, ?, ?)
[DEBUG] 2020-02-17 06:53:17.543 [main] AbstractEntityPersister -  Update 0: update users set birth_date=?, first_name=?, instrument=?, last_name=?, password=?, practice_counter=?, skill_level=?, studio_size=?, username=? where id=?
[DEBUG] 2020-02-17 06:53:17.544 [main] AbstractEntityPersister -  Delete 0: delete from users where id=?
[DEBUG] 2020-02-17 06:53:17.544 [main] AbstractEntityPersister -  Identity insert: insert into users (birth_date, first_name, instrument, last_name, password, practice_counter, skill_level, studio_size, username) values (?, ?, ?, ?, ?, ?, ?, ?, ?)
[DEBUG] 2020-02-17 06:53:17.561 [main] QuerySpacesImpl - Adding QuerySpace : uid = <gen:0> -> org.hibernate.loader.plan.build.internal.spaces.EntityQuerySpaceImpl@1de4285e]
[DEBUG] 2020-02-17 06:53:17.562 [main] MetamodelGraphWalker - Visiting attribute path : birthDate
[DEBUG] 2020-02-17 06:53:17.562 [main] MetamodelGraphWalker - Visiting attribute path : firstName
[DEBUG] 2020-02-17 06:53:17.563 [main] MetamodelGraphWalker - Visiting attribute path : instrument
[DEBUG] 2020-02-17 06:53:17.563 [main] MetamodelGraphWalker - Visiting attribute path : lastName
[DEBUG] 2020-02-17 06:53:17.563 [main] MetamodelGraphWalker - Visiting attribute path : password
[DEBUG] 2020-02-17 06:53:17.564 [main] MetamodelGraphWalker - Visiting attribute path : practiceCounter
[DEBUG] 2020-02-17 06:53:17.564 [main] MetamodelGraphWalker - Visiting attribute path : skillLevel
[DEBUG] 2020-02-17 06:53:17.564 [main] MetamodelGraphWalker - Visiting attribute path : studioSize
[DEBUG] 2020-02-17 06:53:17.564 [main] MetamodelGraphWalker - Visiting attribute path : username
[DEBUG] 2020-02-17 06:53:17.564 [main] FetchStyleLoadPlanBuildingAssociationVisitationStrategy - Building LoadPlan...
[DEBUG] 2020-02-17 06:53:17.574 [main] LoadQueryJoinAndFetchProcessor - processing queryspace <gen:0>
[DEBUG] 2020-02-17 06:53:17.579 [main] LoadPlanTreePrinter - LoadPlan(entity=stalterclouse.elspeth.entity.User)
    - Returns
       - EntityReturnImpl(entity=stalterclouse.elspeth.entity.User, querySpaceUid=<gen:0>, path=stalterclouse.elspeth.entity.User)
    - QuerySpaces
       - EntityQuerySpaceImpl(uid=<gen:0>, entity=stalterclouse.elspeth.entity.User)
          - SQL table alias mapping - user0_
          - alias suffix - 0_
          - suffixed key columns - {id1_0_0_}

[DEBUG] 2020-02-17 06:53:17.584 [main] EntityLoader - Static select for entity stalterclouse.elspeth.entity.User [NONE]: select user0_.id as id1_0_0_, user0_.birth_date as birth_da2_0_0_, user0_.first_name as first_na3_0_0_, user0_.instrument as instrume4_0_0_, user0_.last_name as last_nam5_0_0_, user0_.password as password6_0_0_, user0_.practice_counter as practice7_0_0_, user0_.skill_level as skill_le8_0_0_, user0_.studio_size as studio_s9_0_0_, user0_.username as usernam10_0_0_ from users user0_ where user0_.id=?
[DEBUG] 2020-02-17 06:53:17.585 [main] QuerySpacesImpl - Adding QuerySpace : uid = <gen:0> -> org.hibernate.loader.plan.build.internal.spaces.EntityQuerySpaceImpl@32f1fafe]
[DEBUG] 2020-02-17 06:53:17.585 [main] MetamodelGraphWalker - Visiting attribute path : birthDate
[DEBUG] 2020-02-17 06:53:17.585 [main] MetamodelGraphWalker - Visiting attribute path : firstName
[DEBUG] 2020-02-17 06:53:17.585 [main] MetamodelGraphWalker - Visiting attribute path : instrument
[DEBUG] 2020-02-17 06:53:17.585 [main] MetamodelGraphWalker - Visiting attribute path : lastName
[DEBUG] 2020-02-17 06:53:17.585 [main] MetamodelGraphWalker - Visiting attribute path : password
[DEBUG] 2020-02-17 06:53:17.585 [main] MetamodelGraphWalker - Visiting attribute path : practiceCounter
[DEBUG] 2020-02-17 06:53:17.585 [main] MetamodelGraphWalker - Visiting attribute path : skillLevel
[DEBUG] 2020-02-17 06:53:17.585 [main] MetamodelGraphWalker - Visiting attribute path : studioSize
[DEBUG] 2020-02-17 06:53:17.585 [main] MetamodelGraphWalker - Visiting attribute path : username
[DEBUG] 2020-02-17 06:53:17.585 [main] FetchStyleLoadPlanBuildingAssociationVisitationStrategy - Building LoadPlan...
[DEBUG] 2020-02-17 06:53:17.586 [main] LoadQueryJoinAndFetchProcessor - processing queryspace <gen:0>
[DEBUG] 2020-02-17 06:53:17.590 [main] LoadPlanTreePrinter - LoadPlan(entity=stalterclouse.elspeth.entity.User)
    - Returns
       - EntityReturnImpl(entity=stalterclouse.elspeth.entity.User, querySpaceUid=<gen:0>, path=stalterclouse.elspeth.entity.User)
    - QuerySpaces
       - EntityQuerySpaceImpl(uid=<gen:0>, entity=stalterclouse.elspeth.entity.User)
          - SQL table alias mapping - user0_
          - alias suffix - 0_
          - suffixed key columns - {id1_0_0_}

[DEBUG] 2020-02-17 06:53:17.591 [main] EntityLoader - Static select for entity stalterclouse.elspeth.entity.User [READ]: select user0_.id as id1_0_0_, user0_.birth_date as birth_da2_0_0_, user0_.first_name as first_na3_0_0_, user0_.instrument as instrume4_0_0_, user0_.last_name as last_nam5_0_0_, user0_.password as password6_0_0_, user0_.practice_counter as practice7_0_0_, user0_.skill_level as skill_le8_0_0_, user0_.studio_size as studio_s9_0_0_, user0_.username as usernam10_0_0_ from users user0_ where user0_.id=?
[DEBUG] 2020-02-17 06:53:17.611 [main] Loader - Static select for action ACTION_MERGE on entity stalterclouse.elspeth.entity.User: select user0_.id as id1_0_0_, user0_.birth_date as birth_da2_0_0_, user0_.first_name as first_na3_0_0_, user0_.instrument as instrume4_0_0_, user0_.last_name as last_nam5_0_0_, user0_.password as password6_0_0_, user0_.practice_counter as practice7_0_0_, user0_.skill_level as skill_le8_0_0_, user0_.studio_size as studio_s9_0_0_, user0_.username as usernam10_0_0_ from users user0_ where user0_.id=?
[DEBUG] 2020-02-17 06:53:17.611 [main] Loader - Static select for action ACTION_REFRESH on entity stalterclouse.elspeth.entity.User: select user0_.id as id1_0_0_, user0_.birth_date as birth_da2_0_0_, user0_.first_name as first_na3_0_0_, user0_.instrument as instrume4_0_0_, user0_.last_name as last_nam5_0_0_, user0_.password as password6_0_0_, user0_.practice_counter as practice7_0_0_, user0_.skill_level as skill_le8_0_0_, user0_.studio_size as studio_s9_0_0_, user0_.username as usernam10_0_0_ from users user0_ where user0_.id=?
[DEBUG] 2020-02-17 06:53:17.642 [main] SchemaManagementToolCoordinator - No actions specified; doing nothing
[DEBUG] 2020-02-17 06:53:17.642 [main] JtaPlatformInitiator - No JtaPlatform was specified, checking resolver
[DEBUG] 2020-02-17 06:53:17.643 [main] JtaPlatformResolverInitiator - No JtaPlatformResolver was specified, using default [org.hibernate.engine.transaction.jta.platform.internal.StandardJtaPlatformResolver]
[DEBUG] 2020-02-17 06:53:17.649 [main] StandardJtaPlatformResolver - Could not resolve JtaPlatform, using default [org.hibernate.engine.transaction.jta.platform.internal.NoJtaPlatform]
[INFO ] 2020-02-17 06:53:17.649 [main] JtaPlatformInitiator - HHH000490: Using JtaPlatform implementation: [org.hibernate.engine.transaction.jta.platform.internal.NoJtaPlatform]
[DEBUG] 2020-02-17 06:53:17.650 [main] NamedQueryRepository - Checking 0 named HQL queries
[DEBUG] 2020-02-17 06:53:17.650 [main] NamedQueryRepository - Checking 0 named SQL queries
[DEBUG] 2020-02-17 06:53:17.652 [main] SessionFactoryRegistry - Initializing SessionFactoryRegistry : org.hibernate.internal.SessionFactoryRegistry@679dd234
[DEBUG] 2020-02-17 06:53:17.654 [main] SessionFactoryRegistry - Registering SessionFactory: 2e95a06e-ad02-439a-9343-9d1c0916875a (<unnamed>)
[DEBUG] 2020-02-17 06:53:17.654 [main] SessionFactoryRegistry - Not binding SessionFactory to JNDI, no JNDI name configured
[DEBUG] 2020-02-17 06:53:17.826 [main] StatisticsInitiator - Statistics initialized [enabled=false]
[DEBUG] 2020-02-17 06:53:17.833 [main] TransactionImpl - On TransactionImpl creation, JpaCompliance#isJpaTransactionComplianceEnabled == false
[DEBUG] 2020-02-17 06:53:17.833 [main] TransactionImpl - begin
[DEBUG] 2020-02-17 06:53:17.845 [main] ActionQueue - Executing identity-insert immediately
[DEBUG] 2020-02-17 06:53:17.849 [main] SQL - insert into users (birth_date, first_name, instrument, last_name, password, practice_counter, skill_level, studio_size, username) values (?, ?, ?, ?, ?, ?, ?, ?, ?)
[DEBUG] 2020-02-17 06:53:17.874 [main] IdentifierGeneratorHelper - Natively generated identity: 9
[DEBUG] 2020-02-17 06:53:17.874 [main] ResourceRegistryStandardImpl - HHH000387: ResultSet's statement was not registered
[DEBUG] 2020-02-17 06:53:17.877 [main] TransactionImpl - committing
[DEBUG] 2020-02-17 06:53:17.877 [main] AbstractFlushingEventListener - Processing flush-time cascades
[DEBUG] 2020-02-17 06:53:17.878 [main] AbstractFlushingEventListener - Dirty checking collections
[DEBUG] 2020-02-17 06:53:17.879 [main] AbstractFlushingEventListener - Flushed: 0 insertions, 0 updates, 0 deletions to 1 objects
[DEBUG] 2020-02-17 06:53:17.880 [main] AbstractFlushingEventListener - Flushed: 0 (re)creations, 0 updates, 0 removals to 0 collections
[DEBUG] 2020-02-17 06:53:17.881 [main] EntityPrinter - Listing entities:
[DEBUG] 2020-02-17 06:53:17.886 [main] EntityPrinter - stalterclouse.elspeth.entity.User{firstName=Brad, lastName=News, password=password, practiceCounter=42, instrument=percussion, id=9, birthDate=1998-01-01, skillLevel=beginner, studioSize=0, username=brandNew}
[DEBUG] 2020-02-17 06:53:17.889 [main] LogicalConnectionManagedImpl - Initiating JDBC connection release from afterTransaction
[DEBUG] 2020-02-17 06:53:17.890 [main] LogicalConnectionManagedImpl - Initiating JDBC connection release from afterTransaction
[DEBUG] 2020-02-17 06:53:17.901 [main] SQL - select user0_.id as id1_0_0_, user0_.birth_date as birth_da2_0_0_, user0_.first_name as first_na3_0_0_, user0_.instrument as instrume4_0_0_, user0_.last_name as last_nam5_0_0_, user0_.password as password6_0_0_, user0_.practice_counter as practice7_0_0_, user0_.skill_level as skill_le8_0_0_, user0_.studio_size as studio_s9_0_0_, user0_.username as usernam10_0_0_ from users user0_ where user0_.id=?
[DEBUG] 2020-02-17 06:53:17.906 [main] ResultSetProcessorImpl - Starting ResultSet row #0
[DEBUG] 2020-02-17 06:53:17.907 [main] EntityReferenceInitializerImpl - On call to EntityIdentifierReaderImpl#resolve, EntityKey was already known; should only happen on root returns with an optional identifier specified
[DEBUG] 2020-02-17 06:53:17.911 [main] TwoPhaseLoad - Resolving attributes for [stalterclouse.elspeth.entity.User#9]
[DEBUG] 2020-02-17 06:53:17.911 [main] TwoPhaseLoad - Processing attribute `birthDate` : value = 1998-01-01
[DEBUG] 2020-02-17 06:53:17.911 [main] TwoPhaseLoad - Attribute (`birthDate`)  - enhanced for lazy-loading? - false
[DEBUG] 2020-02-17 06:53:17.911 [main] TwoPhaseLoad - Processing attribute `firstName` : value = Brad
[DEBUG] 2020-02-17 06:53:17.911 [main] TwoPhaseLoad - Attribute (`firstName`)  - enhanced for lazy-loading? - false
[DEBUG] 2020-02-17 06:53:17.911 [main] TwoPhaseLoad - Processing attribute `instrument` : value = percussion
[DEBUG] 2020-02-17 06:53:17.912 [main] TwoPhaseLoad - Attribute (`instrument`)  - enhanced for lazy-loading? - false
[DEBUG] 2020-02-17 06:53:17.912 [main] TwoPhaseLoad - Processing attribute `lastName` : value = News
[DEBUG] 2020-02-17 06:53:17.912 [main] TwoPhaseLoad - Attribute (`lastName`)  - enhanced for lazy-loading? - false
[DEBUG] 2020-02-17 06:53:17.912 [main] TwoPhaseLoad - Processing attribute `password` : value = password
[DEBUG] 2020-02-17 06:53:17.912 [main] TwoPhaseLoad - Attribute (`password`)  - enhanced for lazy-loading? - false
[DEBUG] 2020-02-17 06:53:17.912 [main] TwoPhaseLoad - Processing attribute `practiceCounter` : value = 42
[DEBUG] 2020-02-17 06:53:17.912 [main] TwoPhaseLoad - Attribute (`practiceCounter`)  - enhanced for lazy-loading? - false
[DEBUG] 2020-02-17 06:53:17.912 [main] TwoPhaseLoad - Processing attribute `skillLevel` : value = beginner
[DEBUG] 2020-02-17 06:53:17.912 [main] TwoPhaseLoad - Attribute (`skillLevel`)  - enhanced for lazy-loading? - false
[DEBUG] 2020-02-17 06:53:17.912 [main] TwoPhaseLoad - Processing attribute `studioSize` : value = 0
[DEBUG] 2020-02-17 06:53:17.912 [main] TwoPhaseLoad - Attribute (`studioSize`)  - enhanced for lazy-loading? - false
[DEBUG] 2020-02-17 06:53:17.912 [main] TwoPhaseLoad - Processing attribute `username` : value = brandNew
[DEBUG] 2020-02-17 06:53:17.912 [main] TwoPhaseLoad - Attribute (`username`)  - enhanced for lazy-loading? - false
[DEBUG] 2020-02-17 06:53:17.912 [main] TwoPhaseLoad - Done materializing entity [stalterclouse.elspeth.entity.User#9]
[DEBUG] 2020-02-17 06:53:17.912 [main] ResourceRegistryStandardImpl - HHH000387: ResultSet's statement was not registered
[DEBUG] 2020-02-17 06:53:17.913 [main] AbstractLoadPlanBasedEntityLoader - Done entity load : stalterclouse.elspeth.entity.User#9
[DEBUG] 2020-02-17 06:53:17.913 [main] LogicalConnectionManagedImpl - Initiating JDBC connection release from afterTransaction
