[DEBUG] 2020-02-17 06:54:35.586 [main] IntegratorServiceImpl - Adding Integrator [org.hibernate.cfg.beanvalidation.BeanValidationIntegrator].
[DEBUG] 2020-02-17 06:54:35.594 [main] IntegratorServiceImpl - Adding Integrator [org.hibernate.secure.spi.JaccIntegrator].
[DEBUG] 2020-02-17 06:54:35.599 [main] IntegratorServiceImpl - Adding Integrator [org.hibernate.cache.internal.CollectionCacheInvalidator].
[INFO ] 2020-02-17 06:54:35.689 [main] Version - HHH000412: Hibernate Core {5.4.4.Final}
[DEBUG] 2020-02-17 06:54:35.691 [main] Environment - HHH000206: hibernate.properties not found
[DEBUG] 2020-02-17 06:54:35.937 [main] LocalXmlResourceResolver - Interpreting public/system identifier : [-//Hibernate/Hibernate Configuration DTD//EN] - [http://www.hibernate.org/dtd/hibernate-configuration-3.0.dtd]
[DEBUG] 2020-02-17 06:54:35.938 [main] LocalXmlResourceResolver - Recognized hibernate-configuration identifier; attempting to resolve on classpath under org/hibernate/
[DEBUG] 2020-02-17 06:54:35.943 [main] JaxbCfgProcessor - cfg.xml document did not define namespaces; wrapping in custom event reader to introduce namespace information
[DEBUG] 2020-02-17 06:54:36.300 [main] ServiceBinding - Overriding existing service binding [org.hibernate.secure.spi.JaccService]
[DEBUG] 2020-02-17 06:54:36.332 [main] RegionFactoryInitiator - Cannot default RegionFactory based on registered strategies as `[]` RegionFactory strategies were registered
[DEBUG] 2020-02-17 06:54:36.333 [main] RegionFactoryInitiator - Cache region factory : org.hibernate.cache.internal.NoCachingRegionFactory
[INFO ] 2020-02-17 06:54:36.356 [main] Version - HCANN000001: Hibernate Commons Annotations {5.1.0.Final}
[DEBUG] 2020-02-17 06:54:36.436 [main] BasicTypeRegistry - Adding type registration boolean -> org.hibernate.type.BooleanType@1e6cc850
[DEBUG] 2020-02-17 06:54:36.436 [main] BasicTypeRegistry - Adding type registration boolean -> org.hibernate.type.BooleanType@1e6cc850
[DEBUG] 2020-02-17 06:54:36.436 [main] BasicTypeRegistry - Adding type registration java.lang.Boolean -> org.hibernate.type.BooleanType@1e6cc850
[DEBUG] 2020-02-17 06:54:36.446 [main] BasicTypeRegistry - Adding type registration numeric_boolean -> org.hibernate.type.NumericBooleanType@656d10a4
[DEBUG] 2020-02-17 06:54:36.449 [main] BasicTypeRegistry - Adding type registration true_false -> org.hibernate.type.TrueFalseType@7a344b65
[DEBUG] 2020-02-17 06:54:36.450 [main] BasicTypeRegistry - Adding type registration yes_no -> org.hibernate.type.YesNoType@48b22fd4
[DEBUG] 2020-02-17 06:54:36.451 [main] BasicTypeRegistry - Adding type registration byte -> org.hibernate.type.ByteType@54f66455
[DEBUG] 2020-02-17 06:54:36.452 [main] BasicTypeRegistry - Adding type registration byte -> org.hibernate.type.ByteType@54f66455
[DEBUG] 2020-02-17 06:54:36.452 [main] BasicTypeRegistry - Adding type registration java.lang.Byte -> org.hibernate.type.ByteType@54f66455
[DEBUG] 2020-02-17 06:54:36.453 [main] BasicTypeRegistry - Adding type registration character -> org.hibernate.type.CharacterType@57aa341b
[DEBUG] 2020-02-17 06:54:36.455 [main] BasicTypeRegistry - Adding type registration char -> org.hibernate.type.CharacterType@57aa341b
[DEBUG] 2020-02-17 06:54:36.455 [main] BasicTypeRegistry - Adding type registration java.lang.Character -> org.hibernate.type.CharacterType@57aa341b
[DEBUG] 2020-02-17 06:54:36.456 [main] BasicTypeRegistry - Adding type registration short -> org.hibernate.type.ShortType@588cd519
[DEBUG] 2020-02-17 06:54:36.457 [main] BasicTypeRegistry - Adding type registration short -> org.hibernate.type.ShortType@588cd519
[DEBUG] 2020-02-17 06:54:36.457 [main] BasicTypeRegistry - Adding type registration java.lang.Short -> org.hibernate.type.ShortType@588cd519
[DEBUG] 2020-02-17 06:54:36.458 [main] BasicTypeRegistry - Adding type registration integer -> org.hibernate.type.IntegerType@70e02081
[DEBUG] 2020-02-17 06:54:36.458 [main] BasicTypeRegistry - Adding type registration int -> org.hibernate.type.IntegerType@70e02081
[DEBUG] 2020-02-17 06:54:36.458 [main] BasicTypeRegistry - Adding type registration java.lang.Integer -> org.hibernate.type.IntegerType@70e02081
[DEBUG] 2020-02-17 06:54:36.462 [main] BasicTypeRegistry - Adding type registration long -> org.hibernate.type.LongType@51b1a8f6
[DEBUG] 2020-02-17 06:54:36.462 [main] BasicTypeRegistry - Adding type registration long -> org.hibernate.type.LongType@51b1a8f6
[DEBUG] 2020-02-17 06:54:36.466 [main] BasicTypeRegistry - Adding type registration java.lang.Long -> org.hibernate.type.LongType@51b1a8f6
[DEBUG] 2020-02-17 06:54:36.470 [main] BasicTypeRegistry - Adding type registration float -> org.hibernate.type.FloatType@141e879d
[DEBUG] 2020-02-17 06:54:36.470 [main] BasicTypeRegistry - Adding type registration float -> org.hibernate.type.FloatType@141e879d
[DEBUG] 2020-02-17 06:54:36.470 [main] BasicTypeRegistry - Adding type registration java.lang.Float -> org.hibernate.type.FloatType@141e879d
[DEBUG] 2020-02-17 06:54:36.472 [main] BasicTypeRegistry - Adding type registration double -> org.hibernate.type.DoubleType@42e22a53
[DEBUG] 2020-02-17 06:54:36.473 [main] BasicTypeRegistry - Adding type registration double -> org.hibernate.type.DoubleType@42e22a53
[DEBUG] 2020-02-17 06:54:36.474 [main] BasicTypeRegistry - Adding type registration java.lang.Double -> org.hibernate.type.DoubleType@42e22a53
[DEBUG] 2020-02-17 06:54:36.475 [main] BasicTypeRegistry - Adding type registration big_decimal -> org.hibernate.type.BigDecimalType@70242f38
[DEBUG] 2020-02-17 06:54:36.475 [main] BasicTypeRegistry - Adding type registration java.math.BigDecimal -> org.hibernate.type.BigDecimalType@70242f38
[DEBUG] 2020-02-17 06:54:36.477 [main] BasicTypeRegistry - Adding type registration big_integer -> org.hibernate.type.BigIntegerType@5dbf5634
[DEBUG] 2020-02-17 06:54:36.477 [main] BasicTypeRegistry - Adding type registration java.math.BigInteger -> org.hibernate.type.BigIntegerType@5dbf5634
[DEBUG] 2020-02-17 06:54:36.478 [main] BasicTypeRegistry - Adding type registration string -> org.hibernate.type.StringType@545607f2
[DEBUG] 2020-02-17 06:54:36.479 [main] BasicTypeRegistry - Adding type registration java.lang.String -> org.hibernate.type.StringType@545607f2
[DEBUG] 2020-02-17 06:54:36.479 [main] BasicTypeRegistry - Adding type registration nstring -> org.hibernate.type.StringNVarcharType@67403656
[DEBUG] 2020-02-17 06:54:36.480 [main] BasicTypeRegistry - Adding type registration ncharacter -> org.hibernate.type.CharacterNCharType@746cd757
[DEBUG] 2020-02-17 06:54:36.483 [main] BasicTypeRegistry - Adding type registration url -> org.hibernate.type.UrlType@2bf94401
[DEBUG] 2020-02-17 06:54:36.483 [main] BasicTypeRegistry - Adding type registration java.net.URL -> org.hibernate.type.UrlType@2bf94401
[DEBUG] 2020-02-17 06:54:36.485 [main] BasicTypeRegistry - Adding type registration Duration -> org.hibernate.type.DurationType@6c298dc
[DEBUG] 2020-02-17 06:54:36.486 [main] BasicTypeRegistry - Adding type registration java.time.Duration -> org.hibernate.type.DurationType@6c298dc
[DEBUG] 2020-02-17 06:54:36.501 [main] BasicTypeRegistry - Adding type registration Instant -> org.hibernate.type.InstantType@3d36dff4
[DEBUG] 2020-02-17 06:54:36.502 [main] BasicTypeRegistry - Adding type registration java.time.Instant -> org.hibernate.type.InstantType@3d36dff4
[DEBUG] 2020-02-17 06:54:36.504 [main] BasicTypeRegistry - Adding type registration LocalDateTime -> org.hibernate.type.LocalDateTimeType@7351a16e
[DEBUG] 2020-02-17 06:54:36.505 [main] BasicTypeRegistry - Adding type registration java.time.LocalDateTime -> org.hibernate.type.LocalDateTimeType@7351a16e
[DEBUG] 2020-02-17 06:54:36.507 [main] BasicTypeRegistry - Adding type registration LocalDate -> org.hibernate.type.LocalDateType@6e91893
[DEBUG] 2020-02-17 06:54:36.508 [main] BasicTypeRegistry - Adding type registration java.time.LocalDate -> org.hibernate.type.LocalDateType@6e91893
[DEBUG] 2020-02-17 06:54:36.509 [main] BasicTypeRegistry - Adding type registration LocalTime -> org.hibernate.type.LocalTimeType@4a3be6a5
[DEBUG] 2020-02-17 06:54:36.509 [main] BasicTypeRegistry - Adding type registration java.time.LocalTime -> org.hibernate.type.LocalTimeType@4a3be6a5
[DEBUG] 2020-02-17 06:54:36.511 [main] BasicTypeRegistry - Adding type registration OffsetDateTime -> org.hibernate.type.OffsetDateTimeType@f202d6d
[DEBUG] 2020-02-17 06:54:36.511 [main] BasicTypeRegistry - Adding type registration java.time.OffsetDateTime -> org.hibernate.type.OffsetDateTimeType@f202d6d
[DEBUG] 2020-02-17 06:54:36.513 [main] BasicTypeRegistry - Adding type registration OffsetTime -> org.hibernate.type.OffsetTimeType@2df3c564
[DEBUG] 2020-02-17 06:54:36.513 [main] BasicTypeRegistry - Adding type registration java.time.OffsetTime -> org.hibernate.type.OffsetTimeType@2df3c564
[DEBUG] 2020-02-17 06:54:36.516 [main] BasicTypeRegistry - Adding type registration ZonedDateTime -> org.hibernate.type.ZonedDateTimeType@57ce634f
[DEBUG] 2020-02-17 06:54:36.516 [main] BasicTypeRegistry - Adding type registration java.time.ZonedDateTime -> org.hibernate.type.ZonedDateTimeType@57ce634f
[DEBUG] 2020-02-17 06:54:36.518 [main] BasicTypeRegistry - Adding type registration date -> org.hibernate.type.DateType@4e2916c3
[DEBUG] 2020-02-17 06:54:36.519 [main] BasicTypeRegistry - Adding type registration java.sql.Date -> org.hibernate.type.DateType@4e2916c3
[DEBUG] 2020-02-17 06:54:36.520 [main] BasicTypeRegistry - Adding type registration time -> org.hibernate.type.TimeType@2822c6ff
[DEBUG] 2020-02-17 06:54:36.521 [main] BasicTypeRegistry - Adding type registration java.sql.Time -> org.hibernate.type.TimeType@2822c6ff
[DEBUG] 2020-02-17 06:54:36.522 [main] BasicTypeRegistry - Adding type registration timestamp -> org.hibernate.type.TimestampType@676ff3b0
[DEBUG] 2020-02-17 06:54:36.523 [main] BasicTypeRegistry - Adding type registration java.sql.Timestamp -> org.hibernate.type.TimestampType@676ff3b0
[DEBUG] 2020-02-17 06:54:36.523 [main] BasicTypeRegistry - Adding type registration java.util.Date -> org.hibernate.type.TimestampType@676ff3b0
[DEBUG] 2020-02-17 06:54:36.525 [main] BasicTypeRegistry - Adding type registration dbtimestamp -> org.hibernate.type.DbTimestampType@5f80fa43
[DEBUG] 2020-02-17 06:54:36.526 [main] BasicTypeRegistry - Adding type registration calendar -> org.hibernate.type.CalendarType@5a8ba37c
[DEBUG] 2020-02-17 06:54:36.527 [main] BasicTypeRegistry - Adding type registration java.util.Calendar -> org.hibernate.type.CalendarType@5a8ba37c
[DEBUG] 2020-02-17 06:54:36.527 [main] BasicTypeRegistry - Adding type registration java.util.GregorianCalendar -> org.hibernate.type.CalendarType@5a8ba37c
[DEBUG] 2020-02-17 06:54:36.528 [main] BasicTypeRegistry - Adding type registration calendar_date -> org.hibernate.type.CalendarDateType@159a48a6
[DEBUG] 2020-02-17 06:54:36.530 [main] BasicTypeRegistry - Adding type registration locale -> org.hibernate.type.LocaleType@3cbcd8f3
[DEBUG] 2020-02-17 06:54:36.530 [main] BasicTypeRegistry - Adding type registration java.util.Locale -> org.hibernate.type.LocaleType@3cbcd8f3
[DEBUG] 2020-02-17 06:54:36.532 [main] BasicTypeRegistry - Adding type registration currency -> org.hibernate.type.CurrencyType@7ec25216
[DEBUG] 2020-02-17 06:54:36.533 [main] BasicTypeRegistry - Adding type registration java.util.Currency -> org.hibernate.type.CurrencyType@7ec25216
[DEBUG] 2020-02-17 06:54:36.534 [main] BasicTypeRegistry - Adding type registration timezone -> org.hibernate.type.TimeZoneType@705f83a7
[DEBUG] 2020-02-17 06:54:36.535 [main] BasicTypeRegistry - Adding type registration java.util.TimeZone -> org.hibernate.type.TimeZoneType@705f83a7
[DEBUG] 2020-02-17 06:54:36.536 [main] BasicTypeRegistry - Adding type registration class -> org.hibernate.type.ClassType@2679311f
[DEBUG] 2020-02-17 06:54:36.536 [main] BasicTypeRegistry - Adding type registration java.lang.Class -> org.hibernate.type.ClassType@2679311f
[DEBUG] 2020-02-17 06:54:36.539 [main] BasicTypeRegistry - Adding type registration uuid-binary -> org.hibernate.type.UUIDBinaryType@2e34384c
[DEBUG] 2020-02-17 06:54:36.539 [main] BasicTypeRegistry - Adding type registration java.util.UUID -> org.hibernate.type.UUIDBinaryType@2e34384c
[DEBUG] 2020-02-17 06:54:36.540 [main] BasicTypeRegistry - Adding type registration uuid-char -> org.hibernate.type.UUIDCharType@58294867
[DEBUG] 2020-02-17 06:54:36.542 [main] BasicTypeRegistry - Adding type registration binary -> org.hibernate.type.BinaryType@7baf6acf
[DEBUG] 2020-02-17 06:54:36.542 [main] BasicTypeRegistry - Adding type registration byte[] -> org.hibernate.type.BinaryType@7baf6acf
[DEBUG] 2020-02-17 06:54:36.542 [main] BasicTypeRegistry - Adding type registration [B -> org.hibernate.type.BinaryType@7baf6acf
[DEBUG] 2020-02-17 06:54:36.543 [main] BasicTypeRegistry - Adding type registration wrapper-binary -> org.hibernate.type.WrapperBinaryType@22bb5646
[DEBUG] 2020-02-17 06:54:36.544 [main] BasicTypeRegistry - Adding type registration Byte[] -> org.hibernate.type.WrapperBinaryType@22bb5646
[DEBUG] 2020-02-17 06:54:36.544 [main] BasicTypeRegistry - Adding type registration [Ljava.lang.Byte; -> org.hibernate.type.WrapperBinaryType@22bb5646
[DEBUG] 2020-02-17 06:54:36.546 [main] BasicTypeRegistry - Adding type registration row_version -> org.hibernate.type.RowVersionType@2bc9a775
[DEBUG] 2020-02-17 06:54:36.547 [main] BasicTypeRegistry - Adding type registration image -> org.hibernate.type.ImageType@2ab2710
[DEBUG] 2020-02-17 06:54:36.548 [main] BasicTypeRegistry - Adding type registration characters -> org.hibernate.type.CharArrayType@1f193686
[DEBUG] 2020-02-17 06:54:36.548 [main] BasicTypeRegistry - Adding type registration char[] -> org.hibernate.type.CharArrayType@1f193686
[DEBUG] 2020-02-17 06:54:36.548 [main] BasicTypeRegistry - Adding type registration [C -> org.hibernate.type.CharArrayType@1f193686
[DEBUG] 2020-02-17 06:54:36.549 [main] BasicTypeRegistry - Adding type registration wrapper-characters -> org.hibernate.type.CharacterArrayType@1d25c1c
[DEBUG] 2020-02-17 06:54:36.550 [main] BasicTypeRegistry - Adding type registration [Ljava.lang.Character; -> org.hibernate.type.CharacterArrayType@1d25c1c
[DEBUG] 2020-02-17 06:54:36.550 [main] BasicTypeRegistry - Adding type registration Character[] -> org.hibernate.type.CharacterArrayType@1d25c1c
[DEBUG] 2020-02-17 06:54:36.550 [main] BasicTypeRegistry - Adding type registration text -> org.hibernate.type.TextType@3fae596
[DEBUG] 2020-02-17 06:54:36.551 [main] BasicTypeRegistry - Adding type registration ntext -> org.hibernate.type.NTextType@5da7cee2
[DEBUG] 2020-02-17 06:54:36.553 [main] BasicTypeRegistry - Adding type registration blob -> org.hibernate.type.BlobType@6ae7deac
[DEBUG] 2020-02-17 06:54:36.553 [main] BasicTypeRegistry - Adding type registration java.sql.Blob -> org.hibernate.type.BlobType@6ae7deac
[DEBUG] 2020-02-17 06:54:36.554 [main] BasicTypeRegistry - Adding type registration materialized_blob -> org.hibernate.type.MaterializedBlobType@365553de
[DEBUG] 2020-02-17 06:54:36.556 [main] BasicTypeRegistry - Adding type registration clob -> org.hibernate.type.ClobType@108bdbd8
[DEBUG] 2020-02-17 06:54:36.556 [main] BasicTypeRegistry - Adding type registration java.sql.Clob -> org.hibernate.type.ClobType@108bdbd8
[DEBUG] 2020-02-17 06:54:36.560 [main] BasicTypeRegistry - Adding type registration nclob -> org.hibernate.type.NClobType@58a120b0
[DEBUG] 2020-02-17 06:54:36.560 [main] BasicTypeRegistry - Adding type registration java.sql.NClob -> org.hibernate.type.NClobType@58a120b0
[DEBUG] 2020-02-17 06:54:36.562 [main] BasicTypeRegistry - Adding type registration materialized_clob -> org.hibernate.type.MaterializedClobType@58a4a74d
[DEBUG] 2020-02-17 06:54:36.563 [main] BasicTypeRegistry - Adding type registration materialized_nclob -> org.hibernate.type.MaterializedNClobType@486bc9a4
[DEBUG] 2020-02-17 06:54:36.565 [main] BasicTypeRegistry - Adding type registration serializable -> org.hibernate.type.SerializableType@1e54cb33
[DEBUG] 2020-02-17 06:54:36.568 [main] BasicTypeRegistry - Adding type registration object -> org.hibernate.type.ObjectType@42b21d99
[DEBUG] 2020-02-17 06:54:36.568 [main] BasicTypeRegistry - Adding type registration java.lang.Object -> org.hibernate.type.ObjectType@42b21d99
[DEBUG] 2020-02-17 06:54:36.569 [main] BasicTypeRegistry - Adding type registration imm_date -> org.hibernate.type.AdaptedImmutableType@37b72ea
[DEBUG] 2020-02-17 06:54:36.570 [main] BasicTypeRegistry - Adding type registration imm_time -> org.hibernate.type.AdaptedImmutableType@cc239ba
[DEBUG] 2020-02-17 06:54:36.573 [main] BasicTypeRegistry - Adding type registration imm_timestamp -> org.hibernate.type.AdaptedImmutableType@7d37f1c
[DEBUG] 2020-02-17 06:54:36.574 [main] BasicTypeRegistry - Adding type registration imm_dbtimestamp -> org.hibernate.type.AdaptedImmutableType@69d6a7cd
[DEBUG] 2020-02-17 06:54:36.574 [main] BasicTypeRegistry - Adding type registration imm_calendar -> org.hibernate.type.AdaptedImmutableType@3162743f
[DEBUG] 2020-02-17 06:54:36.574 [main] BasicTypeRegistry - Adding type registration imm_calendar_date -> org.hibernate.type.AdaptedImmutableType@2c708440
[DEBUG] 2020-02-17 06:54:36.574 [main] BasicTypeRegistry - Adding type registration imm_binary -> org.hibernate.type.AdaptedImmutableType@3047254d
[DEBUG] 2020-02-17 06:54:36.574 [main] BasicTypeRegistry - Adding type registration imm_serializable -> org.hibernate.type.AdaptedImmutableType@6cf31447
[DEBUG] 2020-02-17 06:54:36.604 [main] DefaultIdentifierGeneratorFactory - Registering IdentifierGenerator strategy [uuid2] -> [org.hibernate.id.UUIDGenerator]
[DEBUG] 2020-02-17 06:54:36.605 [main] DefaultIdentifierGeneratorFactory - Registering IdentifierGenerator strategy [guid] -> [org.hibernate.id.GUIDGenerator]
[DEBUG] 2020-02-17 06:54:36.605 [main] DefaultIdentifierGeneratorFactory - Registering IdentifierGenerator strategy [uuid] -> [org.hibernate.id.UUIDHexGenerator]
[DEBUG] 2020-02-17 06:54:36.606 [main] DefaultIdentifierGeneratorFactory - Registering IdentifierGenerator strategy [uuid.hex] -> [org.hibernate.id.UUIDHexGenerator]
[DEBUG] 2020-02-17 06:54:36.608 [main] DefaultIdentifierGeneratorFactory - Registering IdentifierGenerator strategy [assigned] -> [org.hibernate.id.Assigned]
[DEBUG] 2020-02-17 06:54:36.610 [main] DefaultIdentifierGeneratorFactory - Registering IdentifierGenerator strategy [identity] -> [org.hibernate.id.IdentityGenerator]
[DEBUG] 2020-02-17 06:54:36.610 [main] DefaultIdentifierGeneratorFactory - Registering IdentifierGenerator strategy [select] -> [org.hibernate.id.SelectGenerator]
[DEBUG] 2020-02-17 06:54:36.612 [main] DefaultIdentifierGeneratorFactory - Registering IdentifierGenerator strategy [sequence] -> [org.hibernate.id.enhanced.SequenceStyleGenerator]
[DEBUG] 2020-02-17 06:54:36.612 [main] DefaultIdentifierGeneratorFactory - Registering IdentifierGenerator strategy [seqhilo] -> [org.hibernate.id.SequenceHiLoGenerator]
[DEBUG] 2020-02-17 06:54:36.613 [main] DefaultIdentifierGeneratorFactory - Registering IdentifierGenerator strategy [increment] -> [org.hibernate.id.IncrementGenerator]
[DEBUG] 2020-02-17 06:54:36.613 [main] DefaultIdentifierGeneratorFactory - Registering IdentifierGenerator strategy [foreign] -> [org.hibernate.id.ForeignGenerator]
[DEBUG] 2020-02-17 06:54:36.614 [main] DefaultIdentifierGeneratorFactory - Registering IdentifierGenerator strategy [sequence-identity] -> [org.hibernate.id.SequenceIdentityGenerator]
[DEBUG] 2020-02-17 06:54:36.614 [main] DefaultIdentifierGeneratorFactory - Registering IdentifierGenerator strategy [enhanced-sequence] -> [org.hibernate.id.enhanced.SequenceStyleGenerator]
[DEBUG] 2020-02-17 06:54:36.615 [main] DefaultIdentifierGeneratorFactory - Registering IdentifierGenerator strategy [enhanced-table] -> [org.hibernate.id.enhanced.TableGenerator]
[INFO ] 2020-02-17 06:54:36.624 [main] C3P0ConnectionProvider - HHH010002: C3P0 using driver: com.mysql.cj.jdbc.Driver at URL: jdbc:mysql://localhost:3306/test_practiceHacker
[INFO ] 2020-02-17 06:54:36.625 [main] C3P0ConnectionProvider - HHH10001001: Connection properties: {password=****, user=root}
[INFO ] 2020-02-17 06:54:36.625 [main] C3P0ConnectionProvider - HHH10001003: Autocommit mode: false
[INFO ] 2020-02-17 06:54:36.886 [main] C3P0ConnectionProvider - HHH10001007: JDBC isolation level: <unknown>
[DEBUG] 2020-02-17 06:54:37.706 [main] JdbcEnvironmentInitiator - Database ->
       name : MySQL
    version : 8.0.19
      major : 8
      minor : 0
[DEBUG] 2020-02-17 06:54:37.712 [main] JdbcEnvironmentInitiator - Driver ->
       name : MySQL Connector/J
    version : mysql-connector-java-8.0.19 (Revision: a0ca826f5cdf51a98356fdfb1bf251eb042f80bf)
      major : 8
      minor : 0
[DEBUG] 2020-02-17 06:54:37.717 [main] JdbcEnvironmentInitiator - JDBC version : 4.2
[INFO ] 2020-02-17 06:54:37.785 [main] Dialect - HHH000400: Using dialect: org.hibernate.dialect.MySQL8Dialect
[DEBUG] 2020-02-17 06:54:37.819 [main] IdentifierHelperBuilder - JDBC driver metadata reported database stores quoted identifiers in more than one case
[DEBUG] 2020-02-17 06:54:37.898 [main] IdentifierHelperBuilder - IdentifierCaseStrategy for both quoted and unquoted identifiers was set to the same strategy [MIXED]; that will likely lead to problems in schema update and validation if using quoted identifiers
[DEBUG] 2020-02-17 06:54:37.977 [main] Namespace - Created database namespace [logicalName=Name{catalog=null, schema=null}, physicalName=Name{catalog=null, schema=null}]
[DEBUG] 2020-02-17 06:54:37.988 [main] TypeConfiguration$Scope - Scoping TypeConfiguration [org.hibernate.type.spi.TypeConfiguration@6d1dcdff] to MetadataBuildingContext [org.hibernate.boot.internal.MetadataBuildingContextRootImpl@102ecc22]
[DEBUG] 2020-02-17 06:54:38.057 [main] AnnotationBinder - Binding entity from annotated class: stalterclouse.elspeth.entity.User
[DEBUG] 2020-02-17 06:54:38.083 [main] Ejb3Column - Binding column: Ejb3DiscriminatorColumn{logicalColumnName'DTYPE', discriminatorTypeName='string'}
[DEBUG] 2020-02-17 06:54:38.090 [main] EntityBinder - Import with entity name User
[DEBUG] 2020-02-17 06:54:38.094 [main] EntityBinder - Bind entity stalterclouse.elspeth.entity.User on table users
[DEBUG] 2020-02-17 06:54:38.134 [main] Ejb3Column - Binding column: Ejb3Column{table=org.hibernate.mapping.Table(users), mappingColumn=id, insertable=true, updatable=true, unique=false}
[DEBUG] 2020-02-17 06:54:38.140 [main] PropertyBinder - MetadataSourceProcessor property id with lazy=false
[DEBUG] 2020-02-17 06:54:38.142 [main] AbstractPropertyHolder - Attempting to locate auto-apply AttributeConverter for property [stalterclouse.elspeth.entity.User:id]
[DEBUG] 2020-02-17 06:54:38.144 [main] SimpleValueBinder - building SimpleValue for id
[DEBUG] 2020-02-17 06:54:38.147 [main] PropertyBinder - Building property id
[DEBUG] 2020-02-17 06:54:38.151 [main] BinderHelper - #makeIdGenerator(org.hibernate.mapping.SimpleValue([org.hibernate.mapping.Column(id)]), id, org.hibernate.id.enhanced.SequenceStyleGenerator, native, ...)
[DEBUG] 2020-02-17 06:54:38.152 [main] Ejb3Column - Binding column: Ejb3Column{table=org.hibernate.mapping.Table(users), mappingColumn=birth_date, insertable=true, updatable=true, unique=false}
[DEBUG] 2020-02-17 06:54:38.153 [main] PropertyBinder - MetadataSourceProcessor property birthDate with lazy=false
[DEBUG] 2020-02-17 06:54:38.153 [main] AbstractPropertyHolder - Attempting to locate auto-apply AttributeConverter for property [stalterclouse.elspeth.entity.User:birthDate]
[DEBUG] 2020-02-17 06:54:38.153 [main] SimpleValueBinder - building SimpleValue for birthDate
[DEBUG] 2020-02-17 06:54:38.154 [main] PropertyBinder - Building property birthDate
[DEBUG] 2020-02-17 06:54:38.154 [main] Ejb3Column - Binding column: Ejb3Column{table=org.hibernate.mapping.Table(users), mappingColumn=first_name, insertable=true, updatable=true, unique=false}
[DEBUG] 2020-02-17 06:54:38.154 [main] PropertyBinder - MetadataSourceProcessor property firstName with lazy=false
[DEBUG] 2020-02-17 06:54:38.155 [main] AbstractPropertyHolder - Attempting to locate auto-apply AttributeConverter for property [stalterclouse.elspeth.entity.User:firstName]
[DEBUG] 2020-02-17 06:54:38.155 [main] SimpleValueBinder - building SimpleValue for firstName
[DEBUG] 2020-02-17 06:54:38.155 [main] PropertyBinder - Building property firstName
[DEBUG] 2020-02-17 06:54:38.156 [main] Ejb3Column - Binding column: Ejb3Column{table=org.hibernate.mapping.Table(users), mappingColumn=instrument, insertable=true, updatable=true, unique=false}
[DEBUG] 2020-02-17 06:54:38.158 [main] PropertyBinder - MetadataSourceProcessor property instrument with lazy=false
[DEBUG] 2020-02-17 06:54:38.163 [main] AbstractPropertyHolder - Attempting to locate auto-apply AttributeConverter for property [stalterclouse.elspeth.entity.User:instrument]
[DEBUG] 2020-02-17 06:54:38.163 [main] SimpleValueBinder - building SimpleValue for instrument
[DEBUG] 2020-02-17 06:54:38.163 [main] PropertyBinder - Building property instrument
[DEBUG] 2020-02-17 06:54:38.163 [main] Ejb3Column - Binding column: Ejb3Column{table=org.hibernate.mapping.Table(users), mappingColumn=last_name, insertable=true, updatable=true, unique=false}
[DEBUG] 2020-02-17 06:54:38.163 [main] PropertyBinder - MetadataSourceProcessor property lastName with lazy=false
[DEBUG] 2020-02-17 06:54:38.164 [main] AbstractPropertyHolder - Attempting to locate auto-apply AttributeConverter for property [stalterclouse.elspeth.entity.User:lastName]
[DEBUG] 2020-02-17 06:54:38.164 [main] SimpleValueBinder - building SimpleValue for lastName
[DEBUG] 2020-02-17 06:54:38.164 [main] PropertyBinder - Building property lastName
[DEBUG] 2020-02-17 06:54:38.164 [main] Ejb3Column - Binding column: Ejb3Column{table=org.hibernate.mapping.Table(users), mappingColumn=password, insertable=true, updatable=true, unique=false}
[DEBUG] 2020-02-17 06:54:38.164 [main] PropertyBinder - MetadataSourceProcessor property password with lazy=false
[DEBUG] 2020-02-17 06:54:38.164 [main] AbstractPropertyHolder - Attempting to locate auto-apply AttributeConverter for property [stalterclouse.elspeth.entity.User:password]
[DEBUG] 2020-02-17 06:54:38.164 [main] SimpleValueBinder - building SimpleValue for password
[DEBUG] 2020-02-17 06:54:38.164 [main] PropertyBinder - Building property password
[DEBUG] 2020-02-17 06:54:38.164 [main] Ejb3Column - Binding column: Ejb3Column{table=org.hibernate.mapping.Table(users), mappingColumn=practice_counter, insertable=true, updatable=true, unique=false}
[DEBUG] 2020-02-17 06:54:38.164 [main] PropertyBinder - MetadataSourceProcessor property practiceCounter with lazy=false
[DEBUG] 2020-02-17 06:54:38.164 [main] AbstractPropertyHolder - Attempting to locate auto-apply AttributeConverter for property [stalterclouse.elspeth.entity.User:practiceCounter]
[DEBUG] 2020-02-17 06:54:38.164 [main] SimpleValueBinder - building SimpleValue for practiceCounter
[DEBUG] 2020-02-17 06:54:38.166 [main] PropertyBinder - Building property practiceCounter
[DEBUG] 2020-02-17 06:54:38.166 [main] Ejb3Column - Binding column: Ejb3Column{table=org.hibernate.mapping.Table(users), mappingColumn=skill_level, insertable=true, updatable=true, unique=false}
[DEBUG] 2020-02-17 06:54:38.166 [main] PropertyBinder - MetadataSourceProcessor property skillLevel with lazy=false
[DEBUG] 2020-02-17 06:54:38.166 [main] AbstractPropertyHolder - Attempting to locate auto-apply AttributeConverter for property [stalterclouse.elspeth.entity.User:skillLevel]
[DEBUG] 2020-02-17 06:54:38.167 [main] SimpleValueBinder - building SimpleValue for skillLevel
[DEBUG] 2020-02-17 06:54:38.167 [main] PropertyBinder - Building property skillLevel
[DEBUG] 2020-02-17 06:54:38.167 [main] Ejb3Column - Binding column: Ejb3Column{table=org.hibernate.mapping.Table(users), mappingColumn=studio_size, insertable=true, updatable=true, unique=false}
[DEBUG] 2020-02-17 06:54:38.167 [main] PropertyBinder - MetadataSourceProcessor property studioSize with lazy=false
[DEBUG] 2020-02-17 06:54:38.167 [main] AbstractPropertyHolder - Attempting to locate auto-apply AttributeConverter for property [stalterclouse.elspeth.entity.User:studioSize]
[DEBUG] 2020-02-17 06:54:38.168 [main] SimpleValueBinder - building SimpleValue for studioSize
[DEBUG] 2020-02-17 06:54:38.168 [main] PropertyBinder - Building property studioSize
[DEBUG] 2020-02-17 06:54:38.168 [main] Ejb3Column - Binding column: Ejb3Column{table=org.hibernate.mapping.Table(users), mappingColumn=username, insertable=true, updatable=true, unique=false}
[DEBUG] 2020-02-17 06:54:38.168 [main] PropertyBinder - MetadataSourceProcessor property username with lazy=false
[DEBUG] 2020-02-17 06:54:38.168 [main] AbstractPropertyHolder - Attempting to locate auto-apply AttributeConverter for property [stalterclouse.elspeth.entity.User:username]
[DEBUG] 2020-02-17 06:54:38.168 [main] SimpleValueBinder - building SimpleValue for username
[DEBUG] 2020-02-17 06:54:38.168 [main] PropertyBinder - Building property username
[DEBUG] 2020-02-17 06:54:38.171 [main] SimpleValueBinder - Starting fillSimpleValue for id
[DEBUG] 2020-02-17 06:54:38.172 [main] SimpleValueBinder - Starting fillSimpleValue for birthDate
[DEBUG] 2020-02-17 06:54:38.172 [main] SimpleValueBinder - Starting fillSimpleValue for firstName
[DEBUG] 2020-02-17 06:54:38.172 [main] SimpleValueBinder - Starting fillSimpleValue for instrument
[DEBUG] 2020-02-17 06:54:38.174 [main] SimpleValueBinder - Starting fillSimpleValue for lastName
[DEBUG] 2020-02-17 06:54:38.175 [main] SimpleValueBinder - Starting fillSimpleValue for password
[DEBUG] 2020-02-17 06:54:38.175 [main] SimpleValueBinder - Starting fillSimpleValue for practiceCounter
[DEBUG] 2020-02-17 06:54:38.175 [main] SimpleValueBinder - Starting fillSimpleValue for skillLevel
[DEBUG] 2020-02-17 06:54:38.175 [main] SimpleValueBinder - Starting fillSimpleValue for studioSize
[DEBUG] 2020-02-17 06:54:38.175 [main] SimpleValueBinder - Starting fillSimpleValue for username
[DEBUG] 2020-02-17 06:54:38.177 [main] PrimaryKey - Forcing column [id] to be non-null as it is part of the primary key for table [users]
[DEBUG] 2020-02-17 06:54:38.212 [main] SessionFactoryImpl - Building session factory
[DEBUG] 2020-02-17 06:54:38.213 [main] Settings - SessionFactory name : null
[DEBUG] 2020-02-17 06:54:38.214 [main] Settings - Automatic flush during beforeCompletion(): enabled
[DEBUG] 2020-02-17 06:54:38.214 [main] Settings - Automatic session close at end of transaction: disabled
[DEBUG] 2020-02-17 06:54:38.214 [main] Settings - Statistics: disabled
[DEBUG] 2020-02-17 06:54:38.214 [main] Settings - Deleted entity synthetic identifier rollback: disabled
[DEBUG] 2020-02-17 06:54:38.215 [main] Settings - Default entity-mode: pojo
[DEBUG] 2020-02-17 06:54:38.215 [main] Settings - Check Nullability in Core (should be disabled when Bean Validation is on): enabled
[DEBUG] 2020-02-17 06:54:38.215 [main] Settings - Allow initialization of lazy state outside session : disabled
[DEBUG] 2020-02-17 06:54:38.215 [main] Settings - Using BatchFetchStyle : LEGACY
[DEBUG] 2020-02-17 06:54:38.215 [main] Settings - Default batch fetch size: -1
[DEBUG] 2020-02-17 06:54:38.215 [main] Settings - Maximum outer join fetch depth: 2
[DEBUG] 2020-02-17 06:54:38.215 [main] Settings - Default null ordering: NONE
[DEBUG] 2020-02-17 06:54:38.215 [main] Settings - Order SQL updates by primary key: disabled
[DEBUG] 2020-02-17 06:54:38.215 [main] Settings - Order SQL inserts for batching: disabled
[DEBUG] 2020-02-17 06:54:38.215 [main] Settings - multi-tenancy strategy : NONE
[DEBUG] 2020-02-17 06:54:38.215 [main] Settings - JTA Track by Thread: enabled
[DEBUG] 2020-02-17 06:54:38.215 [main] Settings - Query language substitutions: {}
[DEBUG] 2020-02-17 06:54:38.215 [main] Settings - Named query checking : enabled
[DEBUG] 2020-02-17 06:54:38.215 [main] Settings - Second-level cache: disabled
[DEBUG] 2020-02-17 06:54:38.215 [main] Settings - Second-level query cache: disabled
[DEBUG] 2020-02-17 06:54:38.215 [main] Settings - Second-level query cache factory: null
[DEBUG] 2020-02-17 06:54:38.215 [main] Settings - Second-level cache region prefix: null
[DEBUG] 2020-02-17 06:54:38.216 [main] Settings - Optimize second-level cache for minimal puts: disabled
[DEBUG] 2020-02-17 06:54:38.216 [main] Settings - Structured second-level cache entries: disabled
[DEBUG] 2020-02-17 06:54:38.216 [main] Settings - Second-level cache direct-reference entries: disabled
[DEBUG] 2020-02-17 06:54:38.216 [main] Settings - Automatic eviction of collection cache: disabled
[DEBUG] 2020-02-17 06:54:38.216 [main] Settings - JDBC batch size: 15
[DEBUG] 2020-02-17 06:54:38.216 [main] Settings - JDBC batch updates for versioned data: enabled
[DEBUG] 2020-02-17 06:54:38.216 [main] Settings - Scrollable result sets: enabled
[DEBUG] 2020-02-17 06:54:38.216 [main] Settings - Wrap result sets: disabled
[DEBUG] 2020-02-17 06:54:38.216 [main] Settings - JDBC3 getGeneratedKeys(): enabled
[DEBUG] 2020-02-17 06:54:38.216 [main] Settings - JDBC result set fetch size: null
[DEBUG] 2020-02-17 06:54:38.216 [main] Settings - Connection release mode: AFTER_TRANSACTION
[DEBUG] 2020-02-17 06:54:38.216 [main] Settings - Generate SQL with comments: disabled
[DEBUG] 2020-02-17 06:54:38.216 [main] Settings - JPA compliance - query : 
[DEBUG] 2020-02-17 06:54:38.216 [main] Settings - JPA compliance - closed-handling : 
[DEBUG] 2020-02-17 06:54:38.216 [main] Settings - JPA compliance - lists : 
[DEBUG] 2020-02-17 06:54:38.216 [main] Settings - JPA compliance - transactions : 
[INFO ] 2020-02-17 06:54:38.280 [main] beans - HHH10005002: No explicit CDI BeanManager reference was passed to Hibernate, but CDI is available on the Hibernate ClassLoader.
[DEBUG] 2020-02-17 06:54:38.301 [main] SessionFactoryImpl - Session factory constructed with filter configurations : {}
[DEBUG] 2020-02-17 06:54:38.301 [main] SessionFactoryImpl - Instantiating session factory with properties: {sun.desktop=gnome, awt.toolkit=sun.awt.X11.XToolkit, java.specification.version=11, sun.cpu.isalist=, hibernate.c3p0.idle_test_period=3000, sun.jnu.encoding=UTF-8, hibernate.c3p0.min_size=5, java.class.path=/home/student/intellij/lib/idea_rt.jar:/home/student/intellij/plugins/junit/lib/junit5-rt.jar:/home/student/intellij/plugins/junit/lib/junit-rt.jar:/home/student/IdeaProjects/practiceHackerTracker/practiceHackerTracker/target/test-classes:/home/student/IdeaProjects/practiceHackerTracker/practiceHackerTracker/target/classes:/home/student/.m2/repository/org/junit/platform/junit-platform-runner/1.0.0/junit-platform-runner-1.0.0.jar:/home/student/.m2/repository/org/apiguardian/apiguardian-api/1.0.0/apiguardian-api-1.0.0.jar:/home/student/.m2/repository/org/junit/platform/junit-platform-launcher/1.0.0/junit-platform-launcher-1.0.0.jar:/home/student/.m2/repository/org/junit/platform/junit-platform-suite-api/1.0.0/junit-platform-suite-api-1.0.0.jar:/home/student/.m2/repository/org/junit/platform/junit-platform-commons/1.0.0/junit-platform-commons-1.0.0.jar:/home/student/.m2/repository/org/junit/vintage/junit-vintage-engine/4.12.0/junit-vintage-engine-4.12.0.jar:/home/student/.m2/repository/org/junit/platform/junit-platform-engine/1.0.0/junit-platform-engine-1.0.0.jar:/home/student/.m2/repository/org/opentest4j/opentest4j/1.0.0/opentest4j-1.0.0.jar:/home/student/.m2/repository/org/junit/jupiter/junit-jupiter-engine/5.0.0/junit-jupiter-engine-5.0.0.jar:/home/student/.m2/repository/org/junit/jupiter/junit-jupiter-api/5.0.0/junit-jupiter-api-5.0.0.jar:/home/student/.m2/repository/junit/junit/4.12/junit-4.12.jar:/home/student/.m2/repository/org/hamcrest/hamcrest-core/1.3/hamcrest-core-1.3.jar:/home/student/.m2/repository/javax/javaee-web-api/7.0/javaee-web-api-7.0.jar:/home/student/.m2/repository/mysql/mysql-connector-java/8.0.19/mysql-connector-java-8.0.19.jar:/home/student/.m2/repository/com/google/protobuf/protobuf-java/3.6.1/protobuf-java-3.6.1.jar:/home/student/.m2/repository/jstl/jstl/1.2/jstl-1.2.jar:/home/student/.m2/repository/org/apache/logging/log4j/log4j-api/2.10.0/log4j-api-2.10.0.jar:/home/student/.m2/repository/org/apache/logging/log4j/log4j-core/2.10.0/log4j-core-2.10.0.jar:/home/student/.m2/repository/org/hibernate/hibernate-core/5.4.4.Final/hibernate-core-5.4.4.Final.jar:/home/student/.m2/repository/org/jboss/logging/jboss-logging/3.3.2.Final/jboss-logging-3.3.2.Final.jar:/home/student/.m2/repository/javax/persistence/javax.persistence-api/2.2/javax.persistence-api-2.2.jar:/home/student/.m2/repository/org/javassist/javassist/3.24.0-GA/javassist-3.24.0-GA.jar:/home/student/.m2/repository/net/bytebuddy/byte-buddy/1.9.11/byte-buddy-1.9.11.jar:/home/student/.m2/repository/antlr/antlr/2.7.7/antlr-2.7.7.jar:/home/student/.m2/repository/org/jboss/spec/javax/transaction/jboss-transaction-api_1.2_spec/1.1.1.Final/jboss-transaction-api_1.2_spec-1.1.1.Final.jar:/home/student/.m2/repository/org/jboss/jandex/2.0.5.Final/jandex-2.0.5.Final.jar:/home/student/.m2/repository/com/fasterxml/classmate/1.3.4/classmate-1.3.4.jar:/home/student/.m2/repository/javax/activation/javax.activation-api/1.2.0/javax.activation-api-1.2.0.jar:/home/student/.m2/repository/org/dom4j/dom4j/2.1.1/dom4j-2.1.1.jar:/home/student/.m2/repository/org/hibernate/common/hibernate-commons-annotations/5.1.0.Final/hibernate-commons-annotations-5.1.0.Final.jar:/home/student/.m2/repository/javax/xml/bind/jaxb-api/2.3.1/jaxb-api-2.3.1.jar:/home/student/.m2/repository/org/glassfish/jaxb/jaxb-runtime/2.3.1/jaxb-runtime-2.3.1.jar:/home/student/.m2/repository/org/glassfish/jaxb/txw2/2.3.1/txw2-2.3.1.jar:/home/student/.m2/repository/com/sun/istack/istack-commons-runtime/3.0.7/istack-commons-runtime-3.0.7.jar:/home/student/.m2/repository/org/jvnet/staxex/stax-ex/1.8/stax-ex-1.8.jar:/home/student/.m2/repository/com/sun/xml/fastinfoset/FastInfoset/1.2.15/FastInfoset-1.2.15.jar:/home/student/.m2/repository/org/hibernate/hibernate-c3p0/5.4.4.Final/hibernate-c3p0-5.4.4.Final.jar:/home/student/.m2/repository/com/mchange/c3p0/0.9.5.3/c3p0-0.9.5.3.jar:/home/student/.m2/repository/com/mchange/mchange-commons-java/0.2.15/mchange-commons-java-0.2.15.jar:/home/student/.m2/repository/org/projectlombok/lombok/1.18.12/lombok-1.18.12.jar, java.vm.vendor=Ubuntu, sun.arch.data.model=64, idea.test.cyclic.buffer.size=1048576, java.vendor.url=https://ubuntu.com/, user.timezone=America/Chicago, os.name=Linux, java.vm.specification.version=11, sun.java.launcher=SUN_STANDARD, user.country=US, sun.boot.library.path=/usr/lib/jvm/java-11-openjdk-amd64/lib, sun.java.command=com.intellij.rt.junit.JUnitStarter -ideVersion5 -junit5 stalterclouse.elspeth.persistence.UserDaoTest,insertSuccess, jdk.debug=release, sun.cpu.endian=little, user.home=/home/student, hibernate.c3p0.max_statements=50, user.language=en, java.specification.vendor=Oracle Corporation, java.version.date=2020-01-14, java.home=/usr/lib/jvm/java-11-openjdk-amd64, file.separator=/, java.vm.compressedOopsMode=32-bit, line.separator=
, hibernate.c3p0.timeout=300, java.specification.name=Java Platform API Specification, java.vm.specification.vendor=Oracle Corporation, intellij.debug.agent=true, java.awt.graphicsenv=sun.awt.X11GraphicsEnvironment, connection.password=student, sun.management.compiler=HotSpot 64-Bit Tiered Compilers, hibernate.c3p0.max_size=20, java.runtime.version=11.0.6+10-post-Ubuntu-1ubuntu118.04.1, user.name=student, path.separator=:, hibernate.connection.username=****, os.version=5.3.0-28-generic, java.runtime.name=OpenJDK Runtime Environment, hibernate.connection.url=jdbc:mysql://localhost:3306/test_practiceHacker, file.encoding=UTF-8, java.vm.name=OpenJDK 64-Bit Server VM, hibernate.connection.driver_class=com.mysql.cj.jdbc.Driver, java.vendor.url.bug=https://bugs.launchpad.net/ubuntu/+source/openjdk-lts, java.io.tmpdir=/tmp, java.version=11.0.6, jboss.modules.system.pkgs=com.intellij.rt, user.dir=/home/student/IdeaProjects/practiceHackerTracker/practiceHackerTracker, os.arch=amd64, connection.username=root, java.vm.specification.name=Java Virtual Machine Specification, java.awt.printerjob=sun.print.PSPrinterJob, hibernate.connection.password=****, sun.os.patch.level=unknown, connection.driver_class=com.mysql.cj.jdbc.Driver, hibernate.boot.CfgXmlAccessService.key=org.hibernate.boot.cfgxml.spi.LoadedConfig@777d191f, java.library.path=/usr/java/packages/lib:/usr/lib/x86_64-linux-gnu/jni:/lib/x86_64-linux-gnu:/usr/lib/x86_64-linux-gnu:/usr/lib/jni:/lib:/usr/lib, java.vendor=Ubuntu, java.vm.info=mixed mode, sharing, java.vm.version=11.0.6+10-post-Ubuntu-1ubuntu118.04.1, hibernate.bytecode.use_reflection_optimizer=false, sun.io.unicode.encoding=UnicodeLittle, connection.url=jdbc:mysql://localhost:3306/test_practiceHacker, java.class.version=55.0}
[DEBUG] 2020-02-17 06:54:38.321 [main] TypeSafeActivator - Unable to acquire Bean Validation ValidatorFactory, skipping activation
[DEBUG] 2020-02-17 06:54:38.321 [main] JaccIntegrator - Skipping JACC integration as it was not enabled
[DEBUG] 2020-02-17 06:54:38.325 [main] SessionFactoryImpl - Instantiated session factory
[DEBUG] 2020-02-17 06:54:38.325 [main] TypeConfiguration$Scope - Scoping TypeConfiguration [org.hibernate.type.spi.TypeConfiguration@6d1dcdff] to SessionFactoryImpl [org.hibernate.internal.SessionFactoryImpl@1cfc2538]
[DEBUG] 2020-02-17 06:54:38.398 [main] ClassLoaderAccessImpl - Not known whether passed class name [stalterclouse.elspeth.entity.User] is safe
[DEBUG] 2020-02-17 06:54:38.398 [main] ClassLoaderAccessImpl - No temp ClassLoader provided; using live ClassLoader for loading potentially unsafe class : stalterclouse.elspeth.entity.User
[DEBUG] 2020-02-17 06:54:38.445 [main] ClassLoaderAccessImpl - Not known whether passed class name [stalterclouse.elspeth.entity.User] is safe
[DEBUG] 2020-02-17 06:54:38.445 [main] ClassLoaderAccessImpl - No temp ClassLoader provided; using live ClassLoader for loading potentially unsafe class : stalterclouse.elspeth.entity.User
[DEBUG] 2020-02-17 06:54:38.874 [main] AbstractEntityPersister - Static SQL for entity: stalterclouse.elspeth.entity.User
[DEBUG] 2020-02-17 06:54:38.874 [main] AbstractEntityPersister -  Version select: select id from users where id =?
[DEBUG] 2020-02-17 06:54:38.874 [main] AbstractEntityPersister -  Snapshot select: select user_.id, user_.birth_date as birth_da2_0_, user_.first_name as first_na3_0_, user_.instrument as instrume4_0_, user_.last_name as last_nam5_0_, user_.password as password6_0_, user_.practice_counter as practice7_0_, user_.skill_level as skill_le8_0_, user_.studio_size as studio_s9_0_, user_.username as usernam10_0_ from users user_ where user_.id=?
[DEBUG] 2020-02-17 06:54:38.874 [main] AbstractEntityPersister -  Insert 0: insert into users (birth_date, first_name, instrument, last_name, password, practice_counter, skill_level, studio_size, username, id) values (?, ?, ?, ?, ?, ?, ?, ?, ?, ?)
[DEBUG] 2020-02-17 06:54:38.874 [main] AbstractEntityPersister -  Update 0: update users set birth_date=?, first_name=?, instrument=?, last_name=?, password=?, practice_counter=?, skill_level=?, studio_size=?, username=? where id=?
[DEBUG] 2020-02-17 06:54:38.874 [main] AbstractEntityPersister -  Delete 0: delete from users where id=?
[DEBUG] 2020-02-17 06:54:38.874 [main] AbstractEntityPersister -  Identity insert: insert into users (birth_date, first_name, instrument, last_name, password, practice_counter, skill_level, studio_size, username) values (?, ?, ?, ?, ?, ?, ?, ?, ?)
[DEBUG] 2020-02-17 06:54:38.903 [main] QuerySpacesImpl - Adding QuerySpace : uid = <gen:0> -> org.hibernate.loader.plan.build.internal.spaces.EntityQuerySpaceImpl@510689af]
[DEBUG] 2020-02-17 06:54:38.904 [main] MetamodelGraphWalker - Visiting attribute path : birthDate
[DEBUG] 2020-02-17 06:54:38.904 [main] MetamodelGraphWalker - Visiting attribute path : firstName
[DEBUG] 2020-02-17 06:54:38.904 [main] MetamodelGraphWalker - Visiting attribute path : instrument
[DEBUG] 2020-02-17 06:54:38.905 [main] MetamodelGraphWalker - Visiting attribute path : lastName
[DEBUG] 2020-02-17 06:54:38.905 [main] MetamodelGraphWalker - Visiting attribute path : password
[DEBUG] 2020-02-17 06:54:38.905 [main] MetamodelGraphWalker - Visiting attribute path : practiceCounter
[DEBUG] 2020-02-17 06:54:38.905 [main] MetamodelGraphWalker - Visiting attribute path : skillLevel
[DEBUG] 2020-02-17 06:54:38.905 [main] MetamodelGraphWalker - Visiting attribute path : studioSize
[DEBUG] 2020-02-17 06:54:38.905 [main] MetamodelGraphWalker - Visiting attribute path : username
[DEBUG] 2020-02-17 06:54:38.905 [main] FetchStyleLoadPlanBuildingAssociationVisitationStrategy - Building LoadPlan...
[DEBUG] 2020-02-17 06:54:38.929 [main] LoadQueryJoinAndFetchProcessor - processing queryspace <gen:0>
[DEBUG] 2020-02-17 06:54:38.937 [main] LoadPlanTreePrinter - LoadPlan(entity=stalterclouse.elspeth.entity.User)
    - Returns
       - EntityReturnImpl(entity=stalterclouse.elspeth.entity.User, querySpaceUid=<gen:0>, path=stalterclouse.elspeth.entity.User)
    - QuerySpaces
       - EntityQuerySpaceImpl(uid=<gen:0>, entity=stalterclouse.elspeth.entity.User)
          - SQL table alias mapping - user0_
          - alias suffix - 0_
          - suffixed key columns - {id1_0_0_}

[DEBUG] 2020-02-17 06:54:38.944 [main] EntityLoader - Static select for entity stalterclouse.elspeth.entity.User [NONE]: select user0_.id as id1_0_0_, user0_.birth_date as birth_da2_0_0_, user0_.first_name as first_na3_0_0_, user0_.instrument as instrume4_0_0_, user0_.last_name as last_nam5_0_0_, user0_.password as password6_0_0_, user0_.practice_counter as practice7_0_0_, user0_.skill_level as skill_le8_0_0_, user0_.studio_size as studio_s9_0_0_, user0_.username as usernam10_0_0_ from users user0_ where user0_.id=?
[DEBUG] 2020-02-17 06:54:38.944 [main] QuerySpacesImpl - Adding QuerySpace : uid = <gen:0> -> org.hibernate.loader.plan.build.internal.spaces.EntityQuerySpaceImpl@33e0c716]
[DEBUG] 2020-02-17 06:54:38.944 [main] MetamodelGraphWalker - Visiting attribute path : birthDate
[DEBUG] 2020-02-17 06:54:38.944 [main] MetamodelGraphWalker - Visiting attribute path : firstName
[DEBUG] 2020-02-17 06:54:38.944 [main] MetamodelGraphWalker - Visiting attribute path : instrument
[DEBUG] 2020-02-17 06:54:38.945 [main] MetamodelGraphWalker - Visiting attribute path : lastName
[DEBUG] 2020-02-17 06:54:38.945 [main] MetamodelGraphWalker - Visiting attribute path : password
[DEBUG] 2020-02-17 06:54:38.945 [main] MetamodelGraphWalker - Visiting attribute path : practiceCounter
[DEBUG] 2020-02-17 06:54:38.945 [main] MetamodelGraphWalker - Visiting attribute path : skillLevel
[DEBUG] 2020-02-17 06:54:38.945 [main] MetamodelGraphWalker - Visiting attribute path : studioSize
[DEBUG] 2020-02-17 06:54:38.945 [main] MetamodelGraphWalker - Visiting attribute path : username
[DEBUG] 2020-02-17 06:54:38.945 [main] FetchStyleLoadPlanBuildingAssociationVisitationStrategy - Building LoadPlan...
[DEBUG] 2020-02-17 06:54:38.946 [main] LoadQueryJoinAndFetchProcessor - processing queryspace <gen:0>
[DEBUG] 2020-02-17 06:54:38.946 [main] LoadPlanTreePrinter - LoadPlan(entity=stalterclouse.elspeth.entity.User)
    - Returns
       - EntityReturnImpl(entity=stalterclouse.elspeth.entity.User, querySpaceUid=<gen:0>, path=stalterclouse.elspeth.entity.User)
    - QuerySpaces
       - EntityQuerySpaceImpl(uid=<gen:0>, entity=stalterclouse.elspeth.entity.User)
          - SQL table alias mapping - user0_
          - alias suffix - 0_
          - suffixed key columns - {id1_0_0_}

[DEBUG] 2020-02-17 06:54:38.946 [main] EntityLoader - Static select for entity stalterclouse.elspeth.entity.User [READ]: select user0_.id as id1_0_0_, user0_.birth_date as birth_da2_0_0_, user0_.first_name as first_na3_0_0_, user0_.instrument as instrume4_0_0_, user0_.last_name as last_nam5_0_0_, user0_.password as password6_0_0_, user0_.practice_counter as practice7_0_0_, user0_.skill_level as skill_le8_0_0_, user0_.studio_size as studio_s9_0_0_, user0_.username as usernam10_0_0_ from users user0_ where user0_.id=?
[DEBUG] 2020-02-17 06:54:38.971 [main] Loader - Static select for action ACTION_MERGE on entity stalterclouse.elspeth.entity.User: select user0_.id as id1_0_0_, user0_.birth_date as birth_da2_0_0_, user0_.first_name as first_na3_0_0_, user0_.instrument as instrume4_0_0_, user0_.last_name as last_nam5_0_0_, user0_.password as password6_0_0_, user0_.practice_counter as practice7_0_0_, user0_.skill_level as skill_le8_0_0_, user0_.studio_size as studio_s9_0_0_, user0_.username as usernam10_0_0_ from users user0_ where user0_.id=?
[DEBUG] 2020-02-17 06:54:38.971 [main] Loader - Static select for action ACTION_REFRESH on entity stalterclouse.elspeth.entity.User: select user0_.id as id1_0_0_, user0_.birth_date as birth_da2_0_0_, user0_.first_name as first_na3_0_0_, user0_.instrument as instrume4_0_0_, user0_.last_name as last_nam5_0_0_, user0_.password as password6_0_0_, user0_.practice_counter as practice7_0_0_, user0_.skill_level as skill_le8_0_0_, user0_.studio_size as studio_s9_0_0_, user0_.username as usernam10_0_0_ from users user0_ where user0_.id=?
[DEBUG] 2020-02-17 06:54:39.009 [main] SchemaManagementToolCoordinator - No actions specified; doing nothing
[DEBUG] 2020-02-17 06:54:39.009 [main] JtaPlatformInitiator - No JtaPlatform was specified, checking resolver
[DEBUG] 2020-02-17 06:54:39.010 [main] JtaPlatformResolverInitiator - No JtaPlatformResolver was specified, using default [org.hibernate.engine.transaction.jta.platform.internal.StandardJtaPlatformResolver]
[DEBUG] 2020-02-17 06:54:39.018 [main] StandardJtaPlatformResolver - Could not resolve JtaPlatform, using default [org.hibernate.engine.transaction.jta.platform.internal.NoJtaPlatform]
[INFO ] 2020-02-17 06:54:39.019 [main] JtaPlatformInitiator - HHH000490: Using JtaPlatform implementation: [org.hibernate.engine.transaction.jta.platform.internal.NoJtaPlatform]
[DEBUG] 2020-02-17 06:54:39.020 [main] NamedQueryRepository - Checking 0 named HQL queries
[DEBUG] 2020-02-17 06:54:39.020 [main] NamedQueryRepository - Checking 0 named SQL queries
[DEBUG] 2020-02-17 06:54:39.023 [main] SessionFactoryRegistry - Initializing SessionFactoryRegistry : org.hibernate.internal.SessionFactoryRegistry@43a4a9e5
[DEBUG] 2020-02-17 06:54:39.028 [main] SessionFactoryRegistry - Registering SessionFactory: c9a86e2f-7790-4956-84a2-011f2b912bef (<unnamed>)
[DEBUG] 2020-02-17 06:54:39.028 [main] SessionFactoryRegistry - Not binding SessionFactory to JNDI, no JNDI name configured
[DEBUG] 2020-02-17 06:54:39.199 [main] StatisticsInitiator - Statistics initialized [enabled=false]
[DEBUG] 2020-02-17 06:54:39.224 [main] TransactionImpl - On TransactionImpl creation, JpaCompliance#isJpaTransactionComplianceEnabled == false
[DEBUG] 2020-02-17 06:54:39.224 [main] TransactionImpl - begin
[DEBUG] 2020-02-17 06:54:39.242 [main] ActionQueue - Executing identity-insert immediately
[DEBUG] 2020-02-17 06:54:39.247 [main] SQL - insert into users (birth_date, first_name, instrument, last_name, password, practice_counter, skill_level, studio_size, username) values (?, ?, ?, ?, ?, ?, ?, ?, ?)
[DEBUG] 2020-02-17 06:54:39.287 [main] IdentifierGeneratorHelper - Natively generated identity: 10
[DEBUG] 2020-02-17 06:54:39.287 [main] ResourceRegistryStandardImpl - HHH000387: ResultSet's statement was not registered
[DEBUG] 2020-02-17 06:54:39.290 [main] TransactionImpl - committing
[DEBUG] 2020-02-17 06:54:39.292 [main] AbstractFlushingEventListener - Processing flush-time cascades
[DEBUG] 2020-02-17 06:54:39.293 [main] AbstractFlushingEventListener - Dirty checking collections
[DEBUG] 2020-02-17 06:54:39.295 [main] AbstractFlushingEventListener - Flushed: 0 insertions, 0 updates, 0 deletions to 1 objects
[DEBUG] 2020-02-17 06:54:39.295 [main] AbstractFlushingEventListener - Flushed: 0 (re)creations, 0 updates, 0 removals to 0 collections
[DEBUG] 2020-02-17 06:54:39.297 [main] EntityPrinter - Listing entities:
[DEBUG] 2020-02-17 06:54:39.298 [main] EntityPrinter - stalterclouse.elspeth.entity.User{firstName=Brad, lastName=News, password=password, practiceCounter=42, instrument=percussion, id=10, birthDate=1998-01-01, skillLevel=beginner, studioSize=0, username=brandNew}
[DEBUG] 2020-02-17 06:54:39.301 [main] LogicalConnectionManagedImpl - Initiating JDBC connection release from afterTransaction
[DEBUG] 2020-02-17 06:54:39.302 [main] LogicalConnectionManagedImpl - Initiating JDBC connection release from afterTransaction
[DEBUG] 2020-02-17 06:54:39.320 [main] SQL - select user0_.id as id1_0_0_, user0_.birth_date as birth_da2_0_0_, user0_.first_name as first_na3_0_0_, user0_.instrument as instrume4_0_0_, user0_.last_name as last_nam5_0_0_, user0_.password as password6_0_0_, user0_.practice_counter as practice7_0_0_, user0_.skill_level as skill_le8_0_0_, user0_.studio_size as studio_s9_0_0_, user0_.username as usernam10_0_0_ from users user0_ where user0_.id=?
[DEBUG] 2020-02-17 06:54:39.327 [main] ResultSetProcessorImpl - Starting ResultSet row #0
[DEBUG] 2020-02-17 06:54:39.328 [main] EntityReferenceInitializerImpl - On call to EntityIdentifierReaderImpl#resolve, EntityKey was already known; should only happen on root returns with an optional identifier specified
[DEBUG] 2020-02-17 06:54:39.336 [main] TwoPhaseLoad - Resolving attributes for [stalterclouse.elspeth.entity.User#10]
[DEBUG] 2020-02-17 06:54:39.336 [main] TwoPhaseLoad - Processing attribute `birthDate` : value = 1998-01-01
[DEBUG] 2020-02-17 06:54:39.336 [main] TwoPhaseLoad - Attribute (`birthDate`)  - enhanced for lazy-loading? - false
[DEBUG] 2020-02-17 06:54:39.336 [main] TwoPhaseLoad - Processing attribute `firstName` : value = Brad
[DEBUG] 2020-02-17 06:54:39.336 [main] TwoPhaseLoad - Attribute (`firstName`)  - enhanced for lazy-loading? - false
[DEBUG] 2020-02-17 06:54:39.337 [main] TwoPhaseLoad - Processing attribute `instrument` : value = percussion
[DEBUG] 2020-02-17 06:54:39.337 [main] TwoPhaseLoad - Attribute (`instrument`)  - enhanced for lazy-loading? - false
[DEBUG] 2020-02-17 06:54:39.337 [main] TwoPhaseLoad - Processing attribute `lastName` : value = News
[DEBUG] 2020-02-17 06:54:39.337 [main] TwoPhaseLoad - Attribute (`lastName`)  - enhanced for lazy-loading? - false
[DEBUG] 2020-02-17 06:54:39.337 [main] TwoPhaseLoad - Processing attribute `password` : value = password
[DEBUG] 2020-02-17 06:54:39.337 [main] TwoPhaseLoad - Attribute (`password`)  - enhanced for lazy-loading? - false
[DEBUG] 2020-02-17 06:54:39.337 [main] TwoPhaseLoad - Processing attribute `practiceCounter` : value = 42
[DEBUG] 2020-02-17 06:54:39.337 [main] TwoPhaseLoad - Attribute (`practiceCounter`)  - enhanced for lazy-loading? - false
[DEBUG] 2020-02-17 06:54:39.337 [main] TwoPhaseLoad - Processing attribute `skillLevel` : value = beginner
[DEBUG] 2020-02-17 06:54:39.337 [main] TwoPhaseLoad - Attribute (`skillLevel`)  - enhanced for lazy-loading? - false
[DEBUG] 2020-02-17 06:54:39.337 [main] TwoPhaseLoad - Processing attribute `studioSize` : value = 0
[DEBUG] 2020-02-17 06:54:39.337 [main] TwoPhaseLoad - Attribute (`studioSize`)  - enhanced for lazy-loading? - false
[DEBUG] 2020-02-17 06:54:39.337 [main] TwoPhaseLoad - Processing attribute `username` : value = brandNew
[DEBUG] 2020-02-17 06:54:39.337 [main] TwoPhaseLoad - Attribute (`username`)  - enhanced for lazy-loading? - false
[DEBUG] 2020-02-17 06:54:39.337 [main] TwoPhaseLoad - Done materializing entity [stalterclouse.elspeth.entity.User#10]
[DEBUG] 2020-02-17 06:54:39.337 [main] ResourceRegistryStandardImpl - HHH000387: ResultSet's statement was not registered
[DEBUG] 2020-02-17 06:54:39.337 [main] AbstractLoadPlanBasedEntityLoader - Done entity load : stalterclouse.elspeth.entity.User#10
[DEBUG] 2020-02-17 06:54:39.338 [main] LogicalConnectionManagedImpl - Initiating JDBC connection release from afterTransaction
