[DEBUG] 2020-03-02 00:19:54.776 [main] IntegratorServiceImpl - Adding Integrator [org.hibernate.cfg.beanvalidation.BeanValidationIntegrator].
[DEBUG] 2020-03-02 00:19:54.784 [main] IntegratorServiceImpl - Adding Integrator [org.hibernate.secure.spi.JaccIntegrator].
[DEBUG] 2020-03-02 00:19:54.801 [main] IntegratorServiceImpl - Adding Integrator [org.hibernate.cache.internal.CollectionCacheInvalidator].
[INFO ] 2020-03-02 00:19:55.014 [main] Version - HHH000412: Hibernate Core {5.4.4.Final}
[DEBUG] 2020-03-02 00:19:55.016 [main] Environment - HHH000206: hibernate.properties not found
[DEBUG] 2020-03-02 00:19:55.482 [main] LocalXmlResourceResolver - Interpreting public/system identifier : [-//Hibernate/Hibernate Configuration DTD//EN] - [http://www.hibernate.org/dtd/hibernate-configuration-3.0.dtd]
[DEBUG] 2020-03-02 00:19:55.484 [main] LocalXmlResourceResolver - Recognized hibernate-configuration identifier; attempting to resolve on classpath under org/hibernate/
[DEBUG] 2020-03-02 00:19:55.500 [main] JaxbCfgProcessor - cfg.xml document did not define namespaces; wrapping in custom event reader to introduce namespace information
[DEBUG] 2020-03-02 00:19:56.000 [main] ServiceBinding - Overriding existing service binding [org.hibernate.secure.spi.JaccService]
[DEBUG] 2020-03-02 00:19:56.035 [main] RegionFactoryInitiator - Cannot default RegionFactory based on registered strategies as `[]` RegionFactory strategies were registered
[DEBUG] 2020-03-02 00:19:56.037 [main] RegionFactoryInitiator - Cache region factory : org.hibernate.cache.internal.NoCachingRegionFactory
[INFO ] 2020-03-02 00:19:56.078 [main] Version - HCANN000001: Hibernate Commons Annotations {5.1.0.Final}
[DEBUG] 2020-03-02 00:19:56.157 [main] BasicTypeRegistry - Adding type registration boolean -> org.hibernate.type.BooleanType@1639f93a
[DEBUG] 2020-03-02 00:19:56.159 [main] BasicTypeRegistry - Adding type registration boolean -> org.hibernate.type.BooleanType@1639f93a
[DEBUG] 2020-03-02 00:19:56.159 [main] BasicTypeRegistry - Adding type registration java.lang.Boolean -> org.hibernate.type.BooleanType@1639f93a
[DEBUG] 2020-03-02 00:19:56.160 [main] BasicTypeRegistry - Adding type registration numeric_boolean -> org.hibernate.type.NumericBooleanType@19b047fe
[DEBUG] 2020-03-02 00:19:56.160 [main] BasicTypeRegistry - Adding type registration true_false -> org.hibernate.type.TrueFalseType@446c3920
[DEBUG] 2020-03-02 00:19:56.162 [main] BasicTypeRegistry - Adding type registration yes_no -> org.hibernate.type.YesNoType@118102ee
[DEBUG] 2020-03-02 00:19:56.164 [main] BasicTypeRegistry - Adding type registration byte -> org.hibernate.type.ByteType@b2f4ece
[DEBUG] 2020-03-02 00:19:56.164 [main] BasicTypeRegistry - Adding type registration byte -> org.hibernate.type.ByteType@b2f4ece
[DEBUG] 2020-03-02 00:19:56.165 [main] BasicTypeRegistry - Adding type registration java.lang.Byte -> org.hibernate.type.ByteType@b2f4ece
[DEBUG] 2020-03-02 00:19:56.166 [main] BasicTypeRegistry - Adding type registration character -> org.hibernate.type.CharacterType@41fed14f
[DEBUG] 2020-03-02 00:19:56.167 [main] BasicTypeRegistry - Adding type registration char -> org.hibernate.type.CharacterType@41fed14f
[DEBUG] 2020-03-02 00:19:56.167 [main] BasicTypeRegistry - Adding type registration java.lang.Character -> org.hibernate.type.CharacterType@41fed14f
[DEBUG] 2020-03-02 00:19:56.169 [main] BasicTypeRegistry - Adding type registration short -> org.hibernate.type.ShortType@7e736350
[DEBUG] 2020-03-02 00:19:56.170 [main] BasicTypeRegistry - Adding type registration short -> org.hibernate.type.ShortType@7e736350
[DEBUG] 2020-03-02 00:19:56.170 [main] BasicTypeRegistry - Adding type registration java.lang.Short -> org.hibernate.type.ShortType@7e736350
[DEBUG] 2020-03-02 00:19:56.174 [main] BasicTypeRegistry - Adding type registration integer -> org.hibernate.type.IntegerType@45f421c
[DEBUG] 2020-03-02 00:19:56.174 [main] BasicTypeRegistry - Adding type registration int -> org.hibernate.type.IntegerType@45f421c
[DEBUG] 2020-03-02 00:19:56.174 [main] BasicTypeRegistry - Adding type registration java.lang.Integer -> org.hibernate.type.IntegerType@45f421c
[DEBUG] 2020-03-02 00:19:56.176 [main] BasicTypeRegistry - Adding type registration long -> org.hibernate.type.LongType@3402b4c9
[DEBUG] 2020-03-02 00:19:56.176 [main] BasicTypeRegistry - Adding type registration long -> org.hibernate.type.LongType@3402b4c9
[DEBUG] 2020-03-02 00:19:56.176 [main] BasicTypeRegistry - Adding type registration java.lang.Long -> org.hibernate.type.LongType@3402b4c9
[DEBUG] 2020-03-02 00:19:56.177 [main] BasicTypeRegistry - Adding type registration float -> org.hibernate.type.FloatType@499683c4
[DEBUG] 2020-03-02 00:19:56.177 [main] BasicTypeRegistry - Adding type registration float -> org.hibernate.type.FloatType@499683c4
[DEBUG] 2020-03-02 00:19:56.178 [main] BasicTypeRegistry - Adding type registration java.lang.Float -> org.hibernate.type.FloatType@499683c4
[DEBUG] 2020-03-02 00:19:56.179 [main] BasicTypeRegistry - Adding type registration double -> org.hibernate.type.DoubleType@3a5c2626
[DEBUG] 2020-03-02 00:19:56.179 [main] BasicTypeRegistry - Adding type registration double -> org.hibernate.type.DoubleType@3a5c2626
[DEBUG] 2020-03-02 00:19:56.181 [main] BasicTypeRegistry - Adding type registration java.lang.Double -> org.hibernate.type.DoubleType@3a5c2626
[DEBUG] 2020-03-02 00:19:56.181 [main] BasicTypeRegistry - Adding type registration big_decimal -> org.hibernate.type.BigDecimalType@d74bac4
[DEBUG] 2020-03-02 00:19:56.182 [main] BasicTypeRegistry - Adding type registration java.math.BigDecimal -> org.hibernate.type.BigDecimalType@d74bac4
[DEBUG] 2020-03-02 00:19:56.183 [main] BasicTypeRegistry - Adding type registration big_integer -> org.hibernate.type.BigIntegerType@c1fca2a
[DEBUG] 2020-03-02 00:19:56.183 [main] BasicTypeRegistry - Adding type registration java.math.BigInteger -> org.hibernate.type.BigIntegerType@c1fca2a
[DEBUG] 2020-03-02 00:19:56.184 [main] BasicTypeRegistry - Adding type registration string -> org.hibernate.type.StringType@6107165
[DEBUG] 2020-03-02 00:19:56.184 [main] BasicTypeRegistry - Adding type registration java.lang.String -> org.hibernate.type.StringType@6107165
[DEBUG] 2020-03-02 00:19:56.185 [main] BasicTypeRegistry - Adding type registration nstring -> org.hibernate.type.StringNVarcharType@f3021cb
[DEBUG] 2020-03-02 00:19:56.186 [main] BasicTypeRegistry - Adding type registration ncharacter -> org.hibernate.type.CharacterNCharType@75769ab0
[DEBUG] 2020-03-02 00:19:56.188 [main] BasicTypeRegistry - Adding type registration url -> org.hibernate.type.UrlType@4c59e45e
[DEBUG] 2020-03-02 00:19:56.188 [main] BasicTypeRegistry - Adding type registration java.net.URL -> org.hibernate.type.UrlType@4c59e45e
[DEBUG] 2020-03-02 00:19:56.189 [main] BasicTypeRegistry - Adding type registration Duration -> org.hibernate.type.DurationType@36fcf6c0
[DEBUG] 2020-03-02 00:19:56.189 [main] BasicTypeRegistry - Adding type registration java.time.Duration -> org.hibernate.type.DurationType@36fcf6c0
[DEBUG] 2020-03-02 00:19:56.198 [main] BasicTypeRegistry - Adding type registration Instant -> org.hibernate.type.InstantType@1ac45389
[DEBUG] 2020-03-02 00:19:56.198 [main] BasicTypeRegistry - Adding type registration java.time.Instant -> org.hibernate.type.InstantType@1ac45389
[DEBUG] 2020-03-02 00:19:56.200 [main] BasicTypeRegistry - Adding type registration LocalDateTime -> org.hibernate.type.LocalDateTimeType@10bd9df0
[DEBUG] 2020-03-02 00:19:56.200 [main] BasicTypeRegistry - Adding type registration java.time.LocalDateTime -> org.hibernate.type.LocalDateTimeType@10bd9df0
[DEBUG] 2020-03-02 00:19:56.204 [main] BasicTypeRegistry - Adding type registration LocalDate -> org.hibernate.type.LocalDateType@3d6a6bee
[DEBUG] 2020-03-02 00:19:56.207 [main] BasicTypeRegistry - Adding type registration java.time.LocalDate -> org.hibernate.type.LocalDateType@3d6a6bee
[DEBUG] 2020-03-02 00:19:56.208 [main] BasicTypeRegistry - Adding type registration LocalTime -> org.hibernate.type.LocalTimeType@4b2e3e8f
[DEBUG] 2020-03-02 00:19:56.208 [main] BasicTypeRegistry - Adding type registration java.time.LocalTime -> org.hibernate.type.LocalTimeType@4b2e3e8f
[DEBUG] 2020-03-02 00:19:56.217 [main] BasicTypeRegistry - Adding type registration OffsetDateTime -> org.hibernate.type.OffsetDateTimeType@11d4dbd6
[DEBUG] 2020-03-02 00:19:56.217 [main] BasicTypeRegistry - Adding type registration java.time.OffsetDateTime -> org.hibernate.type.OffsetDateTimeType@11d4dbd6
[DEBUG] 2020-03-02 00:19:56.220 [main] BasicTypeRegistry - Adding type registration OffsetTime -> org.hibernate.type.OffsetTimeType@3ec2ecea
[DEBUG] 2020-03-02 00:19:56.220 [main] BasicTypeRegistry - Adding type registration java.time.OffsetTime -> org.hibernate.type.OffsetTimeType@3ec2ecea
[DEBUG] 2020-03-02 00:19:56.221 [main] BasicTypeRegistry - Adding type registration ZonedDateTime -> org.hibernate.type.ZonedDateTimeType@338cc75f
[DEBUG] 2020-03-02 00:19:56.222 [main] BasicTypeRegistry - Adding type registration java.time.ZonedDateTime -> org.hibernate.type.ZonedDateTimeType@338cc75f
[DEBUG] 2020-03-02 00:19:56.223 [main] BasicTypeRegistry - Adding type registration date -> org.hibernate.type.DateType@2416498e
[DEBUG] 2020-03-02 00:19:56.223 [main] BasicTypeRegistry - Adding type registration java.sql.Date -> org.hibernate.type.DateType@2416498e
[DEBUG] 2020-03-02 00:19:56.224 [main] BasicTypeRegistry - Adding type registration time -> org.hibernate.type.TimeType@117bcfdc
[DEBUG] 2020-03-02 00:19:56.224 [main] BasicTypeRegistry - Adding type registration java.sql.Time -> org.hibernate.type.TimeType@117bcfdc
[DEBUG] 2020-03-02 00:19:56.225 [main] BasicTypeRegistry - Adding type registration timestamp -> org.hibernate.type.TimestampType@3d49fd31
[DEBUG] 2020-03-02 00:19:56.226 [main] BasicTypeRegistry - Adding type registration java.sql.Timestamp -> org.hibernate.type.TimestampType@3d49fd31
[DEBUG] 2020-03-02 00:19:56.226 [main] BasicTypeRegistry - Adding type registration java.util.Date -> org.hibernate.type.TimestampType@3d49fd31
[DEBUG] 2020-03-02 00:19:56.227 [main] BasicTypeRegistry - Adding type registration dbtimestamp -> org.hibernate.type.DbTimestampType@4da9f723
[DEBUG] 2020-03-02 00:19:56.228 [main] BasicTypeRegistry - Adding type registration calendar -> org.hibernate.type.CalendarType@6ec65b5e
[DEBUG] 2020-03-02 00:19:56.228 [main] BasicTypeRegistry - Adding type registration java.util.Calendar -> org.hibernate.type.CalendarType@6ec65b5e
[DEBUG] 2020-03-02 00:19:56.228 [main] BasicTypeRegistry - Adding type registration java.util.GregorianCalendar -> org.hibernate.type.CalendarType@6ec65b5e
[DEBUG] 2020-03-02 00:19:56.239 [main] BasicTypeRegistry - Adding type registration calendar_date -> org.hibernate.type.CalendarDateType@31edeac
[DEBUG] 2020-03-02 00:19:56.240 [main] BasicTypeRegistry - Adding type registration locale -> org.hibernate.type.LocaleType@6d469831
[DEBUG] 2020-03-02 00:19:56.240 [main] BasicTypeRegistry - Adding type registration java.util.Locale -> org.hibernate.type.LocaleType@6d469831
[DEBUG] 2020-03-02 00:19:56.242 [main] BasicTypeRegistry - Adding type registration currency -> org.hibernate.type.CurrencyType@1460c81d
[DEBUG] 2020-03-02 00:19:56.242 [main] BasicTypeRegistry - Adding type registration java.util.Currency -> org.hibernate.type.CurrencyType@1460c81d
[DEBUG] 2020-03-02 00:19:56.243 [main] BasicTypeRegistry - Adding type registration timezone -> org.hibernate.type.TimeZoneType@45e22def
[DEBUG] 2020-03-02 00:19:56.243 [main] BasicTypeRegistry - Adding type registration java.util.TimeZone -> org.hibernate.type.TimeZoneType@45e22def
[DEBUG] 2020-03-02 00:19:56.244 [main] BasicTypeRegistry - Adding type registration class -> org.hibernate.type.ClassType@7c129ef6
[DEBUG] 2020-03-02 00:19:56.244 [main] BasicTypeRegistry - Adding type registration java.lang.Class -> org.hibernate.type.ClassType@7c129ef6
[DEBUG] 2020-03-02 00:19:56.245 [main] BasicTypeRegistry - Adding type registration uuid-binary -> org.hibernate.type.UUIDBinaryType@7f7af971
[DEBUG] 2020-03-02 00:19:56.245 [main] BasicTypeRegistry - Adding type registration java.util.UUID -> org.hibernate.type.UUIDBinaryType@7f7af971
[DEBUG] 2020-03-02 00:19:56.246 [main] BasicTypeRegistry - Adding type registration uuid-char -> org.hibernate.type.UUIDCharType@554cd74a
[DEBUG] 2020-03-02 00:19:56.247 [main] BasicTypeRegistry - Adding type registration binary -> org.hibernate.type.BinaryType@701bc94e
[DEBUG] 2020-03-02 00:19:56.247 [main] BasicTypeRegistry - Adding type registration byte[] -> org.hibernate.type.BinaryType@701bc94e
[DEBUG] 2020-03-02 00:19:56.247 [main] BasicTypeRegistry - Adding type registration [B -> org.hibernate.type.BinaryType@701bc94e
[DEBUG] 2020-03-02 00:19:56.248 [main] BasicTypeRegistry - Adding type registration wrapper-binary -> org.hibernate.type.WrapperBinaryType@1f44ddab
[DEBUG] 2020-03-02 00:19:56.248 [main] BasicTypeRegistry - Adding type registration Byte[] -> org.hibernate.type.WrapperBinaryType@1f44ddab
[DEBUG] 2020-03-02 00:19:56.248 [main] BasicTypeRegistry - Adding type registration [Ljava.lang.Byte; -> org.hibernate.type.WrapperBinaryType@1f44ddab
[DEBUG] 2020-03-02 00:19:56.249 [main] BasicTypeRegistry - Adding type registration row_version -> org.hibernate.type.RowVersionType@5b275174
[DEBUG] 2020-03-02 00:19:56.250 [main] BasicTypeRegistry - Adding type registration image -> org.hibernate.type.ImageType@61dde151
[DEBUG] 2020-03-02 00:19:56.251 [main] BasicTypeRegistry - Adding type registration characters -> org.hibernate.type.CharArrayType@6ffa56fa
[DEBUG] 2020-03-02 00:19:56.251 [main] BasicTypeRegistry - Adding type registration char[] -> org.hibernate.type.CharArrayType@6ffa56fa
[DEBUG] 2020-03-02 00:19:56.251 [main] BasicTypeRegistry - Adding type registration [C -> org.hibernate.type.CharArrayType@6ffa56fa
[DEBUG] 2020-03-02 00:19:56.252 [main] BasicTypeRegistry - Adding type registration wrapper-characters -> org.hibernate.type.CharacterArrayType@6f6621e3
[DEBUG] 2020-03-02 00:19:56.252 [main] BasicTypeRegistry - Adding type registration [Ljava.lang.Character; -> org.hibernate.type.CharacterArrayType@6f6621e3
[DEBUG] 2020-03-02 00:19:56.253 [main] BasicTypeRegistry - Adding type registration Character[] -> org.hibernate.type.CharacterArrayType@6f6621e3
[DEBUG] 2020-03-02 00:19:56.253 [main] BasicTypeRegistry - Adding type registration text -> org.hibernate.type.TextType@3cf7298d
[DEBUG] 2020-03-02 00:19:56.253 [main] BasicTypeRegistry - Adding type registration ntext -> org.hibernate.type.NTextType@51a8313b
[DEBUG] 2020-03-02 00:19:56.262 [main] BasicTypeRegistry - Adding type registration blob -> org.hibernate.type.BlobType@3bd3d05e
[DEBUG] 2020-03-02 00:19:56.262 [main] BasicTypeRegistry - Adding type registration java.sql.Blob -> org.hibernate.type.BlobType@3bd3d05e
[DEBUG] 2020-03-02 00:19:56.262 [main] BasicTypeRegistry - Adding type registration materialized_blob -> org.hibernate.type.MaterializedBlobType@7df76d99
[DEBUG] 2020-03-02 00:19:56.264 [main] BasicTypeRegistry - Adding type registration clob -> org.hibernate.type.ClobType@4d0753c9
[DEBUG] 2020-03-02 00:19:56.264 [main] BasicTypeRegistry - Adding type registration java.sql.Clob -> org.hibernate.type.ClobType@4d0753c9
[DEBUG] 2020-03-02 00:19:56.265 [main] BasicTypeRegistry - Adding type registration nclob -> org.hibernate.type.NClobType@572e6fd9
[DEBUG] 2020-03-02 00:19:56.266 [main] BasicTypeRegistry - Adding type registration java.sql.NClob -> org.hibernate.type.NClobType@572e6fd9
[DEBUG] 2020-03-02 00:19:56.266 [main] BasicTypeRegistry - Adding type registration materialized_clob -> org.hibernate.type.MaterializedClobType@12abdfb
[DEBUG] 2020-03-02 00:19:56.267 [main] BasicTypeRegistry - Adding type registration materialized_nclob -> org.hibernate.type.MaterializedNClobType@68577ba8
[DEBUG] 2020-03-02 00:19:56.268 [main] BasicTypeRegistry - Adding type registration serializable -> org.hibernate.type.SerializableType@3fbcfe81
[DEBUG] 2020-03-02 00:19:56.271 [main] BasicTypeRegistry - Adding type registration object -> org.hibernate.type.ObjectType@71d8cfe7
[DEBUG] 2020-03-02 00:19:56.272 [main] BasicTypeRegistry - Adding type registration java.lang.Object -> org.hibernate.type.ObjectType@71d8cfe7
[DEBUG] 2020-03-02 00:19:56.272 [main] BasicTypeRegistry - Adding type registration imm_date -> org.hibernate.type.AdaptedImmutableType@46d63dbb
[DEBUG] 2020-03-02 00:19:56.272 [main] BasicTypeRegistry - Adding type registration imm_time -> org.hibernate.type.AdaptedImmutableType@4088741b
[DEBUG] 2020-03-02 00:19:56.272 [main] BasicTypeRegistry - Adding type registration imm_timestamp -> org.hibernate.type.AdaptedImmutableType@16a49a5d
[DEBUG] 2020-03-02 00:19:56.272 [main] BasicTypeRegistry - Adding type registration imm_dbtimestamp -> org.hibernate.type.AdaptedImmutableType@54bca971
[DEBUG] 2020-03-02 00:19:56.272 [main] BasicTypeRegistry - Adding type registration imm_calendar -> org.hibernate.type.AdaptedImmutableType@23706db8
[DEBUG] 2020-03-02 00:19:56.273 [main] BasicTypeRegistry - Adding type registration imm_calendar_date -> org.hibernate.type.AdaptedImmutableType@205bed61
[DEBUG] 2020-03-02 00:19:56.273 [main] BasicTypeRegistry - Adding type registration imm_binary -> org.hibernate.type.AdaptedImmutableType@129fed45
[DEBUG] 2020-03-02 00:19:56.273 [main] BasicTypeRegistry - Adding type registration imm_serializable -> org.hibernate.type.AdaptedImmutableType@23592946
[DEBUG] 2020-03-02 00:19:56.329 [main] DefaultIdentifierGeneratorFactory - Registering IdentifierGenerator strategy [uuid2] -> [org.hibernate.id.UUIDGenerator]
[DEBUG] 2020-03-02 00:19:56.330 [main] DefaultIdentifierGeneratorFactory - Registering IdentifierGenerator strategy [guid] -> [org.hibernate.id.GUIDGenerator]
[DEBUG] 2020-03-02 00:19:56.331 [main] DefaultIdentifierGeneratorFactory - Registering IdentifierGenerator strategy [uuid] -> [org.hibernate.id.UUIDHexGenerator]
[DEBUG] 2020-03-02 00:19:56.338 [main] DefaultIdentifierGeneratorFactory - Registering IdentifierGenerator strategy [uuid.hex] -> [org.hibernate.id.UUIDHexGenerator]
[DEBUG] 2020-03-02 00:19:56.339 [main] DefaultIdentifierGeneratorFactory - Registering IdentifierGenerator strategy [assigned] -> [org.hibernate.id.Assigned]
[DEBUG] 2020-03-02 00:19:56.341 [main] DefaultIdentifierGeneratorFactory - Registering IdentifierGenerator strategy [identity] -> [org.hibernate.id.IdentityGenerator]
[DEBUG] 2020-03-02 00:19:56.342 [main] DefaultIdentifierGeneratorFactory - Registering IdentifierGenerator strategy [select] -> [org.hibernate.id.SelectGenerator]
[DEBUG] 2020-03-02 00:19:56.343 [main] DefaultIdentifierGeneratorFactory - Registering IdentifierGenerator strategy [sequence] -> [org.hibernate.id.enhanced.SequenceStyleGenerator]
[DEBUG] 2020-03-02 00:19:56.344 [main] DefaultIdentifierGeneratorFactory - Registering IdentifierGenerator strategy [seqhilo] -> [org.hibernate.id.SequenceHiLoGenerator]
[DEBUG] 2020-03-02 00:19:56.345 [main] DefaultIdentifierGeneratorFactory - Registering IdentifierGenerator strategy [increment] -> [org.hibernate.id.IncrementGenerator]
[DEBUG] 2020-03-02 00:19:56.345 [main] DefaultIdentifierGeneratorFactory - Registering IdentifierGenerator strategy [foreign] -> [org.hibernate.id.ForeignGenerator]
[DEBUG] 2020-03-02 00:19:56.346 [main] DefaultIdentifierGeneratorFactory - Registering IdentifierGenerator strategy [sequence-identity] -> [org.hibernate.id.SequenceIdentityGenerator]
[DEBUG] 2020-03-02 00:19:56.346 [main] DefaultIdentifierGeneratorFactory - Registering IdentifierGenerator strategy [enhanced-sequence] -> [org.hibernate.id.enhanced.SequenceStyleGenerator]
[DEBUG] 2020-03-02 00:19:56.347 [main] DefaultIdentifierGeneratorFactory - Registering IdentifierGenerator strategy [enhanced-table] -> [org.hibernate.id.enhanced.TableGenerator]
[INFO ] 2020-03-02 00:19:56.353 [main] C3P0ConnectionProvider - HHH010002: C3P0 using driver: com.mysql.cj.jdbc.Driver at URL: jdbc:mysql://localhost:3306/test_practiceHacker
[INFO ] 2020-03-02 00:19:56.353 [main] C3P0ConnectionProvider - HHH10001001: Connection properties: {password=****, user=root}
[INFO ] 2020-03-02 00:19:56.353 [main] C3P0ConnectionProvider - HHH10001003: Autocommit mode: false
[INFO ] 2020-03-02 00:19:56.686 [main] C3P0ConnectionProvider - HHH10001007: JDBC isolation level: <unknown>
[DEBUG] 2020-03-02 00:19:56.958 [main] JdbcEnvironmentInitiator - Database ->
       name : MySQL
    version : 8.0.19
      major : 8
      minor : 0
[DEBUG] 2020-03-02 00:19:56.963 [main] JdbcEnvironmentInitiator - Driver ->
       name : MySQL Connector/J
    version : mysql-connector-java-8.0.19 (Revision: a0ca826f5cdf51a98356fdfb1bf251eb042f80bf)
      major : 8
      minor : 0
[DEBUG] 2020-03-02 00:19:56.964 [main] JdbcEnvironmentInitiator - JDBC version : 4.2
[INFO ] 2020-03-02 00:19:57.079 [main] Dialect - HHH000400: Using dialect: org.hibernate.dialect.MySQL8Dialect
[DEBUG] 2020-03-02 00:19:57.126 [main] IdentifierHelperBuilder - JDBC driver metadata reported database stores quoted identifiers in more than one case
[DEBUG] 2020-03-02 00:19:57.183 [main] IdentifierHelperBuilder - IdentifierCaseStrategy for both quoted and unquoted identifiers was set to the same strategy [MIXED]; that will likely lead to problems in schema update and validation if using quoted identifiers
[DEBUG] 2020-03-02 00:19:57.289 [main] Namespace - Created database namespace [logicalName=Name{catalog=null, schema=null}, physicalName=Name{catalog=null, schema=null}]
[DEBUG] 2020-03-02 00:19:57.293 [main] TypeConfiguration$Scope - Scoping TypeConfiguration [org.hibernate.type.spi.TypeConfiguration@61bfc9bf] to MetadataBuildingContext [org.hibernate.boot.internal.MetadataBuildingContextRootImpl@2c7106d9]
[DEBUG] 2020-03-02 00:19:57.395 [main] AnnotationBinder - Binding entity from annotated class: stalterclouse.elspeth.entity.User
[DEBUG] 2020-03-02 00:19:57.425 [main] Ejb3Column - Binding column: Ejb3DiscriminatorColumn{logicalColumnName'DTYPE', discriminatorTypeName='string'}
[DEBUG] 2020-03-02 00:19:57.430 [main] EntityBinder - Import with entity name User
[DEBUG] 2020-03-02 00:19:57.433 [main] EntityBinder - Bind entity stalterclouse.elspeth.entity.User on table users
[DEBUG] 2020-03-02 00:19:57.497 [main] Ejb3Column - Binding column: Ejb3Column{table=org.hibernate.mapping.Table(users), mappingColumn=id, insertable=true, updatable=true, unique=false}
[DEBUG] 2020-03-02 00:19:57.501 [main] PropertyBinder - MetadataSourceProcessor property id with lazy=false
[DEBUG] 2020-03-02 00:19:57.503 [main] AbstractPropertyHolder - Attempting to locate auto-apply AttributeConverter for property [stalterclouse.elspeth.entity.User:id]
[DEBUG] 2020-03-02 00:19:57.518 [main] SimpleValueBinder - building SimpleValue for id
[DEBUG] 2020-03-02 00:19:57.520 [main] PropertyBinder - Building property id
[DEBUG] 2020-03-02 00:19:57.523 [main] BinderHelper - #makeIdGenerator(org.hibernate.mapping.SimpleValue([org.hibernate.mapping.Column(id)]), id, org.hibernate.id.enhanced.SequenceStyleGenerator, native, ...)
[DEBUG] 2020-03-02 00:19:57.524 [main] Ejb3Column - Binding column: Ejb3Column{table=org.hibernate.mapping.Table(users), mappingColumn=birth_date, insertable=true, updatable=true, unique=false}
[DEBUG] 2020-03-02 00:19:57.524 [main] PropertyBinder - MetadataSourceProcessor property birthDate with lazy=false
[DEBUG] 2020-03-02 00:19:57.527 [main] AbstractPropertyHolder - Attempting to locate auto-apply AttributeConverter for property [stalterclouse.elspeth.entity.User:birthDate]
[DEBUG] 2020-03-02 00:19:57.527 [main] SimpleValueBinder - building SimpleValue for birthDate
[DEBUG] 2020-03-02 00:19:57.527 [main] PropertyBinder - Building property birthDate
[DEBUG] 2020-03-02 00:19:57.527 [main] Ejb3Column - Binding column: Ejb3Column{table=org.hibernate.mapping.Table(users), mappingColumn=email, insertable=true, updatable=true, unique=false}
[DEBUG] 2020-03-02 00:19:57.529 [main] PropertyBinder - MetadataSourceProcessor property email with lazy=false
[DEBUG] 2020-03-02 00:19:57.529 [main] AbstractPropertyHolder - Attempting to locate auto-apply AttributeConverter for property [stalterclouse.elspeth.entity.User:email]
[DEBUG] 2020-03-02 00:19:57.529 [main] SimpleValueBinder - building SimpleValue for email
[DEBUG] 2020-03-02 00:19:57.529 [main] PropertyBinder - Building property email
[DEBUG] 2020-03-02 00:19:57.529 [main] Ejb3Column - Binding column: Ejb3Column{table=org.hibernate.mapping.Table(users), mappingColumn=first_name, insertable=true, updatable=true, unique=false}
[DEBUG] 2020-03-02 00:19:57.530 [main] PropertyBinder - MetadataSourceProcessor property firstName with lazy=false
[DEBUG] 2020-03-02 00:19:57.530 [main] AbstractPropertyHolder - Attempting to locate auto-apply AttributeConverter for property [stalterclouse.elspeth.entity.User:firstName]
[DEBUG] 2020-03-02 00:19:57.530 [main] SimpleValueBinder - building SimpleValue for firstName
[DEBUG] 2020-03-02 00:19:57.530 [main] PropertyBinder - Building property firstName
[DEBUG] 2020-03-02 00:19:57.530 [main] Ejb3Column - Binding column: Ejb3Column{table=org.hibernate.mapping.Table(users), mappingColumn=instrument, insertable=true, updatable=true, unique=false}
[DEBUG] 2020-03-02 00:19:57.530 [main] PropertyBinder - MetadataSourceProcessor property instrument with lazy=false
[DEBUG] 2020-03-02 00:19:57.530 [main] AbstractPropertyHolder - Attempting to locate auto-apply AttributeConverter for property [stalterclouse.elspeth.entity.User:instrument]
[DEBUG] 2020-03-02 00:19:57.530 [main] SimpleValueBinder - building SimpleValue for instrument
[DEBUG] 2020-03-02 00:19:57.530 [main] PropertyBinder - Building property instrument
[DEBUG] 2020-03-02 00:19:57.530 [main] Ejb3Column - Binding column: Ejb3Column{table=org.hibernate.mapping.Table(users), mappingColumn=last_name, insertable=true, updatable=true, unique=false}
[DEBUG] 2020-03-02 00:19:57.531 [main] PropertyBinder - MetadataSourceProcessor property lastName with lazy=false
[DEBUG] 2020-03-02 00:19:57.531 [main] AbstractPropertyHolder - Attempting to locate auto-apply AttributeConverter for property [stalterclouse.elspeth.entity.User:lastName]
[DEBUG] 2020-03-02 00:19:57.531 [main] SimpleValueBinder - building SimpleValue for lastName
[DEBUG] 2020-03-02 00:19:57.531 [main] PropertyBinder - Building property lastName
[DEBUG] 2020-03-02 00:19:57.531 [main] Ejb3Column - Binding column: Ejb3Column{table=org.hibernate.mapping.Table(users), mappingColumn=password, insertable=true, updatable=true, unique=false}
[DEBUG] 2020-03-02 00:19:57.531 [main] PropertyBinder - MetadataSourceProcessor property password with lazy=false
[DEBUG] 2020-03-02 00:19:57.534 [main] AbstractPropertyHolder - Attempting to locate auto-apply AttributeConverter for property [stalterclouse.elspeth.entity.User:password]
[DEBUG] 2020-03-02 00:19:57.534 [main] SimpleValueBinder - building SimpleValue for password
[DEBUG] 2020-03-02 00:19:57.534 [main] PropertyBinder - Building property password
[DEBUG] 2020-03-02 00:19:57.534 [main] Ejb3Column - Binding column: Ejb3Column{table=org.hibernate.mapping.Table(users), mappingColumn=practice_counter, insertable=true, updatable=true, unique=false}
[DEBUG] 2020-03-02 00:19:57.534 [main] PropertyBinder - MetadataSourceProcessor property practiceCounter with lazy=false
[DEBUG] 2020-03-02 00:19:57.534 [main] AbstractPropertyHolder - Attempting to locate auto-apply AttributeConverter for property [stalterclouse.elspeth.entity.User:practiceCounter]
[DEBUG] 2020-03-02 00:19:57.535 [main] SimpleValueBinder - building SimpleValue for practiceCounter
[DEBUG] 2020-03-02 00:19:57.535 [main] PropertyBinder - Building property practiceCounter
[DEBUG] 2020-03-02 00:19:57.538 [main] Ejb3Column - Binding column: Ejb3JoinColumn{logicalColumnName='null', referencedColumn='null', mappedBy='user'}
[DEBUG] 2020-03-02 00:19:57.538 [main] Ejb3Column - Binding column: Ejb3Column{table=org.hibernate.mapping.Table(users), mappingColumn=practiceHacks, insertable=true, updatable=true, unique=false}
[DEBUG] 2020-03-02 00:19:57.541 [main] Ejb3Column - Binding column: Ejb3Column{table=org.hibernate.mapping.Table(users), mappingColumn=null, insertable=true, updatable=true, unique=false}
[DEBUG] 2020-03-02 00:19:57.548 [main] Ejb3Column - Binding column: Ejb3Column{table=org.hibernate.mapping.Table(users), mappingColumn=element, insertable=true, updatable=true, unique=false}
[DEBUG] 2020-03-02 00:19:57.549 [main] Ejb3Column - Binding column: Ejb3Column{table=org.hibernate.mapping.Table(users), mappingColumn=practiceHacks_KEY, insertable=true, updatable=true, unique=false}
[DEBUG] 2020-03-02 00:19:57.549 [main] Ejb3Column - Binding column: Ejb3JoinColumn{logicalColumnName='practiceHacks_KEY', referencedColumn='null', mappedBy='null'}
[DEBUG] 2020-03-02 00:19:57.551 [main] Ejb3Column - Binding column: Ejb3JoinColumn{logicalColumnName='null', referencedColumn='null', mappedBy='user'}
[DEBUG] 2020-03-02 00:19:57.551 [main] Ejb3Column - Binding column: Ejb3JoinColumn{logicalColumnName='null', referencedColumn='null', mappedBy='user'}
[DEBUG] 2020-03-02 00:19:57.552 [main] CollectionBinder - Collection role: stalterclouse.elspeth.entity.User.practiceHacks
[DEBUG] 2020-03-02 00:19:57.558 [main] PropertyBinder - Building property practiceHacks
[DEBUG] 2020-03-02 00:19:57.558 [main] Ejb3Column - Binding column: Ejb3JoinColumn{logicalColumnName='null', referencedColumn='null', mappedBy='user'}
[DEBUG] 2020-03-02 00:19:57.558 [main] Ejb3Column - Binding column: Ejb3Column{table=org.hibernate.mapping.Table(users), mappingColumn=practiceLogs, insertable=true, updatable=true, unique=false}
[DEBUG] 2020-03-02 00:19:57.563 [main] Ejb3Column - Binding column: Ejb3Column{table=org.hibernate.mapping.Table(users), mappingColumn=null, insertable=true, updatable=true, unique=false}
[DEBUG] 2020-03-02 00:19:57.563 [main] Ejb3Column - Binding column: Ejb3Column{table=org.hibernate.mapping.Table(users), mappingColumn=element, insertable=true, updatable=true, unique=false}
[DEBUG] 2020-03-02 00:19:57.565 [main] Ejb3Column - Binding column: Ejb3Column{table=org.hibernate.mapping.Table(users), mappingColumn=practiceLogs_KEY, insertable=true, updatable=true, unique=false}
[DEBUG] 2020-03-02 00:19:57.565 [main] Ejb3Column - Binding column: Ejb3JoinColumn{logicalColumnName='practiceLogs_KEY', referencedColumn='null', mappedBy='null'}
[DEBUG] 2020-03-02 00:19:57.566 [main] Ejb3Column - Binding column: Ejb3JoinColumn{logicalColumnName='null', referencedColumn='null', mappedBy='user'}
[DEBUG] 2020-03-02 00:19:57.566 [main] Ejb3Column - Binding column: Ejb3JoinColumn{logicalColumnName='null', referencedColumn='null', mappedBy='user'}
[DEBUG] 2020-03-02 00:19:57.566 [main] CollectionBinder - Collection role: stalterclouse.elspeth.entity.User.practiceLogs
[DEBUG] 2020-03-02 00:19:57.566 [main] PropertyBinder - Building property practiceLogs
[DEBUG] 2020-03-02 00:19:57.566 [main] Ejb3Column - Binding column: Ejb3JoinColumn{logicalColumnName='null', referencedColumn='null', mappedBy='user_roles'}
[DEBUG] 2020-03-02 00:19:57.566 [main] Ejb3Column - Binding column: Ejb3Column{table=org.hibernate.mapping.Table(users), mappingColumn=role, insertable=true, updatable=true, unique=false}
[DEBUG] 2020-03-02 00:19:57.568 [main] Ejb3Column - Binding column: Ejb3Column{table=org.hibernate.mapping.Table(users), mappingColumn=skill_level, insertable=true, updatable=true, unique=false}
[DEBUG] 2020-03-02 00:19:57.569 [main] PropertyBinder - MetadataSourceProcessor property skillLevel with lazy=false
[DEBUG] 2020-03-02 00:19:57.569 [main] AbstractPropertyHolder - Attempting to locate auto-apply AttributeConverter for property [stalterclouse.elspeth.entity.User:skillLevel]
[DEBUG] 2020-03-02 00:19:57.574 [main] SimpleValueBinder - building SimpleValue for skillLevel
[DEBUG] 2020-03-02 00:19:57.574 [main] PropertyBinder - Building property skillLevel
[DEBUG] 2020-03-02 00:19:57.574 [main] Ejb3Column - Binding column: Ejb3JoinColumn{logicalColumnName='null', referencedColumn='null', mappedBy='teacher'}
[DEBUG] 2020-03-02 00:19:57.574 [main] Ejb3Column - Binding column: Ejb3Column{table=org.hibernate.mapping.Table(users), mappingColumn=studios, insertable=true, updatable=true, unique=false}
[DEBUG] 2020-03-02 00:19:57.574 [main] Ejb3Column - Binding column: Ejb3Column{table=org.hibernate.mapping.Table(users), mappingColumn=null, insertable=true, updatable=true, unique=false}
[DEBUG] 2020-03-02 00:19:57.575 [main] Ejb3Column - Binding column: Ejb3Column{table=org.hibernate.mapping.Table(users), mappingColumn=element, insertable=true, updatable=true, unique=false}
[DEBUG] 2020-03-02 00:19:57.576 [main] Ejb3Column - Binding column: Ejb3Column{table=org.hibernate.mapping.Table(users), mappingColumn=studios_KEY, insertable=true, updatable=true, unique=false}
[DEBUG] 2020-03-02 00:19:57.576 [main] Ejb3Column - Binding column: Ejb3JoinColumn{logicalColumnName='studios_KEY', referencedColumn='null', mappedBy='null'}
[DEBUG] 2020-03-02 00:19:57.577 [main] Ejb3Column - Binding column: Ejb3JoinColumn{logicalColumnName='null', referencedColumn='null', mappedBy='teacher'}
[DEBUG] 2020-03-02 00:19:57.577 [main] Ejb3Column - Binding column: Ejb3JoinColumn{logicalColumnName='null', referencedColumn='null', mappedBy='teacher'}
[DEBUG] 2020-03-02 00:19:57.577 [main] CollectionBinder - Collection role: stalterclouse.elspeth.entity.User.studios
[DEBUG] 2020-03-02 00:19:57.577 [main] PropertyBinder - Building property studios
[DEBUG] 2020-03-02 00:19:57.577 [main] Ejb3Column - Binding column: Ejb3Column{table=org.hibernate.mapping.Table(users), mappingColumn=null, insertable=true, updatable=true, unique=false}
[DEBUG] 2020-03-02 00:19:57.579 [main] Ejb3Column - Binding column: Ejb3Column{table=org.hibernate.mapping.Table(users), mappingColumn=element, insertable=true, updatable=true, unique=false}
[DEBUG] 2020-03-02 00:19:57.580 [main] Ejb3Column - Binding column: Ejb3Column{table=org.hibernate.mapping.Table(users), mappingColumn=studiosOfStudent_KEY, insertable=true, updatable=true, unique=false}
[DEBUG] 2020-03-02 00:19:57.580 [main] Ejb3Column - Binding column: Ejb3JoinColumn{logicalColumnName='studiosOfStudent_KEY', referencedColumn='null', mappedBy='null'}
[DEBUG] 2020-03-02 00:19:57.580 [main] Ejb3Column - Binding column: Ejb3JoinColumn{logicalColumnName='null', referencedColumn='null', mappedBy='studentsInStudio'}
[DEBUG] 2020-03-02 00:19:57.580 [main] Ejb3Column - Binding column: Ejb3JoinColumn{logicalColumnName='null', referencedColumn='null', mappedBy='studentsInStudio'}
[DEBUG] 2020-03-02 00:19:57.580 [main] CollectionBinder - Collection role: stalterclouse.elspeth.entity.User.studiosOfStudent
[DEBUG] 2020-03-02 00:19:57.581 [main] PropertyBinder - Building property studiosOfStudent
[DEBUG] 2020-03-02 00:19:57.582 [main] Ejb3Column - Binding column: Ejb3Column{table=org.hibernate.mapping.Table(users), mappingColumn=username, insertable=true, updatable=true, unique=false}
[DEBUG] 2020-03-02 00:19:57.582 [main] PropertyBinder - MetadataSourceProcessor property username with lazy=false
[DEBUG] 2020-03-02 00:19:57.582 [main] AbstractPropertyHolder - Attempting to locate auto-apply AttributeConverter for property [stalterclouse.elspeth.entity.User:username]
[DEBUG] 2020-03-02 00:19:57.582 [main] SimpleValueBinder - building SimpleValue for username
[DEBUG] 2020-03-02 00:19:57.583 [main] PropertyBinder - Building property username
[DEBUG] 2020-03-02 00:19:57.585 [main] AnnotationBinder - Binding entity from annotated class: stalterclouse.elspeth.entity.Role
[DEBUG] 2020-03-02 00:19:57.586 [main] Ejb3Column - Binding column: Ejb3DiscriminatorColumn{logicalColumnName'DTYPE', discriminatorTypeName='string'}
[DEBUG] 2020-03-02 00:19:57.586 [main] EntityBinder - Import with entity name Roles
[DEBUG] 2020-03-02 00:19:57.586 [main] EntityBinder - Bind entity stalterclouse.elspeth.entity.Role on table user_roles
[DEBUG] 2020-03-02 00:19:57.592 [main] Ejb3Column - Binding column: Ejb3Column{table=org.hibernate.mapping.Table(user_roles), mappingColumn=id, insertable=true, updatable=true, unique=false}
[DEBUG] 2020-03-02 00:19:57.594 [main] PropertyBinder - MetadataSourceProcessor property id with lazy=false
[DEBUG] 2020-03-02 00:19:57.595 [main] AbstractPropertyHolder - Attempting to locate auto-apply AttributeConverter for property [stalterclouse.elspeth.entity.Role:id]
[DEBUG] 2020-03-02 00:19:57.595 [main] SimpleValueBinder - building SimpleValue for id
[DEBUG] 2020-03-02 00:19:57.595 [main] PropertyBinder - Building property id
[DEBUG] 2020-03-02 00:19:57.595 [main] BinderHelper - #makeIdGenerator(org.hibernate.mapping.SimpleValue([org.hibernate.mapping.Column(id)]), id, org.hibernate.id.enhanced.SequenceStyleGenerator, native, ...)
[DEBUG] 2020-03-02 00:19:57.595 [main] Ejb3Column - Binding column: Ejb3Column{table=org.hibernate.mapping.Table(user_roles), mappingColumn=role_name, insertable=true, updatable=true, unique=false}
[DEBUG] 2020-03-02 00:19:57.597 [main] PropertyBinder - MetadataSourceProcessor property role with lazy=false
[DEBUG] 2020-03-02 00:19:57.597 [main] AbstractPropertyHolder - Attempting to locate auto-apply AttributeConverter for property [stalterclouse.elspeth.entity.Role:role]
[DEBUG] 2020-03-02 00:19:57.597 [main] SimpleValueBinder - building SimpleValue for role
[DEBUG] 2020-03-02 00:19:57.597 [main] PropertyBinder - Building property role
[DEBUG] 2020-03-02 00:19:57.597 [main] Ejb3Column - Binding column: Ejb3JoinColumn{logicalColumnName='user_id', referencedColumn='id', mappedBy=''}
[DEBUG] 2020-03-02 00:19:57.597 [main] Ejb3Column - Binding column: Ejb3Column{table=org.hibernate.mapping.Table(user_roles), mappingColumn=user, insertable=true, updatable=true, unique=false}
[DEBUG] 2020-03-02 00:19:57.599 [main] PropertyBinder - Building property user
[DEBUG] 2020-03-02 00:19:57.599 [main] Ejb3Column - Binding column: Ejb3Column{table=org.hibernate.mapping.Table(user_roles), mappingColumn=username, insertable=true, updatable=true, unique=false}
[DEBUG] 2020-03-02 00:19:57.599 [main] PropertyBinder - MetadataSourceProcessor property username with lazy=false
[DEBUG] 2020-03-02 00:19:57.600 [main] AbstractPropertyHolder - Attempting to locate auto-apply AttributeConverter for property [stalterclouse.elspeth.entity.Role:username]
[DEBUG] 2020-03-02 00:19:57.600 [main] SimpleValueBinder - building SimpleValue for username
[DEBUG] 2020-03-02 00:19:57.600 [main] PropertyBinder - Building property username
[DEBUG] 2020-03-02 00:19:57.600 [main] AnnotationBinder - Binding entity from annotated class: stalterclouse.elspeth.entity.PracticeLog
[DEBUG] 2020-03-02 00:19:57.601 [main] Ejb3Column - Binding column: Ejb3DiscriminatorColumn{logicalColumnName'DTYPE', discriminatorTypeName='string'}
[DEBUG] 2020-03-02 00:19:57.601 [main] EntityBinder - Import with entity name PracticeLog
[DEBUG] 2020-03-02 00:19:57.601 [main] EntityBinder - Bind entity stalterclouse.elspeth.entity.PracticeLog on table practice_logs
[DEBUG] 2020-03-02 00:19:57.608 [main] Ejb3Column - Binding column: Ejb3Column{table=org.hibernate.mapping.Table(practice_logs), mappingColumn=id, insertable=true, updatable=true, unique=false}
[DEBUG] 2020-03-02 00:19:57.609 [main] PropertyBinder - MetadataSourceProcessor property id with lazy=false
[DEBUG] 2020-03-02 00:19:57.609 [main] AbstractPropertyHolder - Attempting to locate auto-apply AttributeConverter for property [stalterclouse.elspeth.entity.PracticeLog:id]
[DEBUG] 2020-03-02 00:19:57.609 [main] SimpleValueBinder - building SimpleValue for id
[DEBUG] 2020-03-02 00:19:57.609 [main] PropertyBinder - Building property id
[DEBUG] 2020-03-02 00:19:57.609 [main] BinderHelper - #makeIdGenerator(org.hibernate.mapping.SimpleValue([org.hibernate.mapping.Column(id)]), id, org.hibernate.id.enhanced.SequenceStyleGenerator, native, ...)
[DEBUG] 2020-03-02 00:19:57.609 [main] Ejb3Column - Binding column: Ejb3Column{table=org.hibernate.mapping.Table(practice_logs), mappingColumn=activities, insertable=true, updatable=true, unique=false}
[DEBUG] 2020-03-02 00:19:57.609 [main] PropertyBinder - MetadataSourceProcessor property activities with lazy=false
[DEBUG] 2020-03-02 00:19:57.609 [main] AbstractPropertyHolder - Attempting to locate auto-apply AttributeConverter for property [stalterclouse.elspeth.entity.PracticeLog:activities]
[DEBUG] 2020-03-02 00:19:57.609 [main] SimpleValueBinder - building SimpleValue for activities
[DEBUG] 2020-03-02 00:19:57.609 [main] PropertyBinder - Building property activities
[DEBUG] 2020-03-02 00:19:57.610 [main] Ejb3Column - Binding column: Ejb3Column{table=org.hibernate.mapping.Table(practice_logs), mappingColumn=end_time, insertable=true, updatable=true, unique=false}
[DEBUG] 2020-03-02 00:19:57.610 [main] PropertyBinder - MetadataSourceProcessor property endTime with lazy=false
[DEBUG] 2020-03-02 00:19:57.610 [main] AbstractPropertyHolder - Attempting to locate auto-apply AttributeConverter for property [stalterclouse.elspeth.entity.PracticeLog:endTime]
[DEBUG] 2020-03-02 00:19:57.610 [main] SimpleValueBinder - building SimpleValue for endTime
[DEBUG] 2020-03-02 00:19:57.610 [main] PropertyBinder - Building property endTime
[DEBUG] 2020-03-02 00:19:57.610 [main] Ejb3Column - Binding column: Ejb3Column{table=org.hibernate.mapping.Table(practice_logs), mappingColumn=notes, insertable=true, updatable=true, unique=false}
[DEBUG] 2020-03-02 00:19:57.610 [main] PropertyBinder - MetadataSourceProcessor property notes with lazy=false
[DEBUG] 2020-03-02 00:19:57.610 [main] AbstractPropertyHolder - Attempting to locate auto-apply AttributeConverter for property [stalterclouse.elspeth.entity.PracticeLog:notes]
[DEBUG] 2020-03-02 00:19:57.610 [main] SimpleValueBinder - building SimpleValue for notes
[DEBUG] 2020-03-02 00:19:57.610 [main] PropertyBinder - Building property notes
[DEBUG] 2020-03-02 00:19:57.610 [main] Ejb3Column - Binding column: Ejb3Column{table=org.hibernate.mapping.Table(practice_logs), mappingColumn=practice_date, insertable=true, updatable=true, unique=false}
[DEBUG] 2020-03-02 00:19:57.610 [main] PropertyBinder - MetadataSourceProcessor property practiceDate with lazy=false
[DEBUG] 2020-03-02 00:19:57.610 [main] AbstractPropertyHolder - Attempting to locate auto-apply AttributeConverter for property [stalterclouse.elspeth.entity.PracticeLog:practiceDate]
[DEBUG] 2020-03-02 00:19:57.610 [main] SimpleValueBinder - building SimpleValue for practiceDate
[DEBUG] 2020-03-02 00:19:57.610 [main] PropertyBinder - Building property practiceDate
[DEBUG] 2020-03-02 00:19:57.611 [main] Ejb3Column - Binding column: Ejb3Column{table=org.hibernate.mapping.Table(practice_logs), mappingColumn=start_time, insertable=true, updatable=true, unique=false}
[DEBUG] 2020-03-02 00:19:57.611 [main] PropertyBinder - MetadataSourceProcessor property startTime with lazy=false
[DEBUG] 2020-03-02 00:19:57.611 [main] AbstractPropertyHolder - Attempting to locate auto-apply AttributeConverter for property [stalterclouse.elspeth.entity.PracticeLog:startTime]
[DEBUG] 2020-03-02 00:19:57.611 [main] SimpleValueBinder - building SimpleValue for startTime
[DEBUG] 2020-03-02 00:19:57.611 [main] PropertyBinder - Building property startTime
[DEBUG] 2020-03-02 00:19:57.611 [main] Ejb3Column - Binding column: Ejb3Column{table=org.hibernate.mapping.Table(practice_logs), mappingColumn=teacher_comments, insertable=true, updatable=true, unique=false}
[DEBUG] 2020-03-02 00:19:57.611 [main] PropertyBinder - MetadataSourceProcessor property teacherComments with lazy=false
[DEBUG] 2020-03-02 00:19:57.611 [main] AbstractPropertyHolder - Attempting to locate auto-apply AttributeConverter for property [stalterclouse.elspeth.entity.PracticeLog:teacherComments]
[DEBUG] 2020-03-02 00:19:57.611 [main] SimpleValueBinder - building SimpleValue for teacherComments
[DEBUG] 2020-03-02 00:19:57.611 [main] PropertyBinder - Building property teacherComments
[DEBUG] 2020-03-02 00:19:57.612 [main] Ejb3Column - Binding column: Ejb3JoinColumn{logicalColumnName='null', referencedColumn='null', mappedBy='null'}
[DEBUG] 2020-03-02 00:19:57.612 [main] Ejb3Column - Binding column: Ejb3Column{table=org.hibernate.mapping.Table(practice_logs), mappingColumn=user, insertable=true, updatable=true, unique=false}
[DEBUG] 2020-03-02 00:19:57.612 [main] PropertyBinder - Building property user
[DEBUG] 2020-03-02 00:19:57.612 [main] AnnotationBinder - Binding entity from annotated class: stalterclouse.elspeth.entity.PracticeHack
[DEBUG] 2020-03-02 00:19:57.612 [main] Ejb3Column - Binding column: Ejb3DiscriminatorColumn{logicalColumnName'DTYPE', discriminatorTypeName='string'}
[DEBUG] 2020-03-02 00:19:57.612 [main] EntityBinder - Import with entity name PracticeHack
[DEBUG] 2020-03-02 00:19:57.615 [main] EntityBinder - Bind entity stalterclouse.elspeth.entity.PracticeHack on table practice_hacks
[DEBUG] 2020-03-02 00:19:57.616 [main] Ejb3Column - Binding column: Ejb3Column{table=org.hibernate.mapping.Table(practice_hacks), mappingColumn=id, insertable=true, updatable=true, unique=false}
[DEBUG] 2020-03-02 00:19:57.617 [main] PropertyBinder - MetadataSourceProcessor property id with lazy=false
[DEBUG] 2020-03-02 00:19:57.617 [main] AbstractPropertyHolder - Attempting to locate auto-apply AttributeConverter for property [stalterclouse.elspeth.entity.PracticeHack:id]
[DEBUG] 2020-03-02 00:19:57.617 [main] SimpleValueBinder - building SimpleValue for id
[DEBUG] 2020-03-02 00:19:57.617 [main] PropertyBinder - Building property id
[DEBUG] 2020-03-02 00:19:57.617 [main] BinderHelper - #makeIdGenerator(org.hibernate.mapping.SimpleValue([org.hibernate.mapping.Column(id)]), id, org.hibernate.id.enhanced.SequenceStyleGenerator, native, ...)
[DEBUG] 2020-03-02 00:19:57.618 [main] Ejb3Column - Binding column: Ejb3Column{table=org.hibernate.mapping.Table(practice_hacks), mappingColumn=instrument, insertable=true, updatable=true, unique=false}
[DEBUG] 2020-03-02 00:19:57.618 [main] PropertyBinder - MetadataSourceProcessor property instrument with lazy=false
[DEBUG] 2020-03-02 00:19:57.618 [main] AbstractPropertyHolder - Attempting to locate auto-apply AttributeConverter for property [stalterclouse.elspeth.entity.PracticeHack:instrument]
[DEBUG] 2020-03-02 00:19:57.620 [main] SimpleValueBinder - building SimpleValue for instrument
[DEBUG] 2020-03-02 00:19:57.621 [main] PropertyBinder - Building property instrument
[DEBUG] 2020-03-02 00:19:57.621 [main] Ejb3Column - Binding column: Ejb3Column{table=org.hibernate.mapping.Table(practice_hacks), mappingColumn=text_body, insertable=true, updatable=true, unique=false}
[DEBUG] 2020-03-02 00:19:57.621 [main] PropertyBinder - MetadataSourceProcessor property practiceHack with lazy=false
[DEBUG] 2020-03-02 00:19:57.621 [main] AbstractPropertyHolder - Attempting to locate auto-apply AttributeConverter for property [stalterclouse.elspeth.entity.PracticeHack:practiceHack]
[DEBUG] 2020-03-02 00:19:57.621 [main] SimpleValueBinder - building SimpleValue for practiceHack
[DEBUG] 2020-03-02 00:19:57.621 [main] PropertyBinder - Building property practiceHack
[DEBUG] 2020-03-02 00:19:57.621 [main] Ejb3Column - Binding column: Ejb3Column{table=org.hibernate.mapping.Table(practice_hacks), mappingColumn=skill_level, insertable=true, updatable=true, unique=false}
[DEBUG] 2020-03-02 00:19:57.621 [main] PropertyBinder - MetadataSourceProcessor property skillLevel with lazy=false
[DEBUG] 2020-03-02 00:19:57.622 [main] AbstractPropertyHolder - Attempting to locate auto-apply AttributeConverter for property [stalterclouse.elspeth.entity.PracticeHack:skillLevel]
[DEBUG] 2020-03-02 00:19:57.622 [main] SimpleValueBinder - building SimpleValue for skillLevel
[DEBUG] 2020-03-02 00:19:57.623 [main] PropertyBinder - Building property skillLevel
[DEBUG] 2020-03-02 00:19:57.623 [main] Ejb3Column - Binding column: Ejb3JoinColumn{logicalColumnName='null', referencedColumn='null', mappedBy='null'}
[DEBUG] 2020-03-02 00:19:57.623 [main] Ejb3Column - Binding column: Ejb3Column{table=org.hibernate.mapping.Table(practice_hacks), mappingColumn=user, insertable=true, updatable=true, unique=false}
[DEBUG] 2020-03-02 00:19:57.623 [main] PropertyBinder - Building property user
[DEBUG] 2020-03-02 00:19:57.623 [main] AnnotationBinder - Binding entity from annotated class: stalterclouse.elspeth.entity.Studio
[DEBUG] 2020-03-02 00:19:57.623 [main] Ejb3Column - Binding column: Ejb3DiscriminatorColumn{logicalColumnName'DTYPE', discriminatorTypeName='string'}
[DEBUG] 2020-03-02 00:19:57.623 [main] EntityBinder - Import with entity name Studio
[DEBUG] 2020-03-02 00:19:57.623 [main] EntityBinder - Bind entity stalterclouse.elspeth.entity.Studio on table studios
[DEBUG] 2020-03-02 00:19:57.626 [main] Ejb3Column - Binding column: Ejb3Column{table=org.hibernate.mapping.Table(studios), mappingColumn=id, insertable=true, updatable=true, unique=false}
[DEBUG] 2020-03-02 00:19:57.626 [main] PropertyBinder - MetadataSourceProcessor property id with lazy=false
[DEBUG] 2020-03-02 00:19:57.626 [main] AbstractPropertyHolder - Attempting to locate auto-apply AttributeConverter for property [stalterclouse.elspeth.entity.Studio:id]
[DEBUG] 2020-03-02 00:19:57.626 [main] SimpleValueBinder - building SimpleValue for id
[DEBUG] 2020-03-02 00:19:57.626 [main] PropertyBinder - Building property id
[DEBUG] 2020-03-02 00:19:57.627 [main] BinderHelper - #makeIdGenerator(org.hibernate.mapping.SimpleValue([org.hibernate.mapping.Column(id)]), id, org.hibernate.id.enhanced.SequenceStyleGenerator, native, ...)
[DEBUG] 2020-03-02 00:19:57.627 [main] Ejb3Column - Binding column: Ejb3Column{table=org.hibernate.mapping.Table(studios), mappingColumn=instrument, insertable=true, updatable=true, unique=false}
[DEBUG] 2020-03-02 00:19:57.627 [main] PropertyBinder - MetadataSourceProcessor property instrument with lazy=false
[DEBUG] 2020-03-02 00:19:57.627 [main] AbstractPropertyHolder - Attempting to locate auto-apply AttributeConverter for property [stalterclouse.elspeth.entity.Studio:instrument]
[DEBUG] 2020-03-02 00:19:57.627 [main] SimpleValueBinder - building SimpleValue for instrument
[DEBUG] 2020-03-02 00:19:57.627 [main] PropertyBinder - Building property instrument
[DEBUG] 2020-03-02 00:19:57.627 [main] Ejb3Column - Binding column: Ejb3Column{table=org.hibernate.mapping.Table(studios), mappingColumn=null, insertable=true, updatable=true, unique=false}
[DEBUG] 2020-03-02 00:19:57.627 [main] Ejb3Column - Binding column: Ejb3Column{table=org.hibernate.mapping.Table(studios), mappingColumn=element, insertable=true, updatable=true, unique=false}
[DEBUG] 2020-03-02 00:19:57.627 [main] Ejb3Column - Binding column: Ejb3Column{table=org.hibernate.mapping.Table(studios), mappingColumn=studentsInStudio_KEY, insertable=true, updatable=true, unique=false}
[DEBUG] 2020-03-02 00:19:57.627 [main] Ejb3Column - Binding column: Ejb3JoinColumn{logicalColumnName='studentsInStudio_KEY', referencedColumn='null', mappedBy='null'}
[DEBUG] 2020-03-02 00:19:57.628 [main] Ejb3Column - Binding column: Ejb3JoinColumn{logicalColumnName='studio_id', referencedColumn='', mappedBy=''}
[DEBUG] 2020-03-02 00:19:57.628 [main] Ejb3Column - Binding column: Ejb3JoinColumn{logicalColumnName='student_id', referencedColumn='', mappedBy=''}
[DEBUG] 2020-03-02 00:19:57.628 [main] CollectionBinder - Collection role: stalterclouse.elspeth.entity.Studio.studentsInStudio
[DEBUG] 2020-03-02 00:19:57.628 [main] PropertyBinder - Building property studentsInStudio
[DEBUG] 2020-03-02 00:19:57.628 [main] Ejb3Column - Binding column: Ejb3JoinColumn{logicalColumnName='null', referencedColumn='null', mappedBy='null'}
[DEBUG] 2020-03-02 00:19:57.628 [main] Ejb3Column - Binding column: Ejb3Column{table=org.hibernate.mapping.Table(studios), mappingColumn=teacher, insertable=true, updatable=true, unique=false}
[DEBUG] 2020-03-02 00:19:57.628 [main] PropertyBinder - Building property teacher
[DEBUG] 2020-03-02 00:19:57.629 [main] SimpleValueBinder - Starting fillSimpleValue for id
[DEBUG] 2020-03-02 00:19:57.629 [main] SimpleValueBinder - Starting fillSimpleValue for birthDate
[DEBUG] 2020-03-02 00:19:57.629 [main] SimpleValueBinder - Starting fillSimpleValue for email
[DEBUG] 2020-03-02 00:19:57.630 [main] SimpleValueBinder - Starting fillSimpleValue for firstName
[DEBUG] 2020-03-02 00:19:57.630 [main] SimpleValueBinder - Starting fillSimpleValue for instrument
[DEBUG] 2020-03-02 00:19:57.630 [main] SimpleValueBinder - Starting fillSimpleValue for lastName
[DEBUG] 2020-03-02 00:19:57.630 [main] SimpleValueBinder - Starting fillSimpleValue for password
[DEBUG] 2020-03-02 00:19:57.630 [main] SimpleValueBinder - Starting fillSimpleValue for practiceCounter
[DEBUG] 2020-03-02 00:19:57.630 [main] SimpleValueBinder - Starting fillSimpleValue for skillLevel
[DEBUG] 2020-03-02 00:19:57.630 [main] SimpleValueBinder - Starting fillSimpleValue for username
[DEBUG] 2020-03-02 00:19:57.630 [main] SimpleValueBinder - Starting fillSimpleValue for id
[DEBUG] 2020-03-02 00:19:57.630 [main] SimpleValueBinder - Starting fillSimpleValue for role
[DEBUG] 2020-03-02 00:19:57.630 [main] SimpleValueBinder - Starting fillSimpleValue for username
[DEBUG] 2020-03-02 00:19:57.630 [main] SimpleValueBinder - Starting fillSimpleValue for id
[DEBUG] 2020-03-02 00:19:57.630 [main] SimpleValueBinder - Starting fillSimpleValue for activities
[DEBUG] 2020-03-02 00:19:57.630 [main] SimpleValueBinder - Starting fillSimpleValue for endTime
[DEBUG] 2020-03-02 00:19:57.630 [main] SimpleValueBinder - Starting fillSimpleValue for notes
[DEBUG] 2020-03-02 00:19:57.630 [main] SimpleValueBinder - Starting fillSimpleValue for practiceDate
[DEBUG] 2020-03-02 00:19:57.630 [main] SimpleValueBinder - Starting fillSimpleValue for startTime
[DEBUG] 2020-03-02 00:19:57.630 [main] SimpleValueBinder - Starting fillSimpleValue for teacherComments
[DEBUG] 2020-03-02 00:19:57.630 [main] SimpleValueBinder - Starting fillSimpleValue for id
[DEBUG] 2020-03-02 00:19:57.631 [main] SimpleValueBinder - Starting fillSimpleValue for instrument
[DEBUG] 2020-03-02 00:19:57.631 [main] SimpleValueBinder - Starting fillSimpleValue for practiceHack
[DEBUG] 2020-03-02 00:19:57.631 [main] SimpleValueBinder - Starting fillSimpleValue for skillLevel
[DEBUG] 2020-03-02 00:19:57.631 [main] SimpleValueBinder - Starting fillSimpleValue for id
[DEBUG] 2020-03-02 00:19:57.631 [main] SimpleValueBinder - Starting fillSimpleValue for instrument
[DEBUG] 2020-03-02 00:19:57.635 [main] PrimaryKey - Forcing column [id] to be non-null as it is part of the primary key for table [users]
[DEBUG] 2020-03-02 00:19:57.635 [main] PrimaryKey - Forcing column [id] to be non-null as it is part of the primary key for table [user_roles]
[DEBUG] 2020-03-02 00:19:57.636 [main] PrimaryKey - Forcing column [id] to be non-null as it is part of the primary key for table [practice_logs]
[DEBUG] 2020-03-02 00:19:57.636 [main] PrimaryKey - Forcing column [id] to be non-null as it is part of the primary key for table [practice_hacks]
[DEBUG] 2020-03-02 00:19:57.636 [main] PrimaryKey - Forcing column [id] to be non-null as it is part of the primary key for table [studios]
[DEBUG] 2020-03-02 00:19:57.636 [main] CollectionSecondPass - Second pass for collection: stalterclouse.elspeth.entity.Studio.studentsInStudio
[DEBUG] 2020-03-02 00:19:57.636 [main] CollectionBinder - Binding as ManyToMany: stalterclouse.elspeth.entity.Studio.studentsInStudio
[DEBUG] 2020-03-02 00:19:57.639 [main] PrimaryKey - Forcing column [studio_id] to be non-null as it is part of the primary key for table [studio_students]
[DEBUG] 2020-03-02 00:19:57.639 [main] PrimaryKey - Forcing column [student_id] to be non-null as it is part of the primary key for table [studio_students]
[DEBUG] 2020-03-02 00:19:57.640 [main] CollectionSecondPass - Mapped collection key: studio_id, element: student_id
[DEBUG] 2020-03-02 00:19:57.640 [main] CollectionSecondPass - Second pass for collection: stalterclouse.elspeth.entity.User.practiceHacks
[DEBUG] 2020-03-02 00:19:57.641 [main] CollectionBinder - Binding a OneToMany: stalterclouse.elspeth.entity.User.practiceHacks through a foreign key
[DEBUG] 2020-03-02 00:19:57.641 [main] CollectionBinder - Mapping collection: stalterclouse.elspeth.entity.User.practiceHacks -> practice_hacks
[DEBUG] 2020-03-02 00:19:57.641 [main] TableBinder - Retrieving property stalterclouse.elspeth.entity.PracticeHack.user
[DEBUG] 2020-03-02 00:19:57.641 [main] CollectionSecondPass - Mapped collection key: user_id, one-to-many: stalterclouse.elspeth.entity.PracticeHack
[DEBUG] 2020-03-02 00:19:57.641 [main] CollectionSecondPass - Second pass for collection: stalterclouse.elspeth.entity.User.practiceLogs
[DEBUG] 2020-03-02 00:19:57.641 [main] CollectionBinder - Binding a OneToMany: stalterclouse.elspeth.entity.User.practiceLogs through a foreign key
[DEBUG] 2020-03-02 00:19:57.641 [main] CollectionBinder - Mapping collection: stalterclouse.elspeth.entity.User.practiceLogs -> practice_logs
[DEBUG] 2020-03-02 00:19:57.642 [main] TableBinder - Retrieving property stalterclouse.elspeth.entity.PracticeLog.user
[DEBUG] 2020-03-02 00:19:57.642 [main] CollectionSecondPass - Mapped collection key: user_id, one-to-many: stalterclouse.elspeth.entity.PracticeLog
[DEBUG] 2020-03-02 00:19:57.644 [main] PropertyBinder - Building property role
